
===========================================================================
report_checks -path_delay min (Hold)
============================================================================
======================= Typical Corner ===================================

Startpoint: _29_ (rising edge-triggered flip-flop clocked by sclk)
Endpoint: _28_ (rising edge-triggered flip-flop clocked by sclk)
Path Group: sclk
Path Type: min

Fanout     Cap    Slew   Delay    Time   Description
-----------------------------------------------------------------------------
                  0.15    0.00    0.00   clock sclk (rise edge)
                          0.00    0.00   clock network delay (ideal)
                  0.15    0.00    0.00 ^ _29_/CLK (sky130_fd_sc_hd__dfrtp_1)
     3    0.01    0.07    0.35    0.35 ^ _29_/Q (sky130_fd_sc_hd__dfrtp_1)
                                         net5 (net)
                  0.07    0.00    0.35 ^ _14_/A0 (sky130_fd_sc_hd__mux2_1)
     1    0.00    0.04    0.11    0.47 ^ _14_/X (sky130_fd_sc_hd__mux2_1)
                                         _07_ (net)
                  0.04    0.00    0.47 ^ _15_/A (sky130_fd_sc_hd__clkbuf_1)
     1    0.00    0.04    0.07    0.53 ^ _15_/X (sky130_fd_sc_hd__clkbuf_1)
                                         _05_ (net)
                  0.04    0.00    0.53 ^ _28_/D (sky130_fd_sc_hd__dfrtp_1)
                                  0.53   data arrival time

                  0.15    0.00    0.00   clock sclk (rise edge)
                          0.00    0.00   clock network delay (ideal)
                          0.25    0.25   clock uncertainty
                          0.00    0.25   clock reconvergence pessimism
                                  0.25 ^ _28_/CLK (sky130_fd_sc_hd__dfrtp_1)
                         -0.02    0.23   library hold time
                                  0.23   data required time
-----------------------------------------------------------------------------
                                  0.23   data required time
                                 -0.53   data arrival time
-----------------------------------------------------------------------------
                                  0.30   slack (MET)


Startpoint: _31_ (rising edge-triggered flip-flop clocked by sclk)
Endpoint: _30_ (rising edge-triggered flip-flop clocked by sclk)
Path Group: sclk
Path Type: min

Fanout     Cap    Slew   Delay    Time   Description
-----------------------------------------------------------------------------
                  0.15    0.00    0.00   clock sclk (rise edge)
                          0.00    0.00   clock network delay (ideal)
                  0.15    0.00    0.00 ^ _31_/CLK (sky130_fd_sc_hd__dfrtp_1)
     3    0.01    0.07    0.35    0.35 ^ _31_/Q (sky130_fd_sc_hd__dfrtp_1)
                                         net7 (net)
                  0.07    0.00    0.35 ^ _18_/A0 (sky130_fd_sc_hd__mux2_1)
     1    0.00    0.04    0.11    0.47 ^ _18_/X (sky130_fd_sc_hd__mux2_1)
                                         _09_ (net)
                  0.04    0.00    0.47 ^ _19_/A (sky130_fd_sc_hd__clkbuf_1)
     1    0.00    0.04    0.07    0.53 ^ _19_/X (sky130_fd_sc_hd__clkbuf_1)
                                         _00_ (net)
                  0.04    0.00    0.53 ^ _30_/D (sky130_fd_sc_hd__dfrtp_1)
                                  0.53   data arrival time

                  0.15    0.00    0.00   clock sclk (rise edge)
                          0.00    0.00   clock network delay (ideal)
                          0.25    0.25   clock uncertainty
                          0.00    0.25   clock reconvergence pessimism
                                  0.25 ^ _30_/CLK (sky130_fd_sc_hd__dfrtp_1)
                         -0.02    0.23   library hold time
                                  0.23   data required time
-----------------------------------------------------------------------------
                                  0.23   data required time
                                 -0.53   data arrival time
-----------------------------------------------------------------------------
                                  0.30   slack (MET)


Startpoint: _34_ (rising edge-triggered flip-flop clocked by sclk)
Endpoint: _33_ (rising edge-triggered flip-flop clocked by sclk)
Path Group: sclk
Path Type: min

Fanout     Cap    Slew   Delay    Time   Description
-----------------------------------------------------------------------------
                  0.15    0.00    0.00   clock sclk (rise edge)
                          0.00    0.00   clock network delay (ideal)
                  0.15    0.00    0.00 ^ _34_/CLK (sky130_fd_sc_hd__dfrtp_1)
     3    0.01    0.07    0.35    0.35 ^ _34_/Q (sky130_fd_sc_hd__dfrtp_1)
                                         net10 (net)
                  0.07    0.00    0.35 ^ _24_/A0 (sky130_fd_sc_hd__mux2_1)
     1    0.00    0.04    0.11    0.47 ^ _24_/X (sky130_fd_sc_hd__mux2_1)
                                         _12_ (net)
                  0.04    0.00    0.47 ^ _25_/A (sky130_fd_sc_hd__clkbuf_1)
     1    0.00    0.04    0.07    0.53 ^ _25_/X (sky130_fd_sc_hd__clkbuf_1)
                                         _03_ (net)
                  0.04    0.00    0.53 ^ _33_/D (sky130_fd_sc_hd__dfrtp_1)
                                  0.53   data arrival time

                  0.15    0.00    0.00   clock sclk (rise edge)
                          0.00    0.00   clock network delay (ideal)
                          0.25    0.25   clock uncertainty
                          0.00    0.25   clock reconvergence pessimism
                                  0.25 ^ _33_/CLK (sky130_fd_sc_hd__dfrtp_1)
                         -0.02    0.23   library hold time
                                  0.23   data required time
-----------------------------------------------------------------------------
                                  0.23   data required time
                                 -0.53   data arrival time
-----------------------------------------------------------------------------
                                  0.30   slack (MET)


Startpoint: _31_ (rising edge-triggered flip-flop clocked by sclk)
Endpoint: _31_ (rising edge-triggered flip-flop clocked by sclk)
Path Group: sclk
Path Type: min

Fanout     Cap    Slew   Delay    Time   Description
-----------------------------------------------------------------------------
                  0.15    0.00    0.00   clock sclk (rise edge)
                          0.00    0.00   clock network delay (ideal)
                  0.15    0.00    0.00 ^ _31_/CLK (sky130_fd_sc_hd__dfrtp_1)
     3    0.01    0.07    0.35    0.35 ^ _31_/Q (sky130_fd_sc_hd__dfrtp_1)
                                         net7 (net)
                  0.07    0.00    0.35 ^ _20_/A1 (sky130_fd_sc_hd__mux2_1)
     1    0.00    0.04    0.11    0.47 ^ _20_/X (sky130_fd_sc_hd__mux2_1)
                                         _10_ (net)
                  0.04    0.00    0.47 ^ _21_/A (sky130_fd_sc_hd__clkbuf_1)
     1    0.00    0.04    0.07    0.54 ^ _21_/X (sky130_fd_sc_hd__clkbuf_1)
                                         _01_ (net)
                  0.04    0.00    0.54 ^ _31_/D (sky130_fd_sc_hd__dfrtp_1)
                                  0.54   data arrival time

                  0.15    0.00    0.00   clock sclk (rise edge)
                          0.00    0.00   clock network delay (ideal)
                          0.25    0.25   clock uncertainty
                          0.00    0.25   clock reconvergence pessimism
                                  0.25 ^ _31_/CLK (sky130_fd_sc_hd__dfrtp_1)
                         -0.02    0.23   library hold time
                                  0.23   data required time
-----------------------------------------------------------------------------
                                  0.23   data required time
                                 -0.54   data arrival time
-----------------------------------------------------------------------------
                                  0.31   slack (MET)


Startpoint: _34_ (rising edge-triggered flip-flop clocked by sclk)
Endpoint: _34_ (rising edge-triggered flip-flop clocked by sclk)
Path Group: sclk
Path Type: min

Fanout     Cap    Slew   Delay    Time   Description
-----------------------------------------------------------------------------
                  0.15    0.00    0.00   clock sclk (rise edge)
                          0.00    0.00   clock network delay (ideal)
                  0.15    0.00    0.00 ^ _34_/CLK (sky130_fd_sc_hd__dfrtp_1)
     3    0.01    0.07    0.35    0.35 ^ _34_/Q (sky130_fd_sc_hd__dfrtp_1)
                                         net10 (net)
                  0.07    0.00    0.35 ^ _26_/A1 (sky130_fd_sc_hd__mux2_1)
     1    0.00    0.04    0.11    0.47 ^ _26_/X (sky130_fd_sc_hd__mux2_1)
                                         _13_ (net)
                  0.04    0.00    0.47 ^ _27_/A (sky130_fd_sc_hd__clkbuf_1)
     1    0.00    0.04    0.07    0.54 ^ _27_/X (sky130_fd_sc_hd__clkbuf_1)
                                         _04_ (net)
                  0.04    0.00    0.54 ^ _34_/D (sky130_fd_sc_hd__dfrtp_1)
                                  0.54   data arrival time

                  0.15    0.00    0.00   clock sclk (rise edge)
                          0.00    0.00   clock network delay (ideal)
                          0.25    0.25   clock uncertainty
                          0.00    0.25   clock reconvergence pessimism
                                  0.25 ^ _34_/CLK (sky130_fd_sc_hd__dfrtp_1)
                         -0.02    0.23   library hold time
                                  0.23   data required time
-----------------------------------------------------------------------------
                                  0.23   data required time
                                 -0.54   data arrival time
-----------------------------------------------------------------------------
                                  0.31   slack (MET)


Startpoint: _32_ (rising edge-triggered flip-flop clocked by sclk)
Endpoint: _32_ (rising edge-triggered flip-flop clocked by sclk)
Path Group: sclk
Path Type: min

Fanout     Cap    Slew   Delay    Time   Description
-----------------------------------------------------------------------------
                  0.15    0.00    0.00   clock sclk (rise edge)
                          0.00    0.00   clock network delay (ideal)
                  0.15    0.00    0.00 ^ _32_/CLK (sky130_fd_sc_hd__dfrtp_1)
     3    0.01    0.07    0.35    0.35 ^ _32_/Q (sky130_fd_sc_hd__dfrtp_1)
                                         net8 (net)
                  0.07    0.00    0.35 ^ _22_/A1 (sky130_fd_sc_hd__mux2_1)
     1    0.00    0.04    0.12    0.47 ^ _22_/X (sky130_fd_sc_hd__mux2_1)
                                         _11_ (net)
                  0.04    0.00    0.47 ^ _23_/A (sky130_fd_sc_hd__clkbuf_1)
     1    0.00    0.04    0.07    0.54 ^ _23_/X (sky130_fd_sc_hd__clkbuf_1)
                                         _02_ (net)
                  0.04    0.00    0.54 ^ _32_/D (sky130_fd_sc_hd__dfrtp_1)
                                  0.54   data arrival time

                  0.15    0.00    0.00   clock sclk (rise edge)
                          0.00    0.00   clock network delay (ideal)
                          0.25    0.25   clock uncertainty
                          0.00    0.25   clock reconvergence pessimism
                                  0.25 ^ _32_/CLK (sky130_fd_sc_hd__dfrtp_1)
                         -0.02    0.23   library hold time
                                  0.23   data required time
-----------------------------------------------------------------------------
                                  0.23   data required time
                                 -0.54   data arrival time
-----------------------------------------------------------------------------
                                  0.31   slack (MET)


Startpoint: _29_ (rising edge-triggered flip-flop clocked by sclk)
Endpoint: _29_ (rising edge-triggered flip-flop clocked by sclk)
Path Group: sclk
Path Type: min

Fanout     Cap    Slew   Delay    Time   Description
-----------------------------------------------------------------------------
                  0.15    0.00    0.00   clock sclk (rise edge)
                          0.00    0.00   clock network delay (ideal)
                  0.15    0.00    0.00 ^ _29_/CLK (sky130_fd_sc_hd__dfrtp_1)
     3    0.01    0.07    0.35    0.35 ^ _29_/Q (sky130_fd_sc_hd__dfrtp_1)
                                         net5 (net)
                  0.07    0.00    0.35 ^ _16_/A1 (sky130_fd_sc_hd__mux2_1)
     1    0.00    0.03    0.11    0.47 ^ _16_/X (sky130_fd_sc_hd__mux2_1)
                                         _08_ (net)
                  0.03    0.00    0.47 ^ hold3/A (sky130_fd_sc_hd__dlygate4sd3_1)
     1    0.00    0.05    0.50    0.96 ^ hold3/X (sky130_fd_sc_hd__dlygate4sd3_1)
                                         net14 (net)
                  0.05    0.00    0.96 ^ _17_/A (sky130_fd_sc_hd__clkbuf_1)
     1    0.00    0.04    0.07    1.04 ^ _17_/X (sky130_fd_sc_hd__clkbuf_1)
                                         _06_ (net)
                  0.04    0.00    1.04 ^ _29_/D (sky130_fd_sc_hd__dfrtp_1)
                                  1.04   data arrival time

                  0.15    0.00    0.00   clock sclk (rise edge)
                          0.00    0.00   clock network delay (ideal)
                          0.25    0.25   clock uncertainty
                          0.00    0.25   clock reconvergence pessimism
                                  0.25 ^ _29_/CLK (sky130_fd_sc_hd__dfrtp_1)
                         -0.02    0.23   library hold time
                                  0.23   data required time
-----------------------------------------------------------------------------
                                  0.23   data required time
                                 -1.04   data arrival time
-----------------------------------------------------------------------------
                                  0.81   slack (MET)


Startpoint: reset (input port clocked by sclk)
Endpoint: _28_ (removal check against rising-edge clock sclk)
Path Group: asynchronous
Path Type: min

Fanout     Cap    Slew   Delay    Time   Description
-----------------------------------------------------------------------------
                  0.15    0.00    0.00   clock sclk (rise edge)
                          0.00    0.00   clock network delay (ideal)
                          2.00    2.00 ^ input external delay
     1    0.00    0.02    0.01    2.01 ^ reset (in)
                                         reset (net)
                  0.02    0.00    2.01 ^ input1/A (sky130_fd_sc_hd__clkbuf_4)
     7    0.03    0.09    0.15    2.16 ^ input1/X (sky130_fd_sc_hd__clkbuf_4)
                                         net1 (net)
                  0.09    0.00    2.16 ^ _28_/RESET_B (sky130_fd_sc_hd__dfrtp_1)
                                  2.16   data arrival time

                  0.15    0.00    0.00   clock sclk (rise edge)
                          0.00    0.00   clock network delay (ideal)
                          0.25    0.25   clock uncertainty
                          0.00    0.25   clock reconvergence pessimism
                                  0.25 ^ _28_/CLK (sky130_fd_sc_hd__dfrtp_1)
                          0.36    0.61   library removal time
                                  0.61   data required time
-----------------------------------------------------------------------------
                                  0.61   data required time
                                 -2.16   data arrival time
-----------------------------------------------------------------------------
                                  1.55   slack (MET)


Startpoint: reset (input port clocked by sclk)
Endpoint: _29_ (removal check against rising-edge clock sclk)
Path Group: asynchronous
Path Type: min

Fanout     Cap    Slew   Delay    Time   Description
-----------------------------------------------------------------------------
                  0.15    0.00    0.00   clock sclk (rise edge)
                          0.00    0.00   clock network delay (ideal)
                          2.00    2.00 ^ input external delay
     1    0.00    0.02    0.01    2.01 ^ reset (in)
                                         reset (net)
                  0.02    0.00    2.01 ^ input1/A (sky130_fd_sc_hd__clkbuf_4)
     7    0.03    0.09    0.15    2.16 ^ input1/X (sky130_fd_sc_hd__clkbuf_4)
                                         net1 (net)
                  0.09    0.00    2.16 ^ _29_/RESET_B (sky130_fd_sc_hd__dfrtp_1)
                                  2.16   data arrival time

                  0.15    0.00    0.00   clock sclk (rise edge)
                          0.00    0.00   clock network delay (ideal)
                          0.25    0.25   clock uncertainty
                          0.00    0.25   clock reconvergence pessimism
                                  0.25 ^ _29_/CLK (sky130_fd_sc_hd__dfrtp_1)
                          0.36    0.61   library removal time
                                  0.61   data required time
-----------------------------------------------------------------------------
                                  0.61   data required time
                                 -2.16   data arrival time
-----------------------------------------------------------------------------
                                  1.55   slack (MET)


Startpoint: reset (input port clocked by sclk)
Endpoint: _30_ (removal check against rising-edge clock sclk)
Path Group: asynchronous
Path Type: min

Fanout     Cap    Slew   Delay    Time   Description
-----------------------------------------------------------------------------
                  0.15    0.00    0.00   clock sclk (rise edge)
                          0.00    0.00   clock network delay (ideal)
                          2.00    2.00 ^ input external delay
     1    0.00    0.02    0.01    2.01 ^ reset (in)
                                         reset (net)
                  0.02    0.00    2.01 ^ input1/A (sky130_fd_sc_hd__clkbuf_4)
     7    0.03    0.09    0.15    2.16 ^ input1/X (sky130_fd_sc_hd__clkbuf_4)
                                         net1 (net)
                  0.09    0.00    2.16 ^ _30_/RESET_B (sky130_fd_sc_hd__dfrtp_1)
                                  2.16   data arrival time

                  0.15    0.00    0.00   clock sclk (rise edge)
                          0.00    0.00   clock network delay (ideal)
                          0.25    0.25   clock uncertainty
                          0.00    0.25   clock reconvergence pessimism
                                  0.25 ^ _30_/CLK (sky130_fd_sc_hd__dfrtp_1)
                          0.36    0.61   library removal time
                                  0.61   data required time
-----------------------------------------------------------------------------
                                  0.61   data required time
                                 -2.16   data arrival time
-----------------------------------------------------------------------------
                                  1.55   slack (MET)


Startpoint: reset (input port clocked by sclk)
Endpoint: _31_ (removal check against rising-edge clock sclk)
Path Group: asynchronous
Path Type: min

Fanout     Cap    Slew   Delay    Time   Description
-----------------------------------------------------------------------------
                  0.15    0.00    0.00   clock sclk (rise edge)
                          0.00    0.00   clock network delay (ideal)
                          2.00    2.00 ^ input external delay
     1    0.00    0.02    0.01    2.01 ^ reset (in)
                                         reset (net)
                  0.02    0.00    2.01 ^ input1/A (sky130_fd_sc_hd__clkbuf_4)
     7    0.03    0.09    0.15    2.16 ^ input1/X (sky130_fd_sc_hd__clkbuf_4)
                                         net1 (net)
                  0.09    0.00    2.16 ^ _31_/RESET_B (sky130_fd_sc_hd__dfrtp_1)
                                  2.16   data arrival time

                  0.15    0.00    0.00   clock sclk (rise edge)
                          0.00    0.00   clock network delay (ideal)
                          0.25    0.25   clock uncertainty
                          0.00    0.25   clock reconvergence pessimism
                                  0.25 ^ _31_/CLK (sky130_fd_sc_hd__dfrtp_1)
                          0.36    0.61   library removal time
                                  0.61   data required time
-----------------------------------------------------------------------------
                                  0.61   data required time
                                 -2.16   data arrival time
-----------------------------------------------------------------------------
                                  1.55   slack (MET)


Startpoint: reset (input port clocked by sclk)
Endpoint: _32_ (removal check against rising-edge clock sclk)
Path Group: asynchronous
Path Type: min

Fanout     Cap    Slew   Delay    Time   Description
-----------------------------------------------------------------------------
                  0.15    0.00    0.00   clock sclk (rise edge)
                          0.00    0.00   clock network delay (ideal)
                          2.00    2.00 ^ input external delay
     1    0.00    0.02    0.01    2.01 ^ reset (in)
                                         reset (net)
                  0.02    0.00    2.01 ^ input1/A (sky130_fd_sc_hd__clkbuf_4)
     7    0.03    0.09    0.15    2.16 ^ input1/X (sky130_fd_sc_hd__clkbuf_4)
                                         net1 (net)
                  0.09    0.00    2.16 ^ _32_/RESET_B (sky130_fd_sc_hd__dfrtp_1)
                                  2.16   data arrival time

                  0.15    0.00    0.00   clock sclk (rise edge)
                          0.00    0.00   clock network delay (ideal)
                          0.25    0.25   clock uncertainty
                          0.00    0.25   clock reconvergence pessimism
                                  0.25 ^ _32_/CLK (sky130_fd_sc_hd__dfrtp_1)
                          0.36    0.61   library removal time
                                  0.61   data required time
-----------------------------------------------------------------------------
                                  0.61   data required time
                                 -2.16   data arrival time
-----------------------------------------------------------------------------
                                  1.55   slack (MET)


Startpoint: reset (input port clocked by sclk)
Endpoint: _33_ (removal check against rising-edge clock sclk)
Path Group: asynchronous
Path Type: min

Fanout     Cap    Slew   Delay    Time   Description
-----------------------------------------------------------------------------
                  0.15    0.00    0.00   clock sclk (rise edge)
                          0.00    0.00   clock network delay (ideal)
                          2.00    2.00 ^ input external delay
     1    0.00    0.02    0.01    2.01 ^ reset (in)
                                         reset (net)
                  0.02    0.00    2.01 ^ input1/A (sky130_fd_sc_hd__clkbuf_4)
     7    0.03    0.09    0.15    2.16 ^ input1/X (sky130_fd_sc_hd__clkbuf_4)
                                         net1 (net)
                  0.09    0.00    2.16 ^ _33_/RESET_B (sky130_fd_sc_hd__dfrtp_1)
                                  2.16   data arrival time

                  0.15    0.00    0.00   clock sclk (rise edge)
                          0.00    0.00   clock network delay (ideal)
                          0.25    0.25   clock uncertainty
                          0.00    0.25   clock reconvergence pessimism
                                  0.25 ^ _33_/CLK (sky130_fd_sc_hd__dfrtp_1)
                          0.36    0.61   library removal time
                                  0.61   data required time
-----------------------------------------------------------------------------
                                  0.61   data required time
                                 -2.16   data arrival time
-----------------------------------------------------------------------------
                                  1.55   slack (MET)


Startpoint: reset (input port clocked by sclk)
Endpoint: _34_ (removal check against rising-edge clock sclk)
Path Group: asynchronous
Path Type: min

Fanout     Cap    Slew   Delay    Time   Description
-----------------------------------------------------------------------------
                  0.15    0.00    0.00   clock sclk (rise edge)
                          0.00    0.00   clock network delay (ideal)
                          2.00    2.00 ^ input external delay
     1    0.00    0.02    0.01    2.01 ^ reset (in)
                                         reset (net)
                  0.02    0.00    2.01 ^ input1/A (sky130_fd_sc_hd__clkbuf_4)
     7    0.03    0.09    0.15    2.16 ^ input1/X (sky130_fd_sc_hd__clkbuf_4)
                                         net1 (net)
                  0.09    0.00    2.16 ^ _34_/RESET_B (sky130_fd_sc_hd__dfrtp_1)
                                  2.16   data arrival time

                  0.15    0.00    0.00   clock sclk (rise edge)
                          0.00    0.00   clock network delay (ideal)
                          0.25    0.25   clock uncertainty
                          0.00    0.25   clock reconvergence pessimism
                                  0.25 ^ _34_/CLK (sky130_fd_sc_hd__dfrtp_1)
                          0.36    0.61   library removal time
                                  0.61   data required time
-----------------------------------------------------------------------------
                                  0.61   data required time
                                 -2.16   data arrival time
-----------------------------------------------------------------------------
                                  1.55   slack (MET)


Startpoint: _28_ (rising edge-triggered flip-flop clocked by sclk)
Endpoint: data[0] (output port clocked by sclk)
Path Group: sclk
Path Type: min

Fanout     Cap    Slew   Delay    Time   Description
-----------------------------------------------------------------------------
                  0.15    0.00    0.00   clock sclk (rise edge)
                          0.00    0.00   clock network delay (ideal)
                  0.15    0.00    0.00 ^ _28_/CLK (sky130_fd_sc_hd__dfrtp_1)
     2    0.00    0.06    0.34    0.34 ^ _28_/Q (sky130_fd_sc_hd__dfrtp_1)
                                         net4 (net)
                  0.06    0.00    0.34 ^ output4/A (sky130_fd_sc_hd__clkbuf_4)
     1    0.03    0.11    0.18    0.52 ^ output4/X (sky130_fd_sc_hd__clkbuf_4)
                                         data[0] (net)
                  0.11    0.00    0.52 ^ data[0] (out)
                                  0.52   data arrival time

                  0.15    0.00    0.00   clock sclk (rise edge)
                          0.00    0.00   clock network delay (ideal)
                          0.25    0.25   clock uncertainty
                          0.00    0.25   clock reconvergence pessimism
                         -2.00   -1.75   output external delay
                                 -1.75   data required time
-----------------------------------------------------------------------------
                                 -1.75   data required time
                                 -0.52   data arrival time
-----------------------------------------------------------------------------
                                  2.27   slack (MET)


Startpoint: _33_ (rising edge-triggered flip-flop clocked by sclk)
Endpoint: data[5] (output port clocked by sclk)
Path Group: sclk
Path Type: min

Fanout     Cap    Slew   Delay    Time   Description
-----------------------------------------------------------------------------
                  0.15    0.00    0.00   clock sclk (rise edge)
                          0.00    0.00   clock network delay (ideal)
                  0.15    0.00    0.00 ^ _33_/CLK (sky130_fd_sc_hd__dfrtp_1)
     2    0.00    0.06    0.34    0.34 ^ _33_/Q (sky130_fd_sc_hd__dfrtp_1)
                                         net9 (net)
                  0.06    0.00    0.34 ^ output9/A (sky130_fd_sc_hd__clkbuf_4)
     1    0.03    0.11    0.18    0.52 ^ output9/X (sky130_fd_sc_hd__clkbuf_4)
                                         data[5] (net)
                  0.11    0.00    0.52 ^ data[5] (out)
                                  0.52   data arrival time

                  0.15    0.00    0.00   clock sclk (rise edge)
                          0.00    0.00   clock network delay (ideal)
                          0.25    0.25   clock uncertainty
                          0.00    0.25   clock reconvergence pessimism
                         -2.00   -1.75   output external delay
                                 -1.75   data required time
-----------------------------------------------------------------------------
                                 -1.75   data required time
                                 -0.52   data arrival time
-----------------------------------------------------------------------------
                                  2.27   slack (MET)


Startpoint: _30_ (rising edge-triggered flip-flop clocked by sclk)
Endpoint: data[2] (output port clocked by sclk)
Path Group: sclk
Path Type: min

Fanout     Cap    Slew   Delay    Time   Description
-----------------------------------------------------------------------------
                  0.15    0.00    0.00   clock sclk (rise edge)
                          0.00    0.00   clock network delay (ideal)
                  0.15    0.00    0.00 ^ _30_/CLK (sky130_fd_sc_hd__dfrtp_1)
     3    0.01    0.07    0.35    0.35 ^ _30_/Q (sky130_fd_sc_hd__dfrtp_1)
                                         net6 (net)
                  0.07    0.00    0.35 ^ output6/A (sky130_fd_sc_hd__clkbuf_4)
     1    0.03    0.11    0.18    0.54 ^ output6/X (sky130_fd_sc_hd__clkbuf_4)
                                         data[2] (net)
                  0.11    0.00    0.54 ^ data[2] (out)
                                  0.54   data arrival time

                  0.15    0.00    0.00   clock sclk (rise edge)
                          0.00    0.00   clock network delay (ideal)
                          0.25    0.25   clock uncertainty
                          0.00    0.25   clock reconvergence pessimism
                         -2.00   -1.75   output external delay
                                 -1.75   data required time
-----------------------------------------------------------------------------
                                 -1.75   data required time
                                 -0.54   data arrival time
-----------------------------------------------------------------------------
                                  2.29   slack (MET)


Startpoint: _29_ (rising edge-triggered flip-flop clocked by sclk)
Endpoint: data[1] (output port clocked by sclk)
Path Group: sclk
Path Type: min

Fanout     Cap    Slew   Delay    Time   Description
-----------------------------------------------------------------------------
                  0.15    0.00    0.00   clock sclk (rise edge)
                          0.00    0.00   clock network delay (ideal)
                  0.15    0.00    0.00 ^ _29_/CLK (sky130_fd_sc_hd__dfrtp_1)
     3    0.01    0.07    0.35    0.35 ^ _29_/Q (sky130_fd_sc_hd__dfrtp_1)
                                         net5 (net)
                  0.07    0.00    0.35 ^ output5/A (sky130_fd_sc_hd__clkbuf_4)
     1    0.03    0.11    0.18    0.54 ^ output5/X (sky130_fd_sc_hd__clkbuf_4)
                                         data[1] (net)
                  0.11    0.00    0.54 ^ data[1] (out)
                                  0.54   data arrival time

                  0.15    0.00    0.00   clock sclk (rise edge)
                          0.00    0.00   clock network delay (ideal)
                          0.25    0.25   clock uncertainty
                          0.00    0.25   clock reconvergence pessimism
                         -2.00   -1.75   output external delay
                                 -1.75   data required time
-----------------------------------------------------------------------------
                                 -1.75   data required time
                                 -0.54   data arrival time
-----------------------------------------------------------------------------
                                  2.29   slack (MET)


Startpoint: _31_ (rising edge-triggered flip-flop clocked by sclk)
Endpoint: data[3] (output port clocked by sclk)
Path Group: sclk
Path Type: min

Fanout     Cap    Slew   Delay    Time   Description
-----------------------------------------------------------------------------
                  0.15    0.00    0.00   clock sclk (rise edge)
                          0.00    0.00   clock network delay (ideal)
                  0.15    0.00    0.00 ^ _31_/CLK (sky130_fd_sc_hd__dfrtp_1)
     3    0.01    0.07    0.35    0.35 ^ _31_/Q (sky130_fd_sc_hd__dfrtp_1)
                                         net7 (net)
                  0.07    0.00    0.35 ^ output7/A (sky130_fd_sc_hd__clkbuf_4)
     1    0.03    0.11    0.18    0.54 ^ output7/X (sky130_fd_sc_hd__clkbuf_4)
                                         data[3] (net)
                  0.11    0.00    0.54 ^ data[3] (out)
                                  0.54   data arrival time

                  0.15    0.00    0.00   clock sclk (rise edge)
                          0.00    0.00   clock network delay (ideal)
                          0.25    0.25   clock uncertainty
                          0.00    0.25   clock reconvergence pessimism
                         -2.00   -1.75   output external delay
                                 -1.75   data required time
-----------------------------------------------------------------------------
                                 -1.75   data required time
                                 -0.54   data arrival time
-----------------------------------------------------------------------------
                                  2.29   slack (MET)


Startpoint: _34_ (rising edge-triggered flip-flop clocked by sclk)
Endpoint: data[6] (output port clocked by sclk)
Path Group: sclk
Path Type: min

Fanout     Cap    Slew   Delay    Time   Description
-----------------------------------------------------------------------------
                  0.15    0.00    0.00   clock sclk (rise edge)
                          0.00    0.00   clock network delay (ideal)
                  0.15    0.00    0.00 ^ _34_/CLK (sky130_fd_sc_hd__dfrtp_1)
     3    0.01    0.07    0.35    0.35 ^ _34_/Q (sky130_fd_sc_hd__dfrtp_1)
                                         net10 (net)
                  0.07    0.00    0.35 ^ output10/A (sky130_fd_sc_hd__clkbuf_4)
     1    0.03    0.11    0.18    0.54 ^ output10/X (sky130_fd_sc_hd__clkbuf_4)
                                         data[6] (net)
                  0.11    0.00    0.54 ^ data[6] (out)
                                  0.54   data arrival time

                  0.15    0.00    0.00   clock sclk (rise edge)
                          0.00    0.00   clock network delay (ideal)
                          0.25    0.25   clock uncertainty
                          0.00    0.25   clock reconvergence pessimism
                         -2.00   -1.75   output external delay
                                 -1.75   data required time
-----------------------------------------------------------------------------
                                 -1.75   data required time
                                 -0.54   data arrival time
-----------------------------------------------------------------------------
                                  2.29   slack (MET)


Startpoint: _32_ (rising edge-triggered flip-flop clocked by sclk)
Endpoint: data[4] (output port clocked by sclk)
Path Group: sclk
Path Type: min

Fanout     Cap    Slew   Delay    Time   Description
-----------------------------------------------------------------------------
                  0.15    0.00    0.00   clock sclk (rise edge)
                          0.00    0.00   clock network delay (ideal)
                  0.15    0.00    0.00 ^ _32_/CLK (sky130_fd_sc_hd__dfrtp_1)
     3    0.01    0.07    0.35    0.35 ^ _32_/Q (sky130_fd_sc_hd__dfrtp_1)
                                         net8 (net)
                  0.07    0.00    0.35 ^ output8/A (sky130_fd_sc_hd__clkbuf_4)
     1    0.03    0.11    0.18    0.54 ^ output8/X (sky130_fd_sc_hd__clkbuf_4)
                                         data[4] (net)
                  0.11    0.00    0.54 ^ data[4] (out)
                                  0.54   data arrival time

                  0.15    0.00    0.00   clock sclk (rise edge)
                          0.00    0.00   clock network delay (ideal)
                          0.25    0.25   clock uncertainty
                          0.00    0.25   clock reconvergence pessimism
                         -2.00   -1.75   output external delay
                                 -1.75   data required time
-----------------------------------------------------------------------------
                                 -1.75   data required time
                                 -0.54   data arrival time
-----------------------------------------------------------------------------
                                  2.29   slack (MET)



worst slack corner Typical: 0.3032
