OpenSTA 2.4.0 bdc8e944cd Copyright (c) 2023, Parallax Software, Inc.
License GPLv3: GNU GPL version 3 <http://gnu.org/licenses/gpl.html>

This is free software, and you are free to change and redistribute it
under certain conditions; type `show_copying' for details. 
This program comes with ABSOLUTELY NO WARRANTY; for details type `show_warranty'.
define_corners Typical
read_liberty -corner Typical /home/jr_dig/unic-cass/pdks/sky130A/libs.ref/sky130_fd_sc_hd/lib/sky130_fd_sc_hd__tt_025C_1v80.lib
Using 1e-12 for capacitance...
Using 1e+03 for resistance...
Using 1e-09 for time...
Using 1e+00 for voltage...
Using 1e-03 for current...
Using 1e-09 for power...
Using 1e-06 for distance...
Reading netlist '/shift/openlane/sr/runs/RUN_2023.10.27_18.18.11/results/synthesis/sr.v'…
Reading design constraints file at '/openlane/scripts/base.sdc'…
[INFO]: Setting output delay to: 2.0
[INFO]: Setting input delay to: 2.0
[INFO]: Setting load to: 0.033442
[INFO]: Setting clock uncertainty to: 0.25
[INFO]: Setting clock transition to: 0.15
[INFO]: Setting timing derate to: 5.0 %
min_report

===========================================================================
report_checks -path_delay min (Hold)
============================================================================
======================= Typical Corner ===================================

Startpoint: _28_ (rising edge-triggered flip-flop clocked by sclk)
Endpoint: _28_ (rising edge-triggered flip-flop clocked by sclk)
Path Group: sclk
Path Type: min

Fanout     Cap    Slew   Delay    Time   Description
-----------------------------------------------------------------------------
                  0.15    0.00    0.00   clock sclk (rise edge)
                          0.00    0.00   clock network delay (ideal)
                  0.15    0.00    0.00 ^ _28_/CLK (sky130_fd_sc_hd__dfrtp_2)
     2    0.04    0.18    0.47    0.47 ^ _28_/Q (sky130_fd_sc_hd__dfrtp_2)
                                         data[0] (net)
                  0.18    0.00    0.47 ^ _14_/A1 (sky130_fd_sc_hd__mux2_2)
     1    0.00    0.03    0.16    0.63 ^ _14_/X (sky130_fd_sc_hd__mux2_2)
                                         _07_ (net)
                  0.03    0.00    0.63 ^ _15_/A (sky130_fd_sc_hd__buf_1)
     1    0.00    0.04    0.07    0.70 ^ _15_/X (sky130_fd_sc_hd__buf_1)
                                         _05_ (net)
                  0.04    0.00    0.70 ^ _28_/D (sky130_fd_sc_hd__dfrtp_2)
                                  0.70   data arrival time

                  0.15    0.00    0.00   clock sclk (rise edge)
                          0.00    0.00   clock network delay (ideal)
                          0.25    0.25   clock uncertainty
                          0.00    0.25   clock reconvergence pessimism
                                  0.25 ^ _28_/CLK (sky130_fd_sc_hd__dfrtp_2)
                         -0.02    0.23   library hold time
                                  0.23   data required time
-----------------------------------------------------------------------------
                                  0.23   data required time
                                 -0.70   data arrival time
-----------------------------------------------------------------------------
                                  0.47   slack (MET)


Startpoint: _30_ (rising edge-triggered flip-flop clocked by sclk)
Endpoint: _29_ (rising edge-triggered flip-flop clocked by sclk)
Path Group: sclk
Path Type: min

Fanout     Cap    Slew   Delay    Time   Description
-----------------------------------------------------------------------------
                  0.15    0.00    0.00   clock sclk (rise edge)
                          0.00    0.00   clock network delay (ideal)
                  0.15    0.00    0.00 ^ _30_/CLK (sky130_fd_sc_hd__dfrtp_2)
     3    0.04    0.19    0.47    0.47 ^ _30_/Q (sky130_fd_sc_hd__dfrtp_2)
                                         data[2] (net)
                  0.19    0.00    0.47 ^ _16_/A0 (sky130_fd_sc_hd__mux2_2)
     1    0.00    0.03    0.17    0.64 ^ _16_/X (sky130_fd_sc_hd__mux2_2)
                                         _08_ (net)
                  0.03    0.00    0.64 ^ _17_/A (sky130_fd_sc_hd__buf_1)
     1    0.00    0.04    0.07    0.71 ^ _17_/X (sky130_fd_sc_hd__buf_1)
                                         _06_ (net)
                  0.04    0.00    0.71 ^ _29_/D (sky130_fd_sc_hd__dfrtp_2)
                                  0.71   data arrival time

                  0.15    0.00    0.00   clock sclk (rise edge)
                          0.00    0.00   clock network delay (ideal)
                          0.25    0.25   clock uncertainty
                          0.00    0.25   clock reconvergence pessimism
                                  0.25 ^ _29_/CLK (sky130_fd_sc_hd__dfrtp_2)
                         -0.02    0.23   library hold time
                                  0.23   data required time
-----------------------------------------------------------------------------
                                  0.23   data required time
                                 -0.71   data arrival time
-----------------------------------------------------------------------------
                                  0.47   slack (MET)


Startpoint: _31_ (rising edge-triggered flip-flop clocked by sclk)
Endpoint: _30_ (rising edge-triggered flip-flop clocked by sclk)
Path Group: sclk
Path Type: min

Fanout     Cap    Slew   Delay    Time   Description
-----------------------------------------------------------------------------
                  0.15    0.00    0.00   clock sclk (rise edge)
                          0.00    0.00   clock network delay (ideal)
                  0.15    0.00    0.00 ^ _31_/CLK (sky130_fd_sc_hd__dfrtp_2)
     3    0.04    0.19    0.47    0.47 ^ _31_/Q (sky130_fd_sc_hd__dfrtp_2)
                                         data[3] (net)
                  0.19    0.00    0.47 ^ _18_/A0 (sky130_fd_sc_hd__mux2_2)
     1    0.00    0.03    0.17    0.64 ^ _18_/X (sky130_fd_sc_hd__mux2_2)
                                         _09_ (net)
                  0.03    0.00    0.64 ^ _19_/A (sky130_fd_sc_hd__buf_1)
     1    0.00    0.04    0.07    0.71 ^ _19_/X (sky130_fd_sc_hd__buf_1)
                                         _00_ (net)
                  0.04    0.00    0.71 ^ _30_/D (sky130_fd_sc_hd__dfrtp_2)
                                  0.71   data arrival time

                  0.15    0.00    0.00   clock sclk (rise edge)
                          0.00    0.00   clock network delay (ideal)
                          0.25    0.25   clock uncertainty
                          0.00    0.25   clock reconvergence pessimism
                                  0.25 ^ _30_/CLK (sky130_fd_sc_hd__dfrtp_2)
                         -0.02    0.23   library hold time
                                  0.23   data required time
-----------------------------------------------------------------------------
                                  0.23   data required time
                                 -0.71   data arrival time
-----------------------------------------------------------------------------
                                  0.47   slack (MET)


Startpoint: _32_ (rising edge-triggered flip-flop clocked by sclk)
Endpoint: _31_ (rising edge-triggered flip-flop clocked by sclk)
Path Group: sclk
Path Type: min

Fanout     Cap    Slew   Delay    Time   Description
-----------------------------------------------------------------------------
                  0.15    0.00    0.00   clock sclk (rise edge)
                          0.00    0.00   clock network delay (ideal)
                  0.15    0.00    0.00 ^ _32_/CLK (sky130_fd_sc_hd__dfrtp_2)
     3    0.04    0.19    0.47    0.47 ^ _32_/Q (sky130_fd_sc_hd__dfrtp_2)
                                         data[4] (net)
                  0.19    0.00    0.47 ^ _20_/A0 (sky130_fd_sc_hd__mux2_2)
     1    0.00    0.03    0.17    0.64 ^ _20_/X (sky130_fd_sc_hd__mux2_2)
                                         _10_ (net)
                  0.03    0.00    0.64 ^ _21_/A (sky130_fd_sc_hd__buf_1)
     1    0.00    0.04    0.07    0.71 ^ _21_/X (sky130_fd_sc_hd__buf_1)
                                         _01_ (net)
                  0.04    0.00    0.71 ^ _31_/D (sky130_fd_sc_hd__dfrtp_2)
                                  0.71   data arrival time

                  0.15    0.00    0.00   clock sclk (rise edge)
                          0.00    0.00   clock network delay (ideal)
                          0.25    0.25   clock uncertainty
                          0.00    0.25   clock reconvergence pessimism
                                  0.25 ^ _31_/CLK (sky130_fd_sc_hd__dfrtp_2)
                         -0.02    0.23   library hold time
                                  0.23   data required time
-----------------------------------------------------------------------------
                                  0.23   data required time
                                 -0.71   data arrival time
-----------------------------------------------------------------------------
                                  0.47   slack (MET)


Startpoint: _33_ (rising edge-triggered flip-flop clocked by sclk)
Endpoint: _32_ (rising edge-triggered flip-flop clocked by sclk)
Path Group: sclk
Path Type: min

Fanout     Cap    Slew   Delay    Time   Description
-----------------------------------------------------------------------------
                  0.15    0.00    0.00   clock sclk (rise edge)
                          0.00    0.00   clock network delay (ideal)
                  0.15    0.00    0.00 ^ _33_/CLK (sky130_fd_sc_hd__dfrtp_2)
     3    0.04    0.19    0.47    0.47 ^ _33_/Q (sky130_fd_sc_hd__dfrtp_2)
                                         data[5] (net)
                  0.19    0.00    0.47 ^ _22_/A0 (sky130_fd_sc_hd__mux2_2)
     1    0.00    0.03    0.17    0.64 ^ _22_/X (sky130_fd_sc_hd__mux2_2)
                                         _11_ (net)
                  0.03    0.00    0.64 ^ _23_/A (sky130_fd_sc_hd__buf_1)
     1    0.00    0.04    0.07    0.71 ^ _23_/X (sky130_fd_sc_hd__buf_1)
                                         _02_ (net)
                  0.04    0.00    0.71 ^ _32_/D (sky130_fd_sc_hd__dfrtp_2)
                                  0.71   data arrival time

                  0.15    0.00    0.00   clock sclk (rise edge)
                          0.00    0.00   clock network delay (ideal)
                          0.25    0.25   clock uncertainty
                          0.00    0.25   clock reconvergence pessimism
                                  0.25 ^ _32_/CLK (sky130_fd_sc_hd__dfrtp_2)
                         -0.02    0.23   library hold time
                                  0.23   data required time
-----------------------------------------------------------------------------
                                  0.23   data required time
                                 -0.71   data arrival time
-----------------------------------------------------------------------------
                                  0.47   slack (MET)


Startpoint: _34_ (rising edge-triggered flip-flop clocked by sclk)
Endpoint: _33_ (rising edge-triggered flip-flop clocked by sclk)
Path Group: sclk
Path Type: min

Fanout     Cap    Slew   Delay    Time   Description
-----------------------------------------------------------------------------
                  0.15    0.00    0.00   clock sclk (rise edge)
                          0.00    0.00   clock network delay (ideal)
                  0.15    0.00    0.00 ^ _34_/CLK (sky130_fd_sc_hd__dfrtp_2)
     3    0.04    0.19    0.47    0.47 ^ _34_/Q (sky130_fd_sc_hd__dfrtp_2)
                                         data[6] (net)
                  0.19    0.00    0.47 ^ _24_/A0 (sky130_fd_sc_hd__mux2_2)
     1    0.00    0.03    0.17    0.64 ^ _24_/X (sky130_fd_sc_hd__mux2_2)
                                         _12_ (net)
                  0.03    0.00    0.64 ^ _25_/A (sky130_fd_sc_hd__buf_1)
     1    0.00    0.04    0.07    0.71 ^ _25_/X (sky130_fd_sc_hd__buf_1)
                                         _03_ (net)
                  0.04    0.00    0.71 ^ _33_/D (sky130_fd_sc_hd__dfrtp_2)
                                  0.71   data arrival time

                  0.15    0.00    0.00   clock sclk (rise edge)
                          0.00    0.00   clock network delay (ideal)
                          0.25    0.25   clock uncertainty
                          0.00    0.25   clock reconvergence pessimism
                                  0.25 ^ _33_/CLK (sky130_fd_sc_hd__dfrtp_2)
                         -0.02    0.23   library hold time
                                  0.23   data required time
-----------------------------------------------------------------------------
                                  0.23   data required time
                                 -0.71   data arrival time
-----------------------------------------------------------------------------
                                  0.47   slack (MET)


Startpoint: _34_ (rising edge-triggered flip-flop clocked by sclk)
Endpoint: _34_ (rising edge-triggered flip-flop clocked by sclk)
Path Group: sclk
Path Type: min

Fanout     Cap    Slew   Delay    Time   Description
-----------------------------------------------------------------------------
                  0.15    0.00    0.00   clock sclk (rise edge)
                          0.00    0.00   clock network delay (ideal)
                  0.15    0.00    0.00 ^ _34_/CLK (sky130_fd_sc_hd__dfrtp_2)
     3    0.04    0.19    0.47    0.47 ^ _34_/Q (sky130_fd_sc_hd__dfrtp_2)
                                         data[6] (net)
                  0.19    0.00    0.47 ^ _26_/A1 (sky130_fd_sc_hd__mux2_2)
     1    0.00    0.03    0.17    0.64 ^ _26_/X (sky130_fd_sc_hd__mux2_2)
                                         _13_ (net)
                  0.03    0.00    0.64 ^ _27_/A (sky130_fd_sc_hd__buf_1)
     1    0.00    0.04    0.07    0.71 ^ _27_/X (sky130_fd_sc_hd__buf_1)
                                         _04_ (net)
                  0.04    0.00    0.71 ^ _34_/D (sky130_fd_sc_hd__dfrtp_2)
                                  0.71   data arrival time

                  0.15    0.00    0.00   clock sclk (rise edge)
                          0.00    0.00   clock network delay (ideal)
                          0.25    0.25   clock uncertainty
                          0.00    0.25   clock reconvergence pessimism
                                  0.25 ^ _34_/CLK (sky130_fd_sc_hd__dfrtp_2)
                         -0.02    0.23   library hold time
                                  0.23   data required time
-----------------------------------------------------------------------------
                                  0.23   data required time
                                 -0.71   data arrival time
-----------------------------------------------------------------------------
                                  0.47   slack (MET)


Startpoint: reset (input port clocked by sclk)
Endpoint: _28_ (removal check against rising-edge clock sclk)
Path Group: asynchronous
Path Type: min

Fanout     Cap    Slew   Delay    Time   Description
-----------------------------------------------------------------------------
                  0.15    0.00    0.00   clock sclk (rise edge)
                          0.00    0.00   clock network delay (ideal)
                          2.00    2.00 ^ input external delay
     7    0.03    0.12    0.08    2.08 ^ reset (in)
                                         reset (net)
                  0.12    0.00    2.08 ^ _28_/RESET_B (sky130_fd_sc_hd__dfrtp_2)
                                  2.08   data arrival time

                  0.15    0.00    0.00   clock sclk (rise edge)
                          0.00    0.00   clock network delay (ideal)
                          0.25    0.25   clock uncertainty
                          0.00    0.25   clock reconvergence pessimism
                                  0.25 ^ _28_/CLK (sky130_fd_sc_hd__dfrtp_2)
                          0.37    0.62   library removal time
                                  0.62   data required time
-----------------------------------------------------------------------------
                                  0.62   data required time
                                 -2.08   data arrival time
-----------------------------------------------------------------------------
                                  1.46   slack (MET)


Startpoint: reset (input port clocked by sclk)
Endpoint: _29_ (removal check against rising-edge clock sclk)
Path Group: asynchronous
Path Type: min

Fanout     Cap    Slew   Delay    Time   Description
-----------------------------------------------------------------------------
                  0.15    0.00    0.00   clock sclk (rise edge)
                          0.00    0.00   clock network delay (ideal)
                          2.00    2.00 ^ input external delay
     7    0.03    0.12    0.08    2.08 ^ reset (in)
                                         reset (net)
                  0.12    0.00    2.08 ^ _29_/RESET_B (sky130_fd_sc_hd__dfrtp_2)
                                  2.08   data arrival time

                  0.15    0.00    0.00   clock sclk (rise edge)
                          0.00    0.00   clock network delay (ideal)
                          0.25    0.25   clock uncertainty
                          0.00    0.25   clock reconvergence pessimism
                                  0.25 ^ _29_/CLK (sky130_fd_sc_hd__dfrtp_2)
                          0.37    0.62   library removal time
                                  0.62   data required time
-----------------------------------------------------------------------------
                                  0.62   data required time
                                 -2.08   data arrival time
-----------------------------------------------------------------------------
                                  1.46   slack (MET)


Startpoint: reset (input port clocked by sclk)
Endpoint: _30_ (removal check against rising-edge clock sclk)
Path Group: asynchronous
Path Type: min

Fanout     Cap    Slew   Delay    Time   Description
-----------------------------------------------------------------------------
                  0.15    0.00    0.00   clock sclk (rise edge)
                          0.00    0.00   clock network delay (ideal)
                          2.00    2.00 ^ input external delay
     7    0.03    0.12    0.08    2.08 ^ reset (in)
                                         reset (net)
                  0.12    0.00    2.08 ^ _30_/RESET_B (sky130_fd_sc_hd__dfrtp_2)
                                  2.08   data arrival time

                  0.15    0.00    0.00   clock sclk (rise edge)
                          0.00    0.00   clock network delay (ideal)
                          0.25    0.25   clock uncertainty
                          0.00    0.25   clock reconvergence pessimism
                                  0.25 ^ _30_/CLK (sky130_fd_sc_hd__dfrtp_2)
                          0.37    0.62   library removal time
                                  0.62   data required time
-----------------------------------------------------------------------------
                                  0.62   data required time
                                 -2.08   data arrival time
-----------------------------------------------------------------------------
                                  1.46   slack (MET)


Startpoint: reset (input port clocked by sclk)
Endpoint: _31_ (removal check against rising-edge clock sclk)
Path Group: asynchronous
Path Type: min

Fanout     Cap    Slew   Delay    Time   Description
-----------------------------------------------------------------------------
                  0.15    0.00    0.00   clock sclk (rise edge)
                          0.00    0.00   clock network delay (ideal)
                          2.00    2.00 ^ input external delay
     7    0.03    0.12    0.08    2.08 ^ reset (in)
                                         reset (net)
                  0.12    0.00    2.08 ^ _31_/RESET_B (sky130_fd_sc_hd__dfrtp_2)
                                  2.08   data arrival time

                  0.15    0.00    0.00   clock sclk (rise edge)
                          0.00    0.00   clock network delay (ideal)
                          0.25    0.25   clock uncertainty
                          0.00    0.25   clock reconvergence pessimism
                                  0.25 ^ _31_/CLK (sky130_fd_sc_hd__dfrtp_2)
                          0.37    0.62   library removal time
                                  0.62   data required time
-----------------------------------------------------------------------------
                                  0.62   data required time
                                 -2.08   data arrival time
-----------------------------------------------------------------------------
                                  1.46   slack (MET)


Startpoint: reset (input port clocked by sclk)
Endpoint: _32_ (removal check against rising-edge clock sclk)
Path Group: asynchronous
Path Type: min

Fanout     Cap    Slew   Delay    Time   Description
-----------------------------------------------------------------------------
                  0.15    0.00    0.00   clock sclk (rise edge)
                          0.00    0.00   clock network delay (ideal)
                          2.00    2.00 ^ input external delay
     7    0.03    0.12    0.08    2.08 ^ reset (in)
                                         reset (net)
                  0.12    0.00    2.08 ^ _32_/RESET_B (sky130_fd_sc_hd__dfrtp_2)
                                  2.08   data arrival time

                  0.15    0.00    0.00   clock sclk (rise edge)
                          0.00    0.00   clock network delay (ideal)
                          0.25    0.25   clock uncertainty
                          0.00    0.25   clock reconvergence pessimism
                                  0.25 ^ _32_/CLK (sky130_fd_sc_hd__dfrtp_2)
                          0.37    0.62   library removal time
                                  0.62   data required time
-----------------------------------------------------------------------------
                                  0.62   data required time
                                 -2.08   data arrival time
-----------------------------------------------------------------------------
                                  1.46   slack (MET)


Startpoint: reset (input port clocked by sclk)
Endpoint: _33_ (removal check against rising-edge clock sclk)
Path Group: asynchronous
Path Type: min

Fanout     Cap    Slew   Delay    Time   Description
-----------------------------------------------------------------------------
                  0.15    0.00    0.00   clock sclk (rise edge)
                          0.00    0.00   clock network delay (ideal)
                          2.00    2.00 ^ input external delay
     7    0.03    0.12    0.08    2.08 ^ reset (in)
                                         reset (net)
                  0.12    0.00    2.08 ^ _33_/RESET_B (sky130_fd_sc_hd__dfrtp_2)
                                  2.08   data arrival time

                  0.15    0.00    0.00   clock sclk (rise edge)
                          0.00    0.00   clock network delay (ideal)
                          0.25    0.25   clock uncertainty
                          0.00    0.25   clock reconvergence pessimism
                                  0.25 ^ _33_/CLK (sky130_fd_sc_hd__dfrtp_2)
                          0.37    0.62   library removal time
                                  0.62   data required time
-----------------------------------------------------------------------------
                                  0.62   data required time
                                 -2.08   data arrival time
-----------------------------------------------------------------------------
                                  1.46   slack (MET)


Startpoint: reset (input port clocked by sclk)
Endpoint: _34_ (removal check against rising-edge clock sclk)
Path Group: asynchronous
Path Type: min

Fanout     Cap    Slew   Delay    Time   Description
-----------------------------------------------------------------------------
                  0.15    0.00    0.00   clock sclk (rise edge)
                          0.00    0.00   clock network delay (ideal)
                          2.00    2.00 ^ input external delay
     7    0.03    0.12    0.08    2.08 ^ reset (in)
                                         reset (net)
                  0.12    0.00    2.08 ^ _34_/RESET_B (sky130_fd_sc_hd__dfrtp_2)
                                  2.08   data arrival time

                  0.15    0.00    0.00   clock sclk (rise edge)
                          0.00    0.00   clock network delay (ideal)
                          0.25    0.25   clock uncertainty
                          0.00    0.25   clock reconvergence pessimism
                                  0.25 ^ _34_/CLK (sky130_fd_sc_hd__dfrtp_2)
                          0.37    0.62   library removal time
                                  0.62   data required time
-----------------------------------------------------------------------------
                                  0.62   data required time
                                 -2.08   data arrival time
-----------------------------------------------------------------------------
                                  1.46   slack (MET)


Startpoint: _28_ (rising edge-triggered flip-flop clocked by sclk)
Endpoint: data[0] (output port clocked by sclk)
Path Group: sclk
Path Type: min

Fanout     Cap    Slew   Delay    Time   Description
-----------------------------------------------------------------------------
                  0.15    0.00    0.00   clock sclk (rise edge)
                          0.00    0.00   clock network delay (ideal)
                  0.15    0.00    0.00 ^ _28_/CLK (sky130_fd_sc_hd__dfrtp_2)
     2    0.04    0.18    0.47    0.47 ^ _28_/Q (sky130_fd_sc_hd__dfrtp_2)
                                         data[0] (net)
                  0.18    0.00    0.47 ^ data[0] (out)
                                  0.47   data arrival time

                  0.15    0.00    0.00   clock sclk (rise edge)
                          0.00    0.00   clock network delay (ideal)
                          0.25    0.25   clock uncertainty
                          0.00    0.25   clock reconvergence pessimism
                         -2.00   -1.75   output external delay
                                 -1.75   data required time
-----------------------------------------------------------------------------
                                 -1.75   data required time
                                 -0.47   data arrival time
-----------------------------------------------------------------------------
                                  2.22   slack (MET)


Startpoint: _29_ (rising edge-triggered flip-flop clocked by sclk)
Endpoint: data[1] (output port clocked by sclk)
Path Group: sclk
Path Type: min

Fanout     Cap    Slew   Delay    Time   Description
-----------------------------------------------------------------------------
                  0.15    0.00    0.00   clock sclk (rise edge)
                          0.00    0.00   clock network delay (ideal)
                  0.15    0.00    0.00 ^ _29_/CLK (sky130_fd_sc_hd__dfrtp_2)
     3    0.04    0.19    0.47    0.47 ^ _29_/Q (sky130_fd_sc_hd__dfrtp_2)
                                         data[1] (net)
                  0.19    0.00    0.47 ^ data[1] (out)
                                  0.47   data arrival time

                  0.15    0.00    0.00   clock sclk (rise edge)
                          0.00    0.00   clock network delay (ideal)
                          0.25    0.25   clock uncertainty
                          0.00    0.25   clock reconvergence pessimism
                         -2.00   -1.75   output external delay
                                 -1.75   data required time
-----------------------------------------------------------------------------
                                 -1.75   data required time
                                 -0.47   data arrival time
-----------------------------------------------------------------------------
                                  2.22   slack (MET)


Startpoint: _30_ (rising edge-triggered flip-flop clocked by sclk)
Endpoint: data[2] (output port clocked by sclk)
Path Group: sclk
Path Type: min

Fanout     Cap    Slew   Delay    Time   Description
-----------------------------------------------------------------------------
                  0.15    0.00    0.00   clock sclk (rise edge)
                          0.00    0.00   clock network delay (ideal)
                  0.15    0.00    0.00 ^ _30_/CLK (sky130_fd_sc_hd__dfrtp_2)
     3    0.04    0.19    0.47    0.47 ^ _30_/Q (sky130_fd_sc_hd__dfrtp_2)
                                         data[2] (net)
                  0.19    0.00    0.47 ^ data[2] (out)
                                  0.47   data arrival time

                  0.15    0.00    0.00   clock sclk (rise edge)
                          0.00    0.00   clock network delay (ideal)
                          0.25    0.25   clock uncertainty
                          0.00    0.25   clock reconvergence pessimism
                         -2.00   -1.75   output external delay
                                 -1.75   data required time
-----------------------------------------------------------------------------
                                 -1.75   data required time
                                 -0.47   data arrival time
-----------------------------------------------------------------------------
                                  2.22   slack (MET)


Startpoint: _31_ (rising edge-triggered flip-flop clocked by sclk)
Endpoint: data[3] (output port clocked by sclk)
Path Group: sclk
Path Type: min

Fanout     Cap    Slew   Delay    Time   Description
-----------------------------------------------------------------------------
                  0.15    0.00    0.00   clock sclk (rise edge)
                          0.00    0.00   clock network delay (ideal)
                  0.15    0.00    0.00 ^ _31_/CLK (sky130_fd_sc_hd__dfrtp_2)
     3    0.04    0.19    0.47    0.47 ^ _31_/Q (sky130_fd_sc_hd__dfrtp_2)
                                         data[3] (net)
                  0.19    0.00    0.47 ^ data[3] (out)
                                  0.47   data arrival time

                  0.15    0.00    0.00   clock sclk (rise edge)
                          0.00    0.00   clock network delay (ideal)
                          0.25    0.25   clock uncertainty
                          0.00    0.25   clock reconvergence pessimism
                         -2.00   -1.75   output external delay
                                 -1.75   data required time
-----------------------------------------------------------------------------
                                 -1.75   data required time
                                 -0.47   data arrival time
-----------------------------------------------------------------------------
                                  2.22   slack (MET)


Startpoint: _32_ (rising edge-triggered flip-flop clocked by sclk)
Endpoint: data[4] (output port clocked by sclk)
Path Group: sclk
Path Type: min

Fanout     Cap    Slew   Delay    Time   Description
-----------------------------------------------------------------------------
                  0.15    0.00    0.00   clock sclk (rise edge)
                          0.00    0.00   clock network delay (ideal)
                  0.15    0.00    0.00 ^ _32_/CLK (sky130_fd_sc_hd__dfrtp_2)
     3    0.04    0.19    0.47    0.47 ^ _32_/Q (sky130_fd_sc_hd__dfrtp_2)
                                         data[4] (net)
                  0.19    0.00    0.47 ^ data[4] (out)
                                  0.47   data arrival time

                  0.15    0.00    0.00   clock sclk (rise edge)
                          0.00    0.00   clock network delay (ideal)
                          0.25    0.25   clock uncertainty
                          0.00    0.25   clock reconvergence pessimism
                         -2.00   -1.75   output external delay
                                 -1.75   data required time
-----------------------------------------------------------------------------
                                 -1.75   data required time
                                 -0.47   data arrival time
-----------------------------------------------------------------------------
                                  2.22   slack (MET)


Startpoint: _33_ (rising edge-triggered flip-flop clocked by sclk)
Endpoint: data[5] (output port clocked by sclk)
Path Group: sclk
Path Type: min

Fanout     Cap    Slew   Delay    Time   Description
-----------------------------------------------------------------------------
                  0.15    0.00    0.00   clock sclk (rise edge)
                          0.00    0.00   clock network delay (ideal)
                  0.15    0.00    0.00 ^ _33_/CLK (sky130_fd_sc_hd__dfrtp_2)
     3    0.04    0.19    0.47    0.47 ^ _33_/Q (sky130_fd_sc_hd__dfrtp_2)
                                         data[5] (net)
                  0.19    0.00    0.47 ^ data[5] (out)
                                  0.47   data arrival time

                  0.15    0.00    0.00   clock sclk (rise edge)
                          0.00    0.00   clock network delay (ideal)
                          0.25    0.25   clock uncertainty
                          0.00    0.25   clock reconvergence pessimism
                         -2.00   -1.75   output external delay
                                 -1.75   data required time
-----------------------------------------------------------------------------
                                 -1.75   data required time
                                 -0.47   data arrival time
-----------------------------------------------------------------------------
                                  2.22   slack (MET)


Startpoint: _34_ (rising edge-triggered flip-flop clocked by sclk)
Endpoint: data[6] (output port clocked by sclk)
Path Group: sclk
Path Type: min

Fanout     Cap    Slew   Delay    Time   Description
-----------------------------------------------------------------------------
                  0.15    0.00    0.00   clock sclk (rise edge)
                          0.00    0.00   clock network delay (ideal)
                  0.15    0.00    0.00 ^ _34_/CLK (sky130_fd_sc_hd__dfrtp_2)
     3    0.04    0.19    0.47    0.47 ^ _34_/Q (sky130_fd_sc_hd__dfrtp_2)
                                         data[6] (net)
                  0.19    0.00    0.47 ^ data[6] (out)
                                  0.47   data arrival time

                  0.15    0.00    0.00   clock sclk (rise edge)
                          0.00    0.00   clock network delay (ideal)
                          0.25    0.25   clock uncertainty
                          0.00    0.25   clock reconvergence pessimism
                         -2.00   -1.75   output external delay
                                 -1.75   data required time
-----------------------------------------------------------------------------
                                 -1.75   data required time
                                 -0.47   data arrival time
-----------------------------------------------------------------------------
                                  2.22   slack (MET)



worst slack corner Typical: 0.4659
min_report_end
max_report

===========================================================================
report_checks -path_delay max (Setup)
============================================================================
======================= Typical Corner ===================================

Startpoint: ss (input port clocked by sclk)
Endpoint: _28_ (rising edge-triggered flip-flop clocked by sclk)
Path Group: sclk
Path Type: max

Fanout     Cap    Slew   Delay    Time   Description
-----------------------------------------------------------------------------
                  0.15    0.00    0.00   clock sclk (rise edge)
                          0.00    0.00   clock network delay (ideal)
                          2.00    2.00 ^ input external delay
     7    0.02    0.11    0.08    2.08 ^ ss (in)
                                         ss (net)
                  0.11    0.00    2.08 ^ _14_/S (sky130_fd_sc_hd__mux2_2)
     1    0.00    0.05    0.35    2.43 v _14_/X (sky130_fd_sc_hd__mux2_2)
                                         _07_ (net)
                  0.05    0.00    2.43 v _15_/A (sky130_fd_sc_hd__buf_1)
     1    0.00    0.02    0.09    2.52 v _15_/X (sky130_fd_sc_hd__buf_1)
                                         _05_ (net)
                  0.02    0.00    2.52 v _28_/D (sky130_fd_sc_hd__dfrtp_2)
                                  2.52   data arrival time

                  0.15   10.00   10.00   clock sclk (rise edge)
                          0.00   10.00   clock network delay (ideal)
                         -0.25    9.75   clock uncertainty
                          0.00    9.75   clock reconvergence pessimism
                                  9.75 ^ _28_/CLK (sky130_fd_sc_hd__dfrtp_2)
                         -0.08    9.67   library setup time
                                  9.67   data required time
-----------------------------------------------------------------------------
                                  9.67   data required time
                                 -2.52   data arrival time
-----------------------------------------------------------------------------
                                  7.15   slack (MET)


Startpoint: ss (input port clocked by sclk)
Endpoint: _29_ (rising edge-triggered flip-flop clocked by sclk)
Path Group: sclk
Path Type: max

Fanout     Cap    Slew   Delay    Time   Description
-----------------------------------------------------------------------------
                  0.15    0.00    0.00   clock sclk (rise edge)
                          0.00    0.00   clock network delay (ideal)
                          2.00    2.00 ^ input external delay
     7    0.02    0.11    0.08    2.08 ^ ss (in)
                                         ss (net)
                  0.11    0.00    2.08 ^ _16_/S (sky130_fd_sc_hd__mux2_2)
     1    0.00    0.05    0.35    2.43 v _16_/X (sky130_fd_sc_hd__mux2_2)
                                         _08_ (net)
                  0.05    0.00    2.43 v _17_/A (sky130_fd_sc_hd__buf_1)
     1    0.00    0.02    0.09    2.52 v _17_/X (sky130_fd_sc_hd__buf_1)
                                         _06_ (net)
                  0.02    0.00    2.52 v _29_/D (sky130_fd_sc_hd__dfrtp_2)
                                  2.52   data arrival time

                  0.15   10.00   10.00   clock sclk (rise edge)
                          0.00   10.00   clock network delay (ideal)
                         -0.25    9.75   clock uncertainty
                          0.00    9.75   clock reconvergence pessimism
                                  9.75 ^ _29_/CLK (sky130_fd_sc_hd__dfrtp_2)
                         -0.08    9.67   library setup time
                                  9.67   data required time
-----------------------------------------------------------------------------
                                  9.67   data required time
                                 -2.52   data arrival time
-----------------------------------------------------------------------------
                                  7.15   slack (MET)


Startpoint: ss (input port clocked by sclk)
Endpoint: _30_ (rising edge-triggered flip-flop clocked by sclk)
Path Group: sclk
Path Type: max

Fanout     Cap    Slew   Delay    Time   Description
-----------------------------------------------------------------------------
                  0.15    0.00    0.00   clock sclk (rise edge)
                          0.00    0.00   clock network delay (ideal)
                          2.00    2.00 ^ input external delay
     7    0.02    0.11    0.08    2.08 ^ ss (in)
                                         ss (net)
                  0.11    0.00    2.08 ^ _18_/S (sky130_fd_sc_hd__mux2_2)
     1    0.00    0.05    0.35    2.43 v _18_/X (sky130_fd_sc_hd__mux2_2)
                                         _09_ (net)
                  0.05    0.00    2.43 v _19_/A (sky130_fd_sc_hd__buf_1)
     1    0.00    0.02    0.09    2.52 v _19_/X (sky130_fd_sc_hd__buf_1)
                                         _00_ (net)
                  0.02    0.00    2.52 v _30_/D (sky130_fd_sc_hd__dfrtp_2)
                                  2.52   data arrival time

                  0.15   10.00   10.00   clock sclk (rise edge)
                          0.00   10.00   clock network delay (ideal)
                         -0.25    9.75   clock uncertainty
                          0.00    9.75   clock reconvergence pessimism
                                  9.75 ^ _30_/CLK (sky130_fd_sc_hd__dfrtp_2)
                         -0.08    9.67   library setup time
                                  9.67   data required time
-----------------------------------------------------------------------------
                                  9.67   data required time
                                 -2.52   data arrival time
-----------------------------------------------------------------------------
                                  7.15   slack (MET)


Startpoint: ss (input port clocked by sclk)
Endpoint: _31_ (rising edge-triggered flip-flop clocked by sclk)
Path Group: sclk
Path Type: max

Fanout     Cap    Slew   Delay    Time   Description
-----------------------------------------------------------------------------
                  0.15    0.00    0.00   clock sclk (rise edge)
                          0.00    0.00   clock network delay (ideal)
                          2.00    2.00 ^ input external delay
     7    0.02    0.11    0.08    2.08 ^ ss (in)
                                         ss (net)
                  0.11    0.00    2.08 ^ _20_/S (sky130_fd_sc_hd__mux2_2)
     1    0.00    0.05    0.35    2.43 v _20_/X (sky130_fd_sc_hd__mux2_2)
                                         _10_ (net)
                  0.05    0.00    2.43 v _21_/A (sky130_fd_sc_hd__buf_1)
     1    0.00    0.02    0.09    2.52 v _21_/X (sky130_fd_sc_hd__buf_1)
                                         _01_ (net)
                  0.02    0.00    2.52 v _31_/D (sky130_fd_sc_hd__dfrtp_2)
                                  2.52   data arrival time

                  0.15   10.00   10.00   clock sclk (rise edge)
                          0.00   10.00   clock network delay (ideal)
                         -0.25    9.75   clock uncertainty
                          0.00    9.75   clock reconvergence pessimism
                                  9.75 ^ _31_/CLK (sky130_fd_sc_hd__dfrtp_2)
                         -0.08    9.67   library setup time
                                  9.67   data required time
-----------------------------------------------------------------------------
                                  9.67   data required time
                                 -2.52   data arrival time
-----------------------------------------------------------------------------
                                  7.15   slack (MET)


Startpoint: ss (input port clocked by sclk)
Endpoint: _32_ (rising edge-triggered flip-flop clocked by sclk)
Path Group: sclk
Path Type: max

Fanout     Cap    Slew   Delay    Time   Description
-----------------------------------------------------------------------------
                  0.15    0.00    0.00   clock sclk (rise edge)
                          0.00    0.00   clock network delay (ideal)
                          2.00    2.00 ^ input external delay
     7    0.02    0.11    0.08    2.08 ^ ss (in)
                                         ss (net)
                  0.11    0.00    2.08 ^ _22_/S (sky130_fd_sc_hd__mux2_2)
     1    0.00    0.05    0.35    2.43 v _22_/X (sky130_fd_sc_hd__mux2_2)
                                         _11_ (net)
                  0.05    0.00    2.43 v _23_/A (sky130_fd_sc_hd__buf_1)
     1    0.00    0.02    0.09    2.52 v _23_/X (sky130_fd_sc_hd__buf_1)
                                         _02_ (net)
                  0.02    0.00    2.52 v _32_/D (sky130_fd_sc_hd__dfrtp_2)
                                  2.52   data arrival time

                  0.15   10.00   10.00   clock sclk (rise edge)
                          0.00   10.00   clock network delay (ideal)
                         -0.25    9.75   clock uncertainty
                          0.00    9.75   clock reconvergence pessimism
                                  9.75 ^ _32_/CLK (sky130_fd_sc_hd__dfrtp_2)
                         -0.08    9.67   library setup time
                                  9.67   data required time
-----------------------------------------------------------------------------
                                  9.67   data required time
                                 -2.52   data arrival time
-----------------------------------------------------------------------------
                                  7.15   slack (MET)


Startpoint: ss (input port clocked by sclk)
Endpoint: _33_ (rising edge-triggered flip-flop clocked by sclk)
Path Group: sclk
Path Type: max

Fanout     Cap    Slew   Delay    Time   Description
-----------------------------------------------------------------------------
                  0.15    0.00    0.00   clock sclk (rise edge)
                          0.00    0.00   clock network delay (ideal)
                          2.00    2.00 ^ input external delay
     7    0.02    0.11    0.08    2.08 ^ ss (in)
                                         ss (net)
                  0.11    0.00    2.08 ^ _24_/S (sky130_fd_sc_hd__mux2_2)
     1    0.00    0.05    0.35    2.43 v _24_/X (sky130_fd_sc_hd__mux2_2)
                                         _12_ (net)
                  0.05    0.00    2.43 v _25_/A (sky130_fd_sc_hd__buf_1)
     1    0.00    0.02    0.09    2.52 v _25_/X (sky130_fd_sc_hd__buf_1)
                                         _03_ (net)
                  0.02    0.00    2.52 v _33_/D (sky130_fd_sc_hd__dfrtp_2)
                                  2.52   data arrival time

                  0.15   10.00   10.00   clock sclk (rise edge)
                          0.00   10.00   clock network delay (ideal)
                         -0.25    9.75   clock uncertainty
                          0.00    9.75   clock reconvergence pessimism
                                  9.75 ^ _33_/CLK (sky130_fd_sc_hd__dfrtp_2)
                         -0.08    9.67   library setup time
                                  9.67   data required time
-----------------------------------------------------------------------------
                                  9.67   data required time
                                 -2.52   data arrival time
-----------------------------------------------------------------------------
                                  7.15   slack (MET)


Startpoint: ss (input port clocked by sclk)
Endpoint: _34_ (rising edge-triggered flip-flop clocked by sclk)
Path Group: sclk
Path Type: max

Fanout     Cap    Slew   Delay    Time   Description
-----------------------------------------------------------------------------
                  0.15    0.00    0.00   clock sclk (rise edge)
                          0.00    0.00   clock network delay (ideal)
                          2.00    2.00 ^ input external delay
     7    0.02    0.11    0.08    2.08 ^ ss (in)
                                         ss (net)
                  0.11    0.00    2.08 ^ _26_/S (sky130_fd_sc_hd__mux2_2)
     1    0.00    0.05    0.35    2.43 v _26_/X (sky130_fd_sc_hd__mux2_2)
                                         _13_ (net)
                  0.05    0.00    2.43 v _27_/A (sky130_fd_sc_hd__buf_1)
     1    0.00    0.02    0.09    2.52 v _27_/X (sky130_fd_sc_hd__buf_1)
                                         _04_ (net)
                  0.02    0.00    2.52 v _34_/D (sky130_fd_sc_hd__dfrtp_2)
                                  2.52   data arrival time

                  0.15   10.00   10.00   clock sclk (rise edge)
                          0.00   10.00   clock network delay (ideal)
                         -0.25    9.75   clock uncertainty
                          0.00    9.75   clock reconvergence pessimism
                                  9.75 ^ _34_/CLK (sky130_fd_sc_hd__dfrtp_2)
                         -0.08    9.67   library setup time
                                  9.67   data required time
-----------------------------------------------------------------------------
                                  9.67   data required time
                                 -2.52   data arrival time
-----------------------------------------------------------------------------
                                  7.15   slack (MET)


Startpoint: _29_ (rising edge-triggered flip-flop clocked by sclk)
Endpoint: data[1] (output port clocked by sclk)
Path Group: sclk
Path Type: max

Fanout     Cap    Slew   Delay    Time   Description
-----------------------------------------------------------------------------
                  0.15    0.00    0.00   clock sclk (rise edge)
                          0.00    0.00   clock network delay (ideal)
                  0.15    0.00    0.00 ^ _29_/CLK (sky130_fd_sc_hd__dfrtp_2)
     3    0.04    0.12    0.54    0.54 v _29_/Q (sky130_fd_sc_hd__dfrtp_2)
                                         data[1] (net)
                  0.12    0.00    0.54 v data[1] (out)
                                  0.54   data arrival time

                  0.15   10.00   10.00   clock sclk (rise edge)
                          0.00   10.00   clock network delay (ideal)
                         -0.25    9.75   clock uncertainty
                          0.00    9.75   clock reconvergence pessimism
                         -2.00    7.75   output external delay
                                  7.75   data required time
-----------------------------------------------------------------------------
                                  7.75   data required time
                                 -0.54   data arrival time
-----------------------------------------------------------------------------
                                  7.21   slack (MET)


Startpoint: _30_ (rising edge-triggered flip-flop clocked by sclk)
Endpoint: data[2] (output port clocked by sclk)
Path Group: sclk
Path Type: max

Fanout     Cap    Slew   Delay    Time   Description
-----------------------------------------------------------------------------
                  0.15    0.00    0.00   clock sclk (rise edge)
                          0.00    0.00   clock network delay (ideal)
                  0.15    0.00    0.00 ^ _30_/CLK (sky130_fd_sc_hd__dfrtp_2)
     3    0.04    0.12    0.54    0.54 v _30_/Q (sky130_fd_sc_hd__dfrtp_2)
                                         data[2] (net)
                  0.12    0.00    0.54 v data[2] (out)
                                  0.54   data arrival time

                  0.15   10.00   10.00   clock sclk (rise edge)
                          0.00   10.00   clock network delay (ideal)
                         -0.25    9.75   clock uncertainty
                          0.00    9.75   clock reconvergence pessimism
                         -2.00    7.75   output external delay
                                  7.75   data required time
-----------------------------------------------------------------------------
                                  7.75   data required time
                                 -0.54   data arrival time
-----------------------------------------------------------------------------
                                  7.21   slack (MET)


Startpoint: _31_ (rising edge-triggered flip-flop clocked by sclk)
Endpoint: data[3] (output port clocked by sclk)
Path Group: sclk
Path Type: max

Fanout     Cap    Slew   Delay    Time   Description
-----------------------------------------------------------------------------
                  0.15    0.00    0.00   clock sclk (rise edge)
                          0.00    0.00   clock network delay (ideal)
                  0.15    0.00    0.00 ^ _31_/CLK (sky130_fd_sc_hd__dfrtp_2)
     3    0.04    0.12    0.54    0.54 v _31_/Q (sky130_fd_sc_hd__dfrtp_2)
                                         data[3] (net)
                  0.12    0.00    0.54 v data[3] (out)
                                  0.54   data arrival time

                  0.15   10.00   10.00   clock sclk (rise edge)
                          0.00   10.00   clock network delay (ideal)
                         -0.25    9.75   clock uncertainty
                          0.00    9.75   clock reconvergence pessimism
                         -2.00    7.75   output external delay
                                  7.75   data required time
-----------------------------------------------------------------------------
                                  7.75   data required time
                                 -0.54   data arrival time
-----------------------------------------------------------------------------
                                  7.21   slack (MET)


Startpoint: _32_ (rising edge-triggered flip-flop clocked by sclk)
Endpoint: data[4] (output port clocked by sclk)
Path Group: sclk
Path Type: max

Fanout     Cap    Slew   Delay    Time   Description
-----------------------------------------------------------------------------
                  0.15    0.00    0.00   clock sclk (rise edge)
                          0.00    0.00   clock network delay (ideal)
                  0.15    0.00    0.00 ^ _32_/CLK (sky130_fd_sc_hd__dfrtp_2)
     3    0.04    0.12    0.54    0.54 v _32_/Q (sky130_fd_sc_hd__dfrtp_2)
                                         data[4] (net)
                  0.12    0.00    0.54 v data[4] (out)
                                  0.54   data arrival time

                  0.15   10.00   10.00   clock sclk (rise edge)
                          0.00   10.00   clock network delay (ideal)
                         -0.25    9.75   clock uncertainty
                          0.00    9.75   clock reconvergence pessimism
                         -2.00    7.75   output external delay
                                  7.75   data required time
-----------------------------------------------------------------------------
                                  7.75   data required time
                                 -0.54   data arrival time
-----------------------------------------------------------------------------
                                  7.21   slack (MET)


Startpoint: _33_ (rising edge-triggered flip-flop clocked by sclk)
Endpoint: data[5] (output port clocked by sclk)
Path Group: sclk
Path Type: max

Fanout     Cap    Slew   Delay    Time   Description
-----------------------------------------------------------------------------
                  0.15    0.00    0.00   clock sclk (rise edge)
                          0.00    0.00   clock network delay (ideal)
                  0.15    0.00    0.00 ^ _33_/CLK (sky130_fd_sc_hd__dfrtp_2)
     3    0.04    0.12    0.54    0.54 v _33_/Q (sky130_fd_sc_hd__dfrtp_2)
                                         data[5] (net)
                  0.12    0.00    0.54 v data[5] (out)
                                  0.54   data arrival time

                  0.15   10.00   10.00   clock sclk (rise edge)
                          0.00   10.00   clock network delay (ideal)
                         -0.25    9.75   clock uncertainty
                          0.00    9.75   clock reconvergence pessimism
                         -2.00    7.75   output external delay
                                  7.75   data required time
-----------------------------------------------------------------------------
                                  7.75   data required time
                                 -0.54   data arrival time
-----------------------------------------------------------------------------
                                  7.21   slack (MET)


Startpoint: _34_ (rising edge-triggered flip-flop clocked by sclk)
Endpoint: data[6] (output port clocked by sclk)
Path Group: sclk
Path Type: max

Fanout     Cap    Slew   Delay    Time   Description
-----------------------------------------------------------------------------
                  0.15    0.00    0.00   clock sclk (rise edge)
                          0.00    0.00   clock network delay (ideal)
                  0.15    0.00    0.00 ^ _34_/CLK (sky130_fd_sc_hd__dfrtp_2)
     3    0.04    0.12    0.54    0.54 v _34_/Q (sky130_fd_sc_hd__dfrtp_2)
                                         data[6] (net)
                  0.12    0.00    0.54 v data[6] (out)
                                  0.54   data arrival time

                  0.15   10.00   10.00   clock sclk (rise edge)
                          0.00   10.00   clock network delay (ideal)
                         -0.25    9.75   clock uncertainty
                          0.00    9.75   clock reconvergence pessimism
                         -2.00    7.75   output external delay
                                  7.75   data required time
-----------------------------------------------------------------------------
                                  7.75   data required time
                                 -0.54   data arrival time
-----------------------------------------------------------------------------
                                  7.21   slack (MET)


Startpoint: _28_ (rising edge-triggered flip-flop clocked by sclk)
Endpoint: data[0] (output port clocked by sclk)
Path Group: sclk
Path Type: max

Fanout     Cap    Slew   Delay    Time   Description
-----------------------------------------------------------------------------
                  0.15    0.00    0.00   clock sclk (rise edge)
                          0.00    0.00   clock network delay (ideal)
                  0.15    0.00    0.00 ^ _28_/CLK (sky130_fd_sc_hd__dfrtp_2)
     2    0.04    0.11    0.53    0.53 v _28_/Q (sky130_fd_sc_hd__dfrtp_2)
                                         data[0] (net)
                  0.11    0.00    0.53 v data[0] (out)
                                  0.53   data arrival time

                  0.15   10.00   10.00   clock sclk (rise edge)
                          0.00   10.00   clock network delay (ideal)
                         -0.25    9.75   clock uncertainty
                          0.00    9.75   clock reconvergence pessimism
                         -2.00    7.75   output external delay
                                  7.75   data required time
-----------------------------------------------------------------------------
                                  7.75   data required time
                                 -0.53   data arrival time
-----------------------------------------------------------------------------
                                  7.22   slack (MET)


Startpoint: reset (input port clocked by sclk)
Endpoint: _28_ (recovery check against rising-edge clock sclk)
Path Group: asynchronous
Path Type: max

Fanout     Cap    Slew   Delay    Time   Description
-----------------------------------------------------------------------------
                  0.15    0.00    0.00   clock sclk (rise edge)
                          0.00    0.00   clock network delay (ideal)
                          2.00    2.00 ^ input external delay
     7    0.03    0.12    0.09    2.09 ^ reset (in)
                                         reset (net)
                  0.12    0.00    2.09 ^ _28_/RESET_B (sky130_fd_sc_hd__dfrtp_2)
                                  2.09   data arrival time

                  0.15   10.00   10.00   clock sclk (rise edge)
                          0.00   10.00   clock network delay (ideal)
                         -0.25    9.75   clock uncertainty
                          0.00    9.75   clock reconvergence pessimism
                                  9.75 ^ _28_/CLK (sky130_fd_sc_hd__dfrtp_2)
                          0.23    9.98   library recovery time
                                  9.98   data required time
-----------------------------------------------------------------------------
                                  9.98   data required time
                                 -2.09   data arrival time
-----------------------------------------------------------------------------
                                  7.89   slack (MET)


Startpoint: reset (input port clocked by sclk)
Endpoint: _29_ (recovery check against rising-edge clock sclk)
Path Group: asynchronous
Path Type: max

Fanout     Cap    Slew   Delay    Time   Description
-----------------------------------------------------------------------------
                  0.15    0.00    0.00   clock sclk (rise edge)
                          0.00    0.00   clock network delay (ideal)
                          2.00    2.00 ^ input external delay
     7    0.03    0.12    0.09    2.09 ^ reset (in)
                                         reset (net)
                  0.12    0.00    2.09 ^ _29_/RESET_B (sky130_fd_sc_hd__dfrtp_2)
                                  2.09   data arrival time

                  0.15   10.00   10.00   clock sclk (rise edge)
                          0.00   10.00   clock network delay (ideal)
                         -0.25    9.75   clock uncertainty
                          0.00    9.75   clock reconvergence pessimism
                                  9.75 ^ _29_/CLK (sky130_fd_sc_hd__dfrtp_2)
                          0.23    9.98   library recovery time
                                  9.98   data required time
-----------------------------------------------------------------------------
                                  9.98   data required time
                                 -2.09   data arrival time
-----------------------------------------------------------------------------
                                  7.89   slack (MET)


Startpoint: reset (input port clocked by sclk)
Endpoint: _30_ (recovery check against rising-edge clock sclk)
Path Group: asynchronous
Path Type: max

Fanout     Cap    Slew   Delay    Time   Description
-----------------------------------------------------------------------------
                  0.15    0.00    0.00   clock sclk (rise edge)
                          0.00    0.00   clock network delay (ideal)
                          2.00    2.00 ^ input external delay
     7    0.03    0.12    0.09    2.09 ^ reset (in)
                                         reset (net)
                  0.12    0.00    2.09 ^ _30_/RESET_B (sky130_fd_sc_hd__dfrtp_2)
                                  2.09   data arrival time

                  0.15   10.00   10.00   clock sclk (rise edge)
                          0.00   10.00   clock network delay (ideal)
                         -0.25    9.75   clock uncertainty
                          0.00    9.75   clock reconvergence pessimism
                                  9.75 ^ _30_/CLK (sky130_fd_sc_hd__dfrtp_2)
                          0.23    9.98   library recovery time
                                  9.98   data required time
-----------------------------------------------------------------------------
                                  9.98   data required time
                                 -2.09   data arrival time
-----------------------------------------------------------------------------
                                  7.89   slack (MET)


Startpoint: reset (input port clocked by sclk)
Endpoint: _31_ (recovery check against rising-edge clock sclk)
Path Group: asynchronous
Path Type: max

Fanout     Cap    Slew   Delay    Time   Description
-----------------------------------------------------------------------------
                  0.15    0.00    0.00   clock sclk (rise edge)
                          0.00    0.00   clock network delay (ideal)
                          2.00    2.00 ^ input external delay
     7    0.03    0.12    0.09    2.09 ^ reset (in)
                                         reset (net)
                  0.12    0.00    2.09 ^ _31_/RESET_B (sky130_fd_sc_hd__dfrtp_2)
                                  2.09   data arrival time

                  0.15   10.00   10.00   clock sclk (rise edge)
                          0.00   10.00   clock network delay (ideal)
                         -0.25    9.75   clock uncertainty
                          0.00    9.75   clock reconvergence pessimism
                                  9.75 ^ _31_/CLK (sky130_fd_sc_hd__dfrtp_2)
                          0.23    9.98   library recovery time
                                  9.98   data required time
-----------------------------------------------------------------------------
                                  9.98   data required time
                                 -2.09   data arrival time
-----------------------------------------------------------------------------
                                  7.89   slack (MET)


Startpoint: reset (input port clocked by sclk)
Endpoint: _32_ (recovery check against rising-edge clock sclk)
Path Group: asynchronous
Path Type: max

Fanout     Cap    Slew   Delay    Time   Description
-----------------------------------------------------------------------------
                  0.15    0.00    0.00   clock sclk (rise edge)
                          0.00    0.00   clock network delay (ideal)
                          2.00    2.00 ^ input external delay
     7    0.03    0.12    0.09    2.09 ^ reset (in)
                                         reset (net)
                  0.12    0.00    2.09 ^ _32_/RESET_B (sky130_fd_sc_hd__dfrtp_2)
                                  2.09   data arrival time

                  0.15   10.00   10.00   clock sclk (rise edge)
                          0.00   10.00   clock network delay (ideal)
                         -0.25    9.75   clock uncertainty
                          0.00    9.75   clock reconvergence pessimism
                                  9.75 ^ _32_/CLK (sky130_fd_sc_hd__dfrtp_2)
                          0.23    9.98   library recovery time
                                  9.98   data required time
-----------------------------------------------------------------------------
                                  9.98   data required time
                                 -2.09   data arrival time
-----------------------------------------------------------------------------
                                  7.89   slack (MET)


Startpoint: reset (input port clocked by sclk)
Endpoint: _33_ (recovery check against rising-edge clock sclk)
Path Group: asynchronous
Path Type: max

Fanout     Cap    Slew   Delay    Time   Description
-----------------------------------------------------------------------------
                  0.15    0.00    0.00   clock sclk (rise edge)
                          0.00    0.00   clock network delay (ideal)
                          2.00    2.00 ^ input external delay
     7    0.03    0.12    0.09    2.09 ^ reset (in)
                                         reset (net)
                  0.12    0.00    2.09 ^ _33_/RESET_B (sky130_fd_sc_hd__dfrtp_2)
                                  2.09   data arrival time

                  0.15   10.00   10.00   clock sclk (rise edge)
                          0.00   10.00   clock network delay (ideal)
                         -0.25    9.75   clock uncertainty
                          0.00    9.75   clock reconvergence pessimism
                                  9.75 ^ _33_/CLK (sky130_fd_sc_hd__dfrtp_2)
                          0.23    9.98   library recovery time
                                  9.98   data required time
-----------------------------------------------------------------------------
                                  9.98   data required time
                                 -2.09   data arrival time
-----------------------------------------------------------------------------
                                  7.89   slack (MET)


Startpoint: reset (input port clocked by sclk)
Endpoint: _34_ (recovery check against rising-edge clock sclk)
Path Group: asynchronous
Path Type: max

Fanout     Cap    Slew   Delay    Time   Description
-----------------------------------------------------------------------------
                  0.15    0.00    0.00   clock sclk (rise edge)
                          0.00    0.00   clock network delay (ideal)
                          2.00    2.00 ^ input external delay
     7    0.03    0.12    0.09    2.09 ^ reset (in)
                                         reset (net)
                  0.12    0.00    2.09 ^ _34_/RESET_B (sky130_fd_sc_hd__dfrtp_2)
                                  2.09   data arrival time

                  0.15   10.00   10.00   clock sclk (rise edge)
                          0.00   10.00   clock network delay (ideal)
                         -0.25    9.75   clock uncertainty
                          0.00    9.75   clock reconvergence pessimism
                                  9.75 ^ _34_/CLK (sky130_fd_sc_hd__dfrtp_2)
                          0.23    9.98   library recovery time
                                  9.98   data required time
-----------------------------------------------------------------------------
                                  9.98   data required time
                                 -2.09   data arrival time
-----------------------------------------------------------------------------
                                  7.89   slack (MET)



worst slack corner Typical: 7.1501
max_report_end
checks_report

===========================================================================
report_checks -unconstrained
===========================================================================
======================= Typical Corner ===================================

Startpoint: reset (input port clocked by sclk)
Endpoint: _28_ (recovery check against rising-edge clock sclk)
Path Group: asynchronous
Path Type: max

Fanout     Cap    Slew   Delay    Time   Description
-----------------------------------------------------------------------------
                  0.15    0.00    0.00   clock sclk (rise edge)
                          0.00    0.00   clock network delay (ideal)
                          2.00    2.00 ^ input external delay
     7    0.03    0.12    0.09    2.09 ^ reset (in)
                                         reset (net)
                  0.12    0.00    2.09 ^ _28_/RESET_B (sky130_fd_sc_hd__dfrtp_2)
                                  2.09   data arrival time

                  0.15   10.00   10.00   clock sclk (rise edge)
                          0.00   10.00   clock network delay (ideal)
                         -0.25    9.75   clock uncertainty
                          0.00    9.75   clock reconvergence pessimism
                                  9.75 ^ _28_/CLK (sky130_fd_sc_hd__dfrtp_2)
                          0.23    9.98   library recovery time
                                  9.98   data required time
-----------------------------------------------------------------------------
                                  9.98   data required time
                                 -2.09   data arrival time
-----------------------------------------------------------------------------
                                  7.89   slack (MET)


Startpoint: ss (input port clocked by sclk)
Endpoint: _28_ (rising edge-triggered flip-flop clocked by sclk)
Path Group: sclk
Path Type: max

Fanout     Cap    Slew   Delay    Time   Description
-----------------------------------------------------------------------------
                  0.15    0.00    0.00   clock sclk (rise edge)
                          0.00    0.00   clock network delay (ideal)
                          2.00    2.00 ^ input external delay
     7    0.02    0.11    0.08    2.08 ^ ss (in)
                                         ss (net)
                  0.11    0.00    2.08 ^ _14_/S (sky130_fd_sc_hd__mux2_2)
     1    0.00    0.05    0.35    2.43 v _14_/X (sky130_fd_sc_hd__mux2_2)
                                         _07_ (net)
                  0.05    0.00    2.43 v _15_/A (sky130_fd_sc_hd__buf_1)
     1    0.00    0.02    0.09    2.52 v _15_/X (sky130_fd_sc_hd__buf_1)
                                         _05_ (net)
                  0.02    0.00    2.52 v _28_/D (sky130_fd_sc_hd__dfrtp_2)
                                  2.52   data arrival time

                  0.15   10.00   10.00   clock sclk (rise edge)
                          0.00   10.00   clock network delay (ideal)
                         -0.25    9.75   clock uncertainty
                          0.00    9.75   clock reconvergence pessimism
                                  9.75 ^ _28_/CLK (sky130_fd_sc_hd__dfrtp_2)
                         -0.08    9.67   library setup time
                                  9.67   data required time
-----------------------------------------------------------------------------
                                  9.67   data required time
                                 -2.52   data arrival time
-----------------------------------------------------------------------------
                                  7.15   slack (MET)




===========================================================================
report_checks --slack_max -0.01
============================================================================
======================= Typical Corner ===================================

No paths found.


===========================================================================
 report_check_types -max_slew -max_cap -max_fanout -violators
============================================================================
======================= Typical Corner ===================================


max slew violations count Typical: 0
max fanout violations count Typical: 0
max cap violations count Typical: 0

===========================================================================
report_parasitic_annotation -report_unannotated
============================================================================
Found 27 unannotated drivers.
 reset
 sclk
 sdi
 ss
 _14_/X
 _15_/X
 _16_/X
 _17_/X
 _18_/X
 _19_/X
 _20_/X
 _21_/X
 _22_/X
 _23_/X
 _24_/X
 _25_/X
 _26_/X
 _27_/X
 _28_/Q
 _29_/Q
 _30_/Q
 _31_/Q
 _32_/Q
 _33_/Q
 _34_/Q
 _35_/HI
 _35_/LO
Found 0 partially unannotated drivers.

===========================================================================
max slew violation count 0
max fanout violation count 0
max cap violation count 0
============================================================================

===========================================================================
check_setup -verbose -unconstrained_endpoints -multiple_clock -no_clock -no_input_delay -loops -generated_clocks
===========================================================================
Warning: There is 1 unconstrained endpoint.
  data[7]
checks_report_end
power_report

===========================================================================
 report_power
============================================================================
======================= Typical Corner ===================================

Group                  Internal  Switching    Leakage      Total
                          Power      Power      Power      Power (Watts)
----------------------------------------------------------------
Sequential             3.06e-05   1.03e-05   7.46e-11   4.09e-05  88.2%
Combinational          4.29e-06   1.17e-06   3.89e-11   5.47e-06  11.8%
Macro                  0.00e+00   0.00e+00   0.00e+00   0.00e+00   0.0%
Pad                    0.00e+00   0.00e+00   0.00e+00   0.00e+00   0.0%
----------------------------------------------------------------
Total                  3.49e-05   1.15e-05   1.14e-10   4.64e-05 100.0%
                          75.3%      24.7%       0.0%

power_report_end
skew_report

===========================================================================
report_clock_skew
============================================================================
Clock sclk
Latency      CRPR       Skew
_28_/CLK ^
   0.05
_28_/CLK ^
   0.04      0.00       0.00

skew_report_end
summary_report

===========================================================================
report_tns
============================================================================
tns 0.00

===========================================================================
report_wns
============================================================================
wns 0.00

===========================================================================
report_worst_slack -max (Setup)
============================================================================
worst slack 7.15

===========================================================================
report_worst_slack -min (Hold)
============================================================================
worst slack 0.47
summary_report_end
[WARNING] Did not save OpenROAD database!
Writing SDF to '/shift/openlane/sr/runs/RUN_2023.10.27_18.18.11/results/synthesis/sr.sdf'…
