OpenROAD bdc8e944cd08ba8edebeca19fa531bd026690330 
This program is licensed under the BSD-3 license. See the LICENSE file for details.
Components of this program may be licensed under more restrictive licenses which must be honored.
[INFO]: Reading ODB at '/shift/openlane/sr/runs/RUN_2023.10.27_18.18.11/tmp/routing/19-global.odb'…
define_corners Typical
read_liberty -corner Typical /home/jr_dig/unic-cass/pdks/sky130A/libs.ref/sky130_fd_sc_hd/lib/sky130_fd_sc_hd__tt_025C_1v80.lib
Using 1e-12 for capacitance...
Using 1e+03 for resistance...
Using 1e-09 for time...
Using 1e+00 for voltage...
Using 1e-03 for current...
Using 1e-09 for power...
Using 1e-06 for distance...
Reading design constraints file at '/openlane/scripts/base.sdc'…
[INFO]: Setting output delay to: 2.0
[INFO]: Setting input delay to: 2.0
[INFO]: Setting load to: 0.033442
[INFO]: Setting clock uncertainty to: 0.25
[INFO]: Setting clock transition to: 0.15
[INFO]: Setting timing derate to: 5.0 %
min_report

===========================================================================
report_checks -path_delay min (Hold)
============================================================================
======================= Typical Corner ===================================

Startpoint: _29_ (rising edge-triggered flip-flop clocked by sclk)
Endpoint: _28_ (rising edge-triggered flip-flop clocked by sclk)
Path Group: sclk
Path Type: min

Fanout     Cap    Slew   Delay    Time   Description
-----------------------------------------------------------------------------
                  0.15    0.00    0.00   clock sclk (rise edge)
                          0.00    0.00   clock network delay (ideal)
                  0.15    0.00    0.00 ^ _29_/CLK (sky130_fd_sc_hd__dfrtp_1)
     3    0.01    0.07    0.35    0.35 ^ _29_/Q (sky130_fd_sc_hd__dfrtp_1)
                                         net5 (net)
                  0.07    0.00    0.35 ^ _14_/A0 (sky130_fd_sc_hd__mux2_1)
     1    0.00    0.04    0.11    0.47 ^ _14_/X (sky130_fd_sc_hd__mux2_1)
                                         _07_ (net)
                  0.04    0.00    0.47 ^ _15_/A (sky130_fd_sc_hd__clkbuf_1)
     1    0.00    0.04    0.07    0.53 ^ _15_/X (sky130_fd_sc_hd__clkbuf_1)
                                         _05_ (net)
                  0.04    0.00    0.53 ^ _28_/D (sky130_fd_sc_hd__dfrtp_1)
                                  0.53   data arrival time

                  0.15    0.00    0.00   clock sclk (rise edge)
                          0.00    0.00   clock network delay (ideal)
                          0.25    0.25   clock uncertainty
                          0.00    0.25   clock reconvergence pessimism
                                  0.25 ^ _28_/CLK (sky130_fd_sc_hd__dfrtp_1)
                         -0.02    0.23   library hold time
                                  0.23   data required time
-----------------------------------------------------------------------------
                                  0.23   data required time
                                 -0.53   data arrival time
-----------------------------------------------------------------------------
                                  0.30   slack (MET)


Startpoint: _31_ (rising edge-triggered flip-flop clocked by sclk)
Endpoint: _30_ (rising edge-triggered flip-flop clocked by sclk)
Path Group: sclk
Path Type: min

Fanout     Cap    Slew   Delay    Time   Description
-----------------------------------------------------------------------------
                  0.15    0.00    0.00   clock sclk (rise edge)
                          0.00    0.00   clock network delay (ideal)
                  0.15    0.00    0.00 ^ _31_/CLK (sky130_fd_sc_hd__dfrtp_1)
     3    0.01    0.07    0.35    0.35 ^ _31_/Q (sky130_fd_sc_hd__dfrtp_1)
                                         net7 (net)
                  0.07    0.00    0.35 ^ _18_/A0 (sky130_fd_sc_hd__mux2_1)
     1    0.00    0.04    0.11    0.47 ^ _18_/X (sky130_fd_sc_hd__mux2_1)
                                         _09_ (net)
                  0.04    0.00    0.47 ^ _19_/A (sky130_fd_sc_hd__clkbuf_1)
     1    0.00    0.04    0.07    0.53 ^ _19_/X (sky130_fd_sc_hd__clkbuf_1)
                                         _00_ (net)
                  0.04    0.00    0.53 ^ _30_/D (sky130_fd_sc_hd__dfrtp_1)
                                  0.53   data arrival time

                  0.15    0.00    0.00   clock sclk (rise edge)
                          0.00    0.00   clock network delay (ideal)
                          0.25    0.25   clock uncertainty
                          0.00    0.25   clock reconvergence pessimism
                                  0.25 ^ _30_/CLK (sky130_fd_sc_hd__dfrtp_1)
                         -0.02    0.23   library hold time
                                  0.23   data required time
-----------------------------------------------------------------------------
                                  0.23   data required time
                                 -0.53   data arrival time
-----------------------------------------------------------------------------
                                  0.30   slack (MET)


Startpoint: _34_ (rising edge-triggered flip-flop clocked by sclk)
Endpoint: _33_ (rising edge-triggered flip-flop clocked by sclk)
Path Group: sclk
Path Type: min

Fanout     Cap    Slew   Delay    Time   Description
-----------------------------------------------------------------------------
                  0.15    0.00    0.00   clock sclk (rise edge)
                          0.00    0.00   clock network delay (ideal)
                  0.15    0.00    0.00 ^ _34_/CLK (sky130_fd_sc_hd__dfrtp_1)
     3    0.01    0.07    0.35    0.35 ^ _34_/Q (sky130_fd_sc_hd__dfrtp_1)
                                         net10 (net)
                  0.07    0.00    0.35 ^ _24_/A0 (sky130_fd_sc_hd__mux2_1)
     1    0.00    0.04    0.11    0.47 ^ _24_/X (sky130_fd_sc_hd__mux2_1)
                                         _12_ (net)
                  0.04    0.00    0.47 ^ _25_/A (sky130_fd_sc_hd__clkbuf_1)
     1    0.00    0.04    0.07    0.53 ^ _25_/X (sky130_fd_sc_hd__clkbuf_1)
                                         _03_ (net)
                  0.04    0.00    0.53 ^ _33_/D (sky130_fd_sc_hd__dfrtp_1)
                                  0.53   data arrival time

                  0.15    0.00    0.00   clock sclk (rise edge)
                          0.00    0.00   clock network delay (ideal)
                          0.25    0.25   clock uncertainty
                          0.00    0.25   clock reconvergence pessimism
                                  0.25 ^ _33_/CLK (sky130_fd_sc_hd__dfrtp_1)
                         -0.02    0.23   library hold time
                                  0.23   data required time
-----------------------------------------------------------------------------
                                  0.23   data required time
                                 -0.53   data arrival time
-----------------------------------------------------------------------------
                                  0.30   slack (MET)


Startpoint: _31_ (rising edge-triggered flip-flop clocked by sclk)
Endpoint: _31_ (rising edge-triggered flip-flop clocked by sclk)
Path Group: sclk
Path Type: min

Fanout     Cap    Slew   Delay    Time   Description
-----------------------------------------------------------------------------
                  0.15    0.00    0.00   clock sclk (rise edge)
                          0.00    0.00   clock network delay (ideal)
                  0.15    0.00    0.00 ^ _31_/CLK (sky130_fd_sc_hd__dfrtp_1)
     3    0.01    0.07    0.35    0.35 ^ _31_/Q (sky130_fd_sc_hd__dfrtp_1)
                                         net7 (net)
                  0.07    0.00    0.35 ^ _20_/A1 (sky130_fd_sc_hd__mux2_1)
     1    0.00    0.04    0.11    0.47 ^ _20_/X (sky130_fd_sc_hd__mux2_1)
                                         _10_ (net)
                  0.04    0.00    0.47 ^ _21_/A (sky130_fd_sc_hd__clkbuf_1)
     1    0.00    0.04    0.07    0.54 ^ _21_/X (sky130_fd_sc_hd__clkbuf_1)
                                         _01_ (net)
                  0.04    0.00    0.54 ^ _31_/D (sky130_fd_sc_hd__dfrtp_1)
                                  0.54   data arrival time

                  0.15    0.00    0.00   clock sclk (rise edge)
                          0.00    0.00   clock network delay (ideal)
                          0.25    0.25   clock uncertainty
                          0.00    0.25   clock reconvergence pessimism
                                  0.25 ^ _31_/CLK (sky130_fd_sc_hd__dfrtp_1)
                         -0.02    0.23   library hold time
                                  0.23   data required time
-----------------------------------------------------------------------------
                                  0.23   data required time
                                 -0.54   data arrival time
-----------------------------------------------------------------------------
                                  0.31   slack (MET)


Startpoint: _34_ (rising edge-triggered flip-flop clocked by sclk)
Endpoint: _34_ (rising edge-triggered flip-flop clocked by sclk)
Path Group: sclk
Path Type: min

Fanout     Cap    Slew   Delay    Time   Description
-----------------------------------------------------------------------------
                  0.15    0.00    0.00   clock sclk (rise edge)
                          0.00    0.00   clock network delay (ideal)
                  0.15    0.00    0.00 ^ _34_/CLK (sky130_fd_sc_hd__dfrtp_1)
     3    0.01    0.07    0.35    0.35 ^ _34_/Q (sky130_fd_sc_hd__dfrtp_1)
                                         net10 (net)
                  0.07    0.00    0.35 ^ _26_/A1 (sky130_fd_sc_hd__mux2_1)
     1    0.00    0.04    0.11    0.47 ^ _26_/X (sky130_fd_sc_hd__mux2_1)
                                         _13_ (net)
                  0.04    0.00    0.47 ^ _27_/A (sky130_fd_sc_hd__clkbuf_1)
     1    0.00    0.04    0.07    0.54 ^ _27_/X (sky130_fd_sc_hd__clkbuf_1)
                                         _04_ (net)
                  0.04    0.00    0.54 ^ _34_/D (sky130_fd_sc_hd__dfrtp_1)
                                  0.54   data arrival time

                  0.15    0.00    0.00   clock sclk (rise edge)
                          0.00    0.00   clock network delay (ideal)
                          0.25    0.25   clock uncertainty
                          0.00    0.25   clock reconvergence pessimism
                                  0.25 ^ _34_/CLK (sky130_fd_sc_hd__dfrtp_1)
                         -0.02    0.23   library hold time
                                  0.23   data required time
-----------------------------------------------------------------------------
                                  0.23   data required time
                                 -0.54   data arrival time
-----------------------------------------------------------------------------
                                  0.31   slack (MET)


Startpoint: _32_ (rising edge-triggered flip-flop clocked by sclk)
Endpoint: _32_ (rising edge-triggered flip-flop clocked by sclk)
Path Group: sclk
Path Type: min

Fanout     Cap    Slew   Delay    Time   Description
-----------------------------------------------------------------------------
                  0.15    0.00    0.00   clock sclk (rise edge)
                          0.00    0.00   clock network delay (ideal)
                  0.15    0.00    0.00 ^ _32_/CLK (sky130_fd_sc_hd__dfrtp_1)
     3    0.01    0.07    0.35    0.35 ^ _32_/Q (sky130_fd_sc_hd__dfrtp_1)
                                         net8 (net)
                  0.07    0.00    0.35 ^ _22_/A1 (sky130_fd_sc_hd__mux2_1)
     1    0.00    0.04    0.12    0.47 ^ _22_/X (sky130_fd_sc_hd__mux2_1)
                                         _11_ (net)
                  0.04    0.00    0.47 ^ _23_/A (sky130_fd_sc_hd__clkbuf_1)
     1    0.00    0.04    0.07    0.54 ^ _23_/X (sky130_fd_sc_hd__clkbuf_1)
                                         _02_ (net)
                  0.04    0.00    0.54 ^ _32_/D (sky130_fd_sc_hd__dfrtp_1)
                                  0.54   data arrival time

                  0.15    0.00    0.00   clock sclk (rise edge)
                          0.00    0.00   clock network delay (ideal)
                          0.25    0.25   clock uncertainty
                          0.00    0.25   clock reconvergence pessimism
                                  0.25 ^ _32_/CLK (sky130_fd_sc_hd__dfrtp_1)
                         -0.02    0.23   library hold time
                                  0.23   data required time
-----------------------------------------------------------------------------
                                  0.23   data required time
                                 -0.54   data arrival time
-----------------------------------------------------------------------------
                                  0.31   slack (MET)


Startpoint: _29_ (rising edge-triggered flip-flop clocked by sclk)
Endpoint: _29_ (rising edge-triggered flip-flop clocked by sclk)
Path Group: sclk
Path Type: min

Fanout     Cap    Slew   Delay    Time   Description
-----------------------------------------------------------------------------
                  0.15    0.00    0.00   clock sclk (rise edge)
                          0.00    0.00   clock network delay (ideal)
                  0.15    0.00    0.00 ^ _29_/CLK (sky130_fd_sc_hd__dfrtp_1)
     3    0.01    0.07    0.35    0.35 ^ _29_/Q (sky130_fd_sc_hd__dfrtp_1)
                                         net5 (net)
                  0.07    0.00    0.35 ^ _16_/A1 (sky130_fd_sc_hd__mux2_1)
     1    0.00    0.03    0.11    0.47 ^ _16_/X (sky130_fd_sc_hd__mux2_1)
                                         _08_ (net)
                  0.03    0.00    0.47 ^ hold3/A (sky130_fd_sc_hd__dlygate4sd3_1)
     1    0.00    0.05    0.50    0.96 ^ hold3/X (sky130_fd_sc_hd__dlygate4sd3_1)
                                         net14 (net)
                  0.05    0.00    0.96 ^ _17_/A (sky130_fd_sc_hd__clkbuf_1)
     1    0.00    0.04    0.07    1.04 ^ _17_/X (sky130_fd_sc_hd__clkbuf_1)
                                         _06_ (net)
                  0.04    0.00    1.04 ^ _29_/D (sky130_fd_sc_hd__dfrtp_1)
                                  1.04   data arrival time

                  0.15    0.00    0.00   clock sclk (rise edge)
                          0.00    0.00   clock network delay (ideal)
                          0.25    0.25   clock uncertainty
                          0.00    0.25   clock reconvergence pessimism
                                  0.25 ^ _29_/CLK (sky130_fd_sc_hd__dfrtp_1)
                         -0.02    0.23   library hold time
                                  0.23   data required time
-----------------------------------------------------------------------------
                                  0.23   data required time
                                 -1.04   data arrival time
-----------------------------------------------------------------------------
                                  0.81   slack (MET)


Startpoint: reset (input port clocked by sclk)
Endpoint: _28_ (removal check against rising-edge clock sclk)
Path Group: asynchronous
Path Type: min

Fanout     Cap    Slew   Delay    Time   Description
-----------------------------------------------------------------------------
                  0.15    0.00    0.00   clock sclk (rise edge)
                          0.00    0.00   clock network delay (ideal)
                          2.00    2.00 ^ input external delay
     1    0.00    0.02    0.01    2.01 ^ reset (in)
                                         reset (net)
                  0.02    0.00    2.01 ^ input1/A (sky130_fd_sc_hd__clkbuf_4)
     7    0.03    0.09    0.15    2.16 ^ input1/X (sky130_fd_sc_hd__clkbuf_4)
                                         net1 (net)
                  0.09    0.00    2.16 ^ _28_/RESET_B (sky130_fd_sc_hd__dfrtp_1)
                                  2.16   data arrival time

                  0.15    0.00    0.00   clock sclk (rise edge)
                          0.00    0.00   clock network delay (ideal)
                          0.25    0.25   clock uncertainty
                          0.00    0.25   clock reconvergence pessimism
                                  0.25 ^ _28_/CLK (sky130_fd_sc_hd__dfrtp_1)
                          0.36    0.61   library removal time
                                  0.61   data required time
-----------------------------------------------------------------------------
                                  0.61   data required time
                                 -2.16   data arrival time
-----------------------------------------------------------------------------
                                  1.55   slack (MET)


Startpoint: reset (input port clocked by sclk)
Endpoint: _29_ (removal check against rising-edge clock sclk)
Path Group: asynchronous
Path Type: min

Fanout     Cap    Slew   Delay    Time   Description
-----------------------------------------------------------------------------
                  0.15    0.00    0.00   clock sclk (rise edge)
                          0.00    0.00   clock network delay (ideal)
                          2.00    2.00 ^ input external delay
     1    0.00    0.02    0.01    2.01 ^ reset (in)
                                         reset (net)
                  0.02    0.00    2.01 ^ input1/A (sky130_fd_sc_hd__clkbuf_4)
     7    0.03    0.09    0.15    2.16 ^ input1/X (sky130_fd_sc_hd__clkbuf_4)
                                         net1 (net)
                  0.09    0.00    2.16 ^ _29_/RESET_B (sky130_fd_sc_hd__dfrtp_1)
                                  2.16   data arrival time

                  0.15    0.00    0.00   clock sclk (rise edge)
                          0.00    0.00   clock network delay (ideal)
                          0.25    0.25   clock uncertainty
                          0.00    0.25   clock reconvergence pessimism
                                  0.25 ^ _29_/CLK (sky130_fd_sc_hd__dfrtp_1)
                          0.36    0.61   library removal time
                                  0.61   data required time
-----------------------------------------------------------------------------
                                  0.61   data required time
                                 -2.16   data arrival time
-----------------------------------------------------------------------------
                                  1.55   slack (MET)


Startpoint: reset (input port clocked by sclk)
Endpoint: _30_ (removal check against rising-edge clock sclk)
Path Group: asynchronous
Path Type: min

Fanout     Cap    Slew   Delay    Time   Description
-----------------------------------------------------------------------------
                  0.15    0.00    0.00   clock sclk (rise edge)
                          0.00    0.00   clock network delay (ideal)
                          2.00    2.00 ^ input external delay
     1    0.00    0.02    0.01    2.01 ^ reset (in)
                                         reset (net)
                  0.02    0.00    2.01 ^ input1/A (sky130_fd_sc_hd__clkbuf_4)
     7    0.03    0.09    0.15    2.16 ^ input1/X (sky130_fd_sc_hd__clkbuf_4)
                                         net1 (net)
                  0.09    0.00    2.16 ^ _30_/RESET_B (sky130_fd_sc_hd__dfrtp_1)
                                  2.16   data arrival time

                  0.15    0.00    0.00   clock sclk (rise edge)
                          0.00    0.00   clock network delay (ideal)
                          0.25    0.25   clock uncertainty
                          0.00    0.25   clock reconvergence pessimism
                                  0.25 ^ _30_/CLK (sky130_fd_sc_hd__dfrtp_1)
                          0.36    0.61   library removal time
                                  0.61   data required time
-----------------------------------------------------------------------------
                                  0.61   data required time
                                 -2.16   data arrival time
-----------------------------------------------------------------------------
                                  1.55   slack (MET)


Startpoint: reset (input port clocked by sclk)
Endpoint: _31_ (removal check against rising-edge clock sclk)
Path Group: asynchronous
Path Type: min

Fanout     Cap    Slew   Delay    Time   Description
-----------------------------------------------------------------------------
                  0.15    0.00    0.00   clock sclk (rise edge)
                          0.00    0.00   clock network delay (ideal)
                          2.00    2.00 ^ input external delay
     1    0.00    0.02    0.01    2.01 ^ reset (in)
                                         reset (net)
                  0.02    0.00    2.01 ^ input1/A (sky130_fd_sc_hd__clkbuf_4)
     7    0.03    0.09    0.15    2.16 ^ input1/X (sky130_fd_sc_hd__clkbuf_4)
                                         net1 (net)
                  0.09    0.00    2.16 ^ _31_/RESET_B (sky130_fd_sc_hd__dfrtp_1)
                                  2.16   data arrival time

                  0.15    0.00    0.00   clock sclk (rise edge)
                          0.00    0.00   clock network delay (ideal)
                          0.25    0.25   clock uncertainty
                          0.00    0.25   clock reconvergence pessimism
                                  0.25 ^ _31_/CLK (sky130_fd_sc_hd__dfrtp_1)
                          0.36    0.61   library removal time
                                  0.61   data required time
-----------------------------------------------------------------------------
                                  0.61   data required time
                                 -2.16   data arrival time
-----------------------------------------------------------------------------
                                  1.55   slack (MET)


Startpoint: reset (input port clocked by sclk)
Endpoint: _32_ (removal check against rising-edge clock sclk)
Path Group: asynchronous
Path Type: min

Fanout     Cap    Slew   Delay    Time   Description
-----------------------------------------------------------------------------
                  0.15    0.00    0.00   clock sclk (rise edge)
                          0.00    0.00   clock network delay (ideal)
                          2.00    2.00 ^ input external delay
     1    0.00    0.02    0.01    2.01 ^ reset (in)
                                         reset (net)
                  0.02    0.00    2.01 ^ input1/A (sky130_fd_sc_hd__clkbuf_4)
     7    0.03    0.09    0.15    2.16 ^ input1/X (sky130_fd_sc_hd__clkbuf_4)
                                         net1 (net)
                  0.09    0.00    2.16 ^ _32_/RESET_B (sky130_fd_sc_hd__dfrtp_1)
                                  2.16   data arrival time

                  0.15    0.00    0.00   clock sclk (rise edge)
                          0.00    0.00   clock network delay (ideal)
                          0.25    0.25   clock uncertainty
                          0.00    0.25   clock reconvergence pessimism
                                  0.25 ^ _32_/CLK (sky130_fd_sc_hd__dfrtp_1)
                          0.36    0.61   library removal time
                                  0.61   data required time
-----------------------------------------------------------------------------
                                  0.61   data required time
                                 -2.16   data arrival time
-----------------------------------------------------------------------------
                                  1.55   slack (MET)


Startpoint: reset (input port clocked by sclk)
Endpoint: _33_ (removal check against rising-edge clock sclk)
Path Group: asynchronous
Path Type: min

Fanout     Cap    Slew   Delay    Time   Description
-----------------------------------------------------------------------------
                  0.15    0.00    0.00   clock sclk (rise edge)
                          0.00    0.00   clock network delay (ideal)
                          2.00    2.00 ^ input external delay
     1    0.00    0.02    0.01    2.01 ^ reset (in)
                                         reset (net)
                  0.02    0.00    2.01 ^ input1/A (sky130_fd_sc_hd__clkbuf_4)
     7    0.03    0.09    0.15    2.16 ^ input1/X (sky130_fd_sc_hd__clkbuf_4)
                                         net1 (net)
                  0.09    0.00    2.16 ^ _33_/RESET_B (sky130_fd_sc_hd__dfrtp_1)
                                  2.16   data arrival time

                  0.15    0.00    0.00   clock sclk (rise edge)
                          0.00    0.00   clock network delay (ideal)
                          0.25    0.25   clock uncertainty
                          0.00    0.25   clock reconvergence pessimism
                                  0.25 ^ _33_/CLK (sky130_fd_sc_hd__dfrtp_1)
                          0.36    0.61   library removal time
                                  0.61   data required time
-----------------------------------------------------------------------------
                                  0.61   data required time
                                 -2.16   data arrival time
-----------------------------------------------------------------------------
                                  1.55   slack (MET)


Startpoint: reset (input port clocked by sclk)
Endpoint: _34_ (removal check against rising-edge clock sclk)
Path Group: asynchronous
Path Type: min

Fanout     Cap    Slew   Delay    Time   Description
-----------------------------------------------------------------------------
                  0.15    0.00    0.00   clock sclk (rise edge)
                          0.00    0.00   clock network delay (ideal)
                          2.00    2.00 ^ input external delay
     1    0.00    0.02    0.01    2.01 ^ reset (in)
                                         reset (net)
                  0.02    0.00    2.01 ^ input1/A (sky130_fd_sc_hd__clkbuf_4)
     7    0.03    0.09    0.15    2.16 ^ input1/X (sky130_fd_sc_hd__clkbuf_4)
                                         net1 (net)
                  0.09    0.00    2.16 ^ _34_/RESET_B (sky130_fd_sc_hd__dfrtp_1)
                                  2.16   data arrival time

                  0.15    0.00    0.00   clock sclk (rise edge)
                          0.00    0.00   clock network delay (ideal)
                          0.25    0.25   clock uncertainty
                          0.00    0.25   clock reconvergence pessimism
                                  0.25 ^ _34_/CLK (sky130_fd_sc_hd__dfrtp_1)
                          0.36    0.61   library removal time
                                  0.61   data required time
-----------------------------------------------------------------------------
                                  0.61   data required time
                                 -2.16   data arrival time
-----------------------------------------------------------------------------
                                  1.55   slack (MET)


Startpoint: _28_ (rising edge-triggered flip-flop clocked by sclk)
Endpoint: data[0] (output port clocked by sclk)
Path Group: sclk
Path Type: min

Fanout     Cap    Slew   Delay    Time   Description
-----------------------------------------------------------------------------
                  0.15    0.00    0.00   clock sclk (rise edge)
                          0.00    0.00   clock network delay (ideal)
                  0.15    0.00    0.00 ^ _28_/CLK (sky130_fd_sc_hd__dfrtp_1)
     2    0.00    0.06    0.34    0.34 ^ _28_/Q (sky130_fd_sc_hd__dfrtp_1)
                                         net4 (net)
                  0.06    0.00    0.34 ^ output4/A (sky130_fd_sc_hd__clkbuf_4)
     1    0.03    0.11    0.18    0.52 ^ output4/X (sky130_fd_sc_hd__clkbuf_4)
                                         data[0] (net)
                  0.11    0.00    0.52 ^ data[0] (out)
                                  0.52   data arrival time

                  0.15    0.00    0.00   clock sclk (rise edge)
                          0.00    0.00   clock network delay (ideal)
                          0.25    0.25   clock uncertainty
                          0.00    0.25   clock reconvergence pessimism
                         -2.00   -1.75   output external delay
                                 -1.75   data required time
-----------------------------------------------------------------------------
                                 -1.75   data required time
                                 -0.52   data arrival time
-----------------------------------------------------------------------------
                                  2.27   slack (MET)


Startpoint: _33_ (rising edge-triggered flip-flop clocked by sclk)
Endpoint: data[5] (output port clocked by sclk)
Path Group: sclk
Path Type: min

Fanout     Cap    Slew   Delay    Time   Description
-----------------------------------------------------------------------------
                  0.15    0.00    0.00   clock sclk (rise edge)
                          0.00    0.00   clock network delay (ideal)
                  0.15    0.00    0.00 ^ _33_/CLK (sky130_fd_sc_hd__dfrtp_1)
     2    0.00    0.06    0.34    0.34 ^ _33_/Q (sky130_fd_sc_hd__dfrtp_1)
                                         net9 (net)
                  0.06    0.00    0.34 ^ output9/A (sky130_fd_sc_hd__clkbuf_4)
     1    0.03    0.11    0.18    0.52 ^ output9/X (sky130_fd_sc_hd__clkbuf_4)
                                         data[5] (net)
                  0.11    0.00    0.52 ^ data[5] (out)
                                  0.52   data arrival time

                  0.15    0.00    0.00   clock sclk (rise edge)
                          0.00    0.00   clock network delay (ideal)
                          0.25    0.25   clock uncertainty
                          0.00    0.25   clock reconvergence pessimism
                         -2.00   -1.75   output external delay
                                 -1.75   data required time
-----------------------------------------------------------------------------
                                 -1.75   data required time
                                 -0.52   data arrival time
-----------------------------------------------------------------------------
                                  2.27   slack (MET)


Startpoint: _30_ (rising edge-triggered flip-flop clocked by sclk)
Endpoint: data[2] (output port clocked by sclk)
Path Group: sclk
Path Type: min

Fanout     Cap    Slew   Delay    Time   Description
-----------------------------------------------------------------------------
                  0.15    0.00    0.00   clock sclk (rise edge)
                          0.00    0.00   clock network delay (ideal)
                  0.15    0.00    0.00 ^ _30_/CLK (sky130_fd_sc_hd__dfrtp_1)
     3    0.01    0.07    0.35    0.35 ^ _30_/Q (sky130_fd_sc_hd__dfrtp_1)
                                         net6 (net)
                  0.07    0.00    0.35 ^ output6/A (sky130_fd_sc_hd__clkbuf_4)
     1    0.03    0.11    0.18    0.54 ^ output6/X (sky130_fd_sc_hd__clkbuf_4)
                                         data[2] (net)
                  0.11    0.00    0.54 ^ data[2] (out)
                                  0.54   data arrival time

                  0.15    0.00    0.00   clock sclk (rise edge)
                          0.00    0.00   clock network delay (ideal)
                          0.25    0.25   clock uncertainty
                          0.00    0.25   clock reconvergence pessimism
                         -2.00   -1.75   output external delay
                                 -1.75   data required time
-----------------------------------------------------------------------------
                                 -1.75   data required time
                                 -0.54   data arrival time
-----------------------------------------------------------------------------
                                  2.29   slack (MET)


Startpoint: _29_ (rising edge-triggered flip-flop clocked by sclk)
Endpoint: data[1] (output port clocked by sclk)
Path Group: sclk
Path Type: min

Fanout     Cap    Slew   Delay    Time   Description
-----------------------------------------------------------------------------
                  0.15    0.00    0.00   clock sclk (rise edge)
                          0.00    0.00   clock network delay (ideal)
                  0.15    0.00    0.00 ^ _29_/CLK (sky130_fd_sc_hd__dfrtp_1)
     3    0.01    0.07    0.35    0.35 ^ _29_/Q (sky130_fd_sc_hd__dfrtp_1)
                                         net5 (net)
                  0.07    0.00    0.35 ^ output5/A (sky130_fd_sc_hd__clkbuf_4)
     1    0.03    0.11    0.18    0.54 ^ output5/X (sky130_fd_sc_hd__clkbuf_4)
                                         data[1] (net)
                  0.11    0.00    0.54 ^ data[1] (out)
                                  0.54   data arrival time

                  0.15    0.00    0.00   clock sclk (rise edge)
                          0.00    0.00   clock network delay (ideal)
                          0.25    0.25   clock uncertainty
                          0.00    0.25   clock reconvergence pessimism
                         -2.00   -1.75   output external delay
                                 -1.75   data required time
-----------------------------------------------------------------------------
                                 -1.75   data required time
                                 -0.54   data arrival time
-----------------------------------------------------------------------------
                                  2.29   slack (MET)


Startpoint: _31_ (rising edge-triggered flip-flop clocked by sclk)
Endpoint: data[3] (output port clocked by sclk)
Path Group: sclk
Path Type: min

Fanout     Cap    Slew   Delay    Time   Description
-----------------------------------------------------------------------------
                  0.15    0.00    0.00   clock sclk (rise edge)
                          0.00    0.00   clock network delay (ideal)
                  0.15    0.00    0.00 ^ _31_/CLK (sky130_fd_sc_hd__dfrtp_1)
     3    0.01    0.07    0.35    0.35 ^ _31_/Q (sky130_fd_sc_hd__dfrtp_1)
                                         net7 (net)
                  0.07    0.00    0.35 ^ output7/A (sky130_fd_sc_hd__clkbuf_4)
     1    0.03    0.11    0.18    0.54 ^ output7/X (sky130_fd_sc_hd__clkbuf_4)
                                         data[3] (net)
                  0.11    0.00    0.54 ^ data[3] (out)
                                  0.54   data arrival time

                  0.15    0.00    0.00   clock sclk (rise edge)
                          0.00    0.00   clock network delay (ideal)
                          0.25    0.25   clock uncertainty
                          0.00    0.25   clock reconvergence pessimism
                         -2.00   -1.75   output external delay
                                 -1.75   data required time
-----------------------------------------------------------------------------
                                 -1.75   data required time
                                 -0.54   data arrival time
-----------------------------------------------------------------------------
                                  2.29   slack (MET)


Startpoint: _34_ (rising edge-triggered flip-flop clocked by sclk)
Endpoint: data[6] (output port clocked by sclk)
Path Group: sclk
Path Type: min

Fanout     Cap    Slew   Delay    Time   Description
-----------------------------------------------------------------------------
                  0.15    0.00    0.00   clock sclk (rise edge)
                          0.00    0.00   clock network delay (ideal)
                  0.15    0.00    0.00 ^ _34_/CLK (sky130_fd_sc_hd__dfrtp_1)
     3    0.01    0.07    0.35    0.35 ^ _34_/Q (sky130_fd_sc_hd__dfrtp_1)
                                         net10 (net)
                  0.07    0.00    0.35 ^ output10/A (sky130_fd_sc_hd__clkbuf_4)
     1    0.03    0.11    0.18    0.54 ^ output10/X (sky130_fd_sc_hd__clkbuf_4)
                                         data[6] (net)
                  0.11    0.00    0.54 ^ data[6] (out)
                                  0.54   data arrival time

                  0.15    0.00    0.00   clock sclk (rise edge)
                          0.00    0.00   clock network delay (ideal)
                          0.25    0.25   clock uncertainty
                          0.00    0.25   clock reconvergence pessimism
                         -2.00   -1.75   output external delay
                                 -1.75   data required time
-----------------------------------------------------------------------------
                                 -1.75   data required time
                                 -0.54   data arrival time
-----------------------------------------------------------------------------
                                  2.29   slack (MET)


Startpoint: _32_ (rising edge-triggered flip-flop clocked by sclk)
Endpoint: data[4] (output port clocked by sclk)
Path Group: sclk
Path Type: min

Fanout     Cap    Slew   Delay    Time   Description
-----------------------------------------------------------------------------
                  0.15    0.00    0.00   clock sclk (rise edge)
                          0.00    0.00   clock network delay (ideal)
                  0.15    0.00    0.00 ^ _32_/CLK (sky130_fd_sc_hd__dfrtp_1)
     3    0.01    0.07    0.35    0.35 ^ _32_/Q (sky130_fd_sc_hd__dfrtp_1)
                                         net8 (net)
                  0.07    0.00    0.35 ^ output8/A (sky130_fd_sc_hd__clkbuf_4)
     1    0.03    0.11    0.18    0.54 ^ output8/X (sky130_fd_sc_hd__clkbuf_4)
                                         data[4] (net)
                  0.11    0.00    0.54 ^ data[4] (out)
                                  0.54   data arrival time

                  0.15    0.00    0.00   clock sclk (rise edge)
                          0.00    0.00   clock network delay (ideal)
                          0.25    0.25   clock uncertainty
                          0.00    0.25   clock reconvergence pessimism
                         -2.00   -1.75   output external delay
                                 -1.75   data required time
-----------------------------------------------------------------------------
                                 -1.75   data required time
                                 -0.54   data arrival time
-----------------------------------------------------------------------------
                                  2.29   slack (MET)



worst slack corner Typical: 0.3032
min_report_end
max_report

===========================================================================
report_checks -path_delay max (Setup)
============================================================================
======================= Typical Corner ===================================

Startpoint: ss (input port clocked by sclk)
Endpoint: _29_ (rising edge-triggered flip-flop clocked by sclk)
Path Group: sclk
Path Type: max

Fanout     Cap    Slew   Delay    Time   Description
-----------------------------------------------------------------------------
                  0.15    0.00    0.00   clock sclk (rise edge)
                          0.00    0.00   clock network delay (ideal)
                          2.00    2.00 ^ input external delay
     1    0.00    0.02    0.01    2.01 ^ ss (in)
                                         ss (net)
                  0.02    0.00    2.01 ^ input3/A (sky130_fd_sc_hd__clkbuf_4)
     7    0.02    0.09    0.16    2.17 ^ input3/X (sky130_fd_sc_hd__clkbuf_4)
                                         net3 (net)
                  0.09    0.00    2.17 ^ _16_/S (sky130_fd_sc_hd__mux2_1)
     1    0.00    0.05    0.32    2.50 v _16_/X (sky130_fd_sc_hd__mux2_1)
                                         _08_ (net)
                  0.05    0.00    2.50 v hold3/A (sky130_fd_sc_hd__dlygate4sd3_1)
     1    0.00    0.05    0.57    3.07 v hold3/X (sky130_fd_sc_hd__dlygate4sd3_1)
                                         net14 (net)
                  0.05    0.00    3.07 v _17_/A (sky130_fd_sc_hd__clkbuf_1)
     1    0.00    0.02    0.09    3.16 v _17_/X (sky130_fd_sc_hd__clkbuf_1)
                                         _06_ (net)
                  0.02    0.00    3.16 v _29_/D (sky130_fd_sc_hd__dfrtp_1)
                                  3.16   data arrival time

                  0.15   10.00   10.00   clock sclk (rise edge)
                          0.00   10.00   clock network delay (ideal)
                         -0.25    9.75   clock uncertainty
                          0.00    9.75   clock reconvergence pessimism
                                  9.75 ^ _29_/CLK (sky130_fd_sc_hd__dfrtp_1)
                         -0.08    9.67   library setup time
                                  9.67   data required time
-----------------------------------------------------------------------------
                                  9.67   data required time
                                 -3.16   data arrival time
-----------------------------------------------------------------------------
                                  6.51   slack (MET)


Startpoint: ss (input port clocked by sclk)
Endpoint: _28_ (rising edge-triggered flip-flop clocked by sclk)
Path Group: sclk
Path Type: max

Fanout     Cap    Slew   Delay    Time   Description
-----------------------------------------------------------------------------
                  0.15    0.00    0.00   clock sclk (rise edge)
                          0.00    0.00   clock network delay (ideal)
                          2.00    2.00 ^ input external delay
     1    0.00    0.02    0.01    2.01 ^ ss (in)
                                         ss (net)
                  0.02    0.00    2.01 ^ input3/A (sky130_fd_sc_hd__clkbuf_4)
     7    0.02    0.09    0.16    2.17 ^ input3/X (sky130_fd_sc_hd__clkbuf_4)
                                         net3 (net)
                  0.09    0.00    2.17 ^ _14_/S (sky130_fd_sc_hd__mux2_1)
     1    0.00    0.05    0.33    2.50 v _14_/X (sky130_fd_sc_hd__mux2_1)
                                         _07_ (net)
                  0.05    0.00    2.50 v _15_/A (sky130_fd_sc_hd__clkbuf_1)
     1    0.00    0.02    0.09    2.59 v _15_/X (sky130_fd_sc_hd__clkbuf_1)
                                         _05_ (net)
                  0.02    0.00    2.59 v _28_/D (sky130_fd_sc_hd__dfrtp_1)
                                  2.59   data arrival time

                  0.15   10.00   10.00   clock sclk (rise edge)
                          0.00   10.00   clock network delay (ideal)
                         -0.25    9.75   clock uncertainty
                          0.00    9.75   clock reconvergence pessimism
                                  9.75 ^ _28_/CLK (sky130_fd_sc_hd__dfrtp_1)
                         -0.08    9.67   library setup time
                                  9.67   data required time
-----------------------------------------------------------------------------
                                  9.67   data required time
                                 -2.59   data arrival time
-----------------------------------------------------------------------------
                                  7.08   slack (MET)


Startpoint: ss (input port clocked by sclk)
Endpoint: _30_ (rising edge-triggered flip-flop clocked by sclk)
Path Group: sclk
Path Type: max

Fanout     Cap    Slew   Delay    Time   Description
-----------------------------------------------------------------------------
                  0.15    0.00    0.00   clock sclk (rise edge)
                          0.00    0.00   clock network delay (ideal)
                          2.00    2.00 ^ input external delay
     1    0.00    0.02    0.01    2.01 ^ ss (in)
                                         ss (net)
                  0.02    0.00    2.01 ^ input3/A (sky130_fd_sc_hd__clkbuf_4)
     7    0.02    0.09    0.16    2.17 ^ input3/X (sky130_fd_sc_hd__clkbuf_4)
                                         net3 (net)
                  0.09    0.00    2.17 ^ _18_/S (sky130_fd_sc_hd__mux2_1)
     1    0.00    0.05    0.33    2.50 v _18_/X (sky130_fd_sc_hd__mux2_1)
                                         _09_ (net)
                  0.05    0.00    2.50 v _19_/A (sky130_fd_sc_hd__clkbuf_1)
     1    0.00    0.02    0.09    2.59 v _19_/X (sky130_fd_sc_hd__clkbuf_1)
                                         _00_ (net)
                  0.02    0.00    2.59 v _30_/D (sky130_fd_sc_hd__dfrtp_1)
                                  2.59   data arrival time

                  0.15   10.00   10.00   clock sclk (rise edge)
                          0.00   10.00   clock network delay (ideal)
                         -0.25    9.75   clock uncertainty
                          0.00    9.75   clock reconvergence pessimism
                                  9.75 ^ _30_/CLK (sky130_fd_sc_hd__dfrtp_1)
                         -0.08    9.67   library setup time
                                  9.67   data required time
-----------------------------------------------------------------------------
                                  9.67   data required time
                                 -2.59   data arrival time
-----------------------------------------------------------------------------
                                  7.08   slack (MET)


Startpoint: ss (input port clocked by sclk)
Endpoint: _31_ (rising edge-triggered flip-flop clocked by sclk)
Path Group: sclk
Path Type: max

Fanout     Cap    Slew   Delay    Time   Description
-----------------------------------------------------------------------------
                  0.15    0.00    0.00   clock sclk (rise edge)
                          0.00    0.00   clock network delay (ideal)
                          2.00    2.00 ^ input external delay
     1    0.00    0.02    0.01    2.01 ^ ss (in)
                                         ss (net)
                  0.02    0.00    2.01 ^ input3/A (sky130_fd_sc_hd__clkbuf_4)
     7    0.02    0.09    0.16    2.17 ^ input3/X (sky130_fd_sc_hd__clkbuf_4)
                                         net3 (net)
                  0.09    0.00    2.17 ^ _20_/S (sky130_fd_sc_hd__mux2_1)
     1    0.00    0.05    0.33    2.50 v _20_/X (sky130_fd_sc_hd__mux2_1)
                                         _10_ (net)
                  0.05    0.00    2.50 v _21_/A (sky130_fd_sc_hd__clkbuf_1)
     1    0.00    0.02    0.09    2.59 v _21_/X (sky130_fd_sc_hd__clkbuf_1)
                                         _01_ (net)
                  0.02    0.00    2.59 v _31_/D (sky130_fd_sc_hd__dfrtp_1)
                                  2.59   data arrival time

                  0.15   10.00   10.00   clock sclk (rise edge)
                          0.00   10.00   clock network delay (ideal)
                         -0.25    9.75   clock uncertainty
                          0.00    9.75   clock reconvergence pessimism
                                  9.75 ^ _31_/CLK (sky130_fd_sc_hd__dfrtp_1)
                         -0.08    9.67   library setup time
                                  9.67   data required time
-----------------------------------------------------------------------------
                                  9.67   data required time
                                 -2.59   data arrival time
-----------------------------------------------------------------------------
                                  7.08   slack (MET)


Startpoint: ss (input port clocked by sclk)
Endpoint: _32_ (rising edge-triggered flip-flop clocked by sclk)
Path Group: sclk
Path Type: max

Fanout     Cap    Slew   Delay    Time   Description
-----------------------------------------------------------------------------
                  0.15    0.00    0.00   clock sclk (rise edge)
                          0.00    0.00   clock network delay (ideal)
                          2.00    2.00 ^ input external delay
     1    0.00    0.02    0.01    2.01 ^ ss (in)
                                         ss (net)
                  0.02    0.00    2.01 ^ input3/A (sky130_fd_sc_hd__clkbuf_4)
     7    0.02    0.09    0.16    2.17 ^ input3/X (sky130_fd_sc_hd__clkbuf_4)
                                         net3 (net)
                  0.09    0.00    2.17 ^ _22_/S (sky130_fd_sc_hd__mux2_1)
     1    0.00    0.05    0.33    2.50 v _22_/X (sky130_fd_sc_hd__mux2_1)
                                         _11_ (net)
                  0.05    0.00    2.50 v _23_/A (sky130_fd_sc_hd__clkbuf_1)
     1    0.00    0.02    0.09    2.59 v _23_/X (sky130_fd_sc_hd__clkbuf_1)
                                         _02_ (net)
                  0.02    0.00    2.59 v _32_/D (sky130_fd_sc_hd__dfrtp_1)
                                  2.59   data arrival time

                  0.15   10.00   10.00   clock sclk (rise edge)
                          0.00   10.00   clock network delay (ideal)
                         -0.25    9.75   clock uncertainty
                          0.00    9.75   clock reconvergence pessimism
                                  9.75 ^ _32_/CLK (sky130_fd_sc_hd__dfrtp_1)
                         -0.08    9.67   library setup time
                                  9.67   data required time
-----------------------------------------------------------------------------
                                  9.67   data required time
                                 -2.59   data arrival time
-----------------------------------------------------------------------------
                                  7.08   slack (MET)


Startpoint: ss (input port clocked by sclk)
Endpoint: _33_ (rising edge-triggered flip-flop clocked by sclk)
Path Group: sclk
Path Type: max

Fanout     Cap    Slew   Delay    Time   Description
-----------------------------------------------------------------------------
                  0.15    0.00    0.00   clock sclk (rise edge)
                          0.00    0.00   clock network delay (ideal)
                          2.00    2.00 ^ input external delay
     1    0.00    0.02    0.01    2.01 ^ ss (in)
                                         ss (net)
                  0.02    0.00    2.01 ^ input3/A (sky130_fd_sc_hd__clkbuf_4)
     7    0.02    0.09    0.16    2.17 ^ input3/X (sky130_fd_sc_hd__clkbuf_4)
                                         net3 (net)
                  0.09    0.00    2.17 ^ _24_/S (sky130_fd_sc_hd__mux2_1)
     1    0.00    0.05    0.33    2.50 v _24_/X (sky130_fd_sc_hd__mux2_1)
                                         _12_ (net)
                  0.05    0.00    2.50 v _25_/A (sky130_fd_sc_hd__clkbuf_1)
     1    0.00    0.02    0.09    2.59 v _25_/X (sky130_fd_sc_hd__clkbuf_1)
                                         _03_ (net)
                  0.02    0.00    2.59 v _33_/D (sky130_fd_sc_hd__dfrtp_1)
                                  2.59   data arrival time

                  0.15   10.00   10.00   clock sclk (rise edge)
                          0.00   10.00   clock network delay (ideal)
                         -0.25    9.75   clock uncertainty
                          0.00    9.75   clock reconvergence pessimism
                                  9.75 ^ _33_/CLK (sky130_fd_sc_hd__dfrtp_1)
                         -0.08    9.67   library setup time
                                  9.67   data required time
-----------------------------------------------------------------------------
                                  9.67   data required time
                                 -2.59   data arrival time
-----------------------------------------------------------------------------
                                  7.08   slack (MET)


Startpoint: ss (input port clocked by sclk)
Endpoint: _34_ (rising edge-triggered flip-flop clocked by sclk)
Path Group: sclk
Path Type: max

Fanout     Cap    Slew   Delay    Time   Description
-----------------------------------------------------------------------------
                  0.15    0.00    0.00   clock sclk (rise edge)
                          0.00    0.00   clock network delay (ideal)
                          2.00    2.00 ^ input external delay
     1    0.00    0.02    0.01    2.01 ^ ss (in)
                                         ss (net)
                  0.02    0.00    2.01 ^ input3/A (sky130_fd_sc_hd__clkbuf_4)
     7    0.02    0.09    0.16    2.17 ^ input3/X (sky130_fd_sc_hd__clkbuf_4)
                                         net3 (net)
                  0.09    0.00    2.17 ^ _26_/S (sky130_fd_sc_hd__mux2_1)
     1    0.00    0.05    0.33    2.50 v _26_/X (sky130_fd_sc_hd__mux2_1)
                                         _13_ (net)
                  0.05    0.00    2.50 v _27_/A (sky130_fd_sc_hd__clkbuf_1)
     1    0.00    0.02    0.09    2.59 v _27_/X (sky130_fd_sc_hd__clkbuf_1)
                                         _04_ (net)
                  0.02    0.00    2.59 v _34_/D (sky130_fd_sc_hd__dfrtp_1)
                                  2.59   data arrival time

                  0.15   10.00   10.00   clock sclk (rise edge)
                          0.00   10.00   clock network delay (ideal)
                         -0.25    9.75   clock uncertainty
                          0.00    9.75   clock reconvergence pessimism
                                  9.75 ^ _34_/CLK (sky130_fd_sc_hd__dfrtp_1)
                         -0.08    9.67   library setup time
                                  9.67   data required time
-----------------------------------------------------------------------------
                                  9.67   data required time
                                 -2.59   data arrival time
-----------------------------------------------------------------------------
                                  7.08   slack (MET)


Startpoint: _32_ (rising edge-triggered flip-flop clocked by sclk)
Endpoint: data[4] (output port clocked by sclk)
Path Group: sclk
Path Type: max

Fanout     Cap    Slew   Delay    Time   Description
-----------------------------------------------------------------------------
                  0.15    0.00    0.00   clock sclk (rise edge)
                          0.00    0.00   clock network delay (ideal)
                  0.15    0.00    0.00 ^ _32_/CLK (sky130_fd_sc_hd__dfrtp_1)
     3    0.01    0.05    0.42    0.42 v _32_/Q (sky130_fd_sc_hd__dfrtp_1)
                                         net8 (net)
                  0.05    0.00    0.42 v output8/A (sky130_fd_sc_hd__clkbuf_4)
     1    0.03    0.08    0.19    0.62 v output8/X (sky130_fd_sc_hd__clkbuf_4)
                                         data[4] (net)
                  0.08    0.00    0.62 v data[4] (out)
                                  0.62   data arrival time

                  0.15   10.00   10.00   clock sclk (rise edge)
                          0.00   10.00   clock network delay (ideal)
                         -0.25    9.75   clock uncertainty
                          0.00    9.75   clock reconvergence pessimism
                         -2.00    7.75   output external delay
                                  7.75   data required time
-----------------------------------------------------------------------------
                                  7.75   data required time
                                 -0.62   data arrival time
-----------------------------------------------------------------------------
                                  7.13   slack (MET)


Startpoint: _29_ (rising edge-triggered flip-flop clocked by sclk)
Endpoint: data[1] (output port clocked by sclk)
Path Group: sclk
Path Type: max

Fanout     Cap    Slew   Delay    Time   Description
-----------------------------------------------------------------------------
                  0.15    0.00    0.00   clock sclk (rise edge)
                          0.00    0.00   clock network delay (ideal)
                  0.15    0.00    0.00 ^ _29_/CLK (sky130_fd_sc_hd__dfrtp_1)
     3    0.01    0.05    0.42    0.42 v _29_/Q (sky130_fd_sc_hd__dfrtp_1)
                                         net5 (net)
                  0.05    0.00    0.42 v output5/A (sky130_fd_sc_hd__clkbuf_4)
     1    0.03    0.08    0.19    0.62 v output5/X (sky130_fd_sc_hd__clkbuf_4)
                                         data[1] (net)
                  0.08    0.00    0.62 v data[1] (out)
                                  0.62   data arrival time

                  0.15   10.00   10.00   clock sclk (rise edge)
                          0.00   10.00   clock network delay (ideal)
                         -0.25    9.75   clock uncertainty
                          0.00    9.75   clock reconvergence pessimism
                         -2.00    7.75   output external delay
                                  7.75   data required time
-----------------------------------------------------------------------------
                                  7.75   data required time
                                 -0.62   data arrival time
-----------------------------------------------------------------------------
                                  7.13   slack (MET)


Startpoint: _31_ (rising edge-triggered flip-flop clocked by sclk)
Endpoint: data[3] (output port clocked by sclk)
Path Group: sclk
Path Type: max

Fanout     Cap    Slew   Delay    Time   Description
-----------------------------------------------------------------------------
                  0.15    0.00    0.00   clock sclk (rise edge)
                          0.00    0.00   clock network delay (ideal)
                  0.15    0.00    0.00 ^ _31_/CLK (sky130_fd_sc_hd__dfrtp_1)
     3    0.01    0.05    0.42    0.42 v _31_/Q (sky130_fd_sc_hd__dfrtp_1)
                                         net7 (net)
                  0.05    0.00    0.42 v output7/A (sky130_fd_sc_hd__clkbuf_4)
     1    0.03    0.08    0.19    0.62 v output7/X (sky130_fd_sc_hd__clkbuf_4)
                                         data[3] (net)
                  0.08    0.00    0.62 v data[3] (out)
                                  0.62   data arrival time

                  0.15   10.00   10.00   clock sclk (rise edge)
                          0.00   10.00   clock network delay (ideal)
                         -0.25    9.75   clock uncertainty
                          0.00    9.75   clock reconvergence pessimism
                         -2.00    7.75   output external delay
                                  7.75   data required time
-----------------------------------------------------------------------------
                                  7.75   data required time
                                 -0.62   data arrival time
-----------------------------------------------------------------------------
                                  7.13   slack (MET)


Startpoint: _34_ (rising edge-triggered flip-flop clocked by sclk)
Endpoint: data[6] (output port clocked by sclk)
Path Group: sclk
Path Type: max

Fanout     Cap    Slew   Delay    Time   Description
-----------------------------------------------------------------------------
                  0.15    0.00    0.00   clock sclk (rise edge)
                          0.00    0.00   clock network delay (ideal)
                  0.15    0.00    0.00 ^ _34_/CLK (sky130_fd_sc_hd__dfrtp_1)
     3    0.01    0.05    0.42    0.42 v _34_/Q (sky130_fd_sc_hd__dfrtp_1)
                                         net10 (net)
                  0.05    0.00    0.42 v output10/A (sky130_fd_sc_hd__clkbuf_4)
     1    0.03    0.08    0.19    0.62 v output10/X (sky130_fd_sc_hd__clkbuf_4)
                                         data[6] (net)
                  0.08    0.00    0.62 v data[6] (out)
                                  0.62   data arrival time

                  0.15   10.00   10.00   clock sclk (rise edge)
                          0.00   10.00   clock network delay (ideal)
                         -0.25    9.75   clock uncertainty
                          0.00    9.75   clock reconvergence pessimism
                         -2.00    7.75   output external delay
                                  7.75   data required time
-----------------------------------------------------------------------------
                                  7.75   data required time
                                 -0.62   data arrival time
-----------------------------------------------------------------------------
                                  7.13   slack (MET)


Startpoint: _30_ (rising edge-triggered flip-flop clocked by sclk)
Endpoint: data[2] (output port clocked by sclk)
Path Group: sclk
Path Type: max

Fanout     Cap    Slew   Delay    Time   Description
-----------------------------------------------------------------------------
                  0.15    0.00    0.00   clock sclk (rise edge)
                          0.00    0.00   clock network delay (ideal)
                  0.15    0.00    0.00 ^ _30_/CLK (sky130_fd_sc_hd__dfrtp_1)
     3    0.01    0.05    0.42    0.42 v _30_/Q (sky130_fd_sc_hd__dfrtp_1)
                                         net6 (net)
                  0.05    0.00    0.42 v output6/A (sky130_fd_sc_hd__clkbuf_4)
     1    0.03    0.08    0.19    0.62 v output6/X (sky130_fd_sc_hd__clkbuf_4)
                                         data[2] (net)
                  0.08    0.00    0.62 v data[2] (out)
                                  0.62   data arrival time

                  0.15   10.00   10.00   clock sclk (rise edge)
                          0.00   10.00   clock network delay (ideal)
                         -0.25    9.75   clock uncertainty
                          0.00    9.75   clock reconvergence pessimism
                         -2.00    7.75   output external delay
                                  7.75   data required time
-----------------------------------------------------------------------------
                                  7.75   data required time
                                 -0.62   data arrival time
-----------------------------------------------------------------------------
                                  7.13   slack (MET)


Startpoint: _28_ (rising edge-triggered flip-flop clocked by sclk)
Endpoint: data[0] (output port clocked by sclk)
Path Group: sclk
Path Type: max

Fanout     Cap    Slew   Delay    Time   Description
-----------------------------------------------------------------------------
                  0.15    0.00    0.00   clock sclk (rise edge)
                          0.00    0.00   clock network delay (ideal)
                  0.15    0.00    0.00 ^ _28_/CLK (sky130_fd_sc_hd__dfrtp_1)
     2    0.00    0.04    0.41    0.41 v _28_/Q (sky130_fd_sc_hd__dfrtp_1)
                                         net4 (net)
                  0.04    0.00    0.41 v output4/A (sky130_fd_sc_hd__clkbuf_4)
     1    0.03    0.08    0.19    0.60 v output4/X (sky130_fd_sc_hd__clkbuf_4)
                                         data[0] (net)
                  0.08    0.00    0.60 v data[0] (out)
                                  0.60   data arrival time

                  0.15   10.00   10.00   clock sclk (rise edge)
                          0.00   10.00   clock network delay (ideal)
                         -0.25    9.75   clock uncertainty
                          0.00    9.75   clock reconvergence pessimism
                         -2.00    7.75   output external delay
                                  7.75   data required time
-----------------------------------------------------------------------------
                                  7.75   data required time
                                 -0.60   data arrival time
-----------------------------------------------------------------------------
                                  7.15   slack (MET)


Startpoint: _33_ (rising edge-triggered flip-flop clocked by sclk)
Endpoint: data[5] (output port clocked by sclk)
Path Group: sclk
Path Type: max

Fanout     Cap    Slew   Delay    Time   Description
-----------------------------------------------------------------------------
                  0.15    0.00    0.00   clock sclk (rise edge)
                          0.00    0.00   clock network delay (ideal)
                  0.15    0.00    0.00 ^ _33_/CLK (sky130_fd_sc_hd__dfrtp_1)
     2    0.00    0.04    0.41    0.41 v _33_/Q (sky130_fd_sc_hd__dfrtp_1)
                                         net9 (net)
                  0.04    0.00    0.41 v output9/A (sky130_fd_sc_hd__clkbuf_4)
     1    0.03    0.08    0.19    0.60 v output9/X (sky130_fd_sc_hd__clkbuf_4)
                                         data[5] (net)
                  0.08    0.00    0.60 v data[5] (out)
                                  0.60   data arrival time

                  0.15   10.00   10.00   clock sclk (rise edge)
                          0.00   10.00   clock network delay (ideal)
                         -0.25    9.75   clock uncertainty
                          0.00    9.75   clock reconvergence pessimism
                         -2.00    7.75   output external delay
                                  7.75   data required time
-----------------------------------------------------------------------------
                                  7.75   data required time
                                 -0.60   data arrival time
-----------------------------------------------------------------------------
                                  7.15   slack (MET)


Startpoint: reset (input port clocked by sclk)
Endpoint: _28_ (recovery check against rising-edge clock sclk)
Path Group: asynchronous
Path Type: max

Fanout     Cap    Slew   Delay    Time   Description
-----------------------------------------------------------------------------
                  0.15    0.00    0.00   clock sclk (rise edge)
                          0.00    0.00   clock network delay (ideal)
                          2.00    2.00 ^ input external delay
     1    0.00    0.02    0.01    2.01 ^ reset (in)
                                         reset (net)
                  0.02    0.00    2.01 ^ input1/A (sky130_fd_sc_hd__clkbuf_4)
     7    0.03    0.09    0.16    2.17 ^ input1/X (sky130_fd_sc_hd__clkbuf_4)
                                         net1 (net)
                  0.09    0.00    2.17 ^ _28_/RESET_B (sky130_fd_sc_hd__dfrtp_1)
                                  2.17   data arrival time

                  0.15   10.00   10.00   clock sclk (rise edge)
                          0.00   10.00   clock network delay (ideal)
                         -0.25    9.75   clock uncertainty
                          0.00    9.75   clock reconvergence pessimism
                                  9.75 ^ _28_/CLK (sky130_fd_sc_hd__dfrtp_1)
                          0.25   10.00   library recovery time
                                 10.00   data required time
-----------------------------------------------------------------------------
                                 10.00   data required time
                                 -2.17   data arrival time
-----------------------------------------------------------------------------
                                  7.83   slack (MET)


Startpoint: reset (input port clocked by sclk)
Endpoint: _29_ (recovery check against rising-edge clock sclk)
Path Group: asynchronous
Path Type: max

Fanout     Cap    Slew   Delay    Time   Description
-----------------------------------------------------------------------------
                  0.15    0.00    0.00   clock sclk (rise edge)
                          0.00    0.00   clock network delay (ideal)
                          2.00    2.00 ^ input external delay
     1    0.00    0.02    0.01    2.01 ^ reset (in)
                                         reset (net)
                  0.02    0.00    2.01 ^ input1/A (sky130_fd_sc_hd__clkbuf_4)
     7    0.03    0.09    0.16    2.17 ^ input1/X (sky130_fd_sc_hd__clkbuf_4)
                                         net1 (net)
                  0.09    0.00    2.17 ^ _29_/RESET_B (sky130_fd_sc_hd__dfrtp_1)
                                  2.17   data arrival time

                  0.15   10.00   10.00   clock sclk (rise edge)
                          0.00   10.00   clock network delay (ideal)
                         -0.25    9.75   clock uncertainty
                          0.00    9.75   clock reconvergence pessimism
                                  9.75 ^ _29_/CLK (sky130_fd_sc_hd__dfrtp_1)
                          0.25   10.00   library recovery time
                                 10.00   data required time
-----------------------------------------------------------------------------
                                 10.00   data required time
                                 -2.17   data arrival time
-----------------------------------------------------------------------------
                                  7.83   slack (MET)


Startpoint: reset (input port clocked by sclk)
Endpoint: _30_ (recovery check against rising-edge clock sclk)
Path Group: asynchronous
Path Type: max

Fanout     Cap    Slew   Delay    Time   Description
-----------------------------------------------------------------------------
                  0.15    0.00    0.00   clock sclk (rise edge)
                          0.00    0.00   clock network delay (ideal)
                          2.00    2.00 ^ input external delay
     1    0.00    0.02    0.01    2.01 ^ reset (in)
                                         reset (net)
                  0.02    0.00    2.01 ^ input1/A (sky130_fd_sc_hd__clkbuf_4)
     7    0.03    0.09    0.16    2.17 ^ input1/X (sky130_fd_sc_hd__clkbuf_4)
                                         net1 (net)
                  0.09    0.00    2.17 ^ _30_/RESET_B (sky130_fd_sc_hd__dfrtp_1)
                                  2.17   data arrival time

                  0.15   10.00   10.00   clock sclk (rise edge)
                          0.00   10.00   clock network delay (ideal)
                         -0.25    9.75   clock uncertainty
                          0.00    9.75   clock reconvergence pessimism
                                  9.75 ^ _30_/CLK (sky130_fd_sc_hd__dfrtp_1)
                          0.25   10.00   library recovery time
                                 10.00   data required time
-----------------------------------------------------------------------------
                                 10.00   data required time
                                 -2.17   data arrival time
-----------------------------------------------------------------------------
                                  7.83   slack (MET)


Startpoint: reset (input port clocked by sclk)
Endpoint: _31_ (recovery check against rising-edge clock sclk)
Path Group: asynchronous
Path Type: max

Fanout     Cap    Slew   Delay    Time   Description
-----------------------------------------------------------------------------
                  0.15    0.00    0.00   clock sclk (rise edge)
                          0.00    0.00   clock network delay (ideal)
                          2.00    2.00 ^ input external delay
     1    0.00    0.02    0.01    2.01 ^ reset (in)
                                         reset (net)
                  0.02    0.00    2.01 ^ input1/A (sky130_fd_sc_hd__clkbuf_4)
     7    0.03    0.09    0.16    2.17 ^ input1/X (sky130_fd_sc_hd__clkbuf_4)
                                         net1 (net)
                  0.09    0.00    2.17 ^ _31_/RESET_B (sky130_fd_sc_hd__dfrtp_1)
                                  2.17   data arrival time

                  0.15   10.00   10.00   clock sclk (rise edge)
                          0.00   10.00   clock network delay (ideal)
                         -0.25    9.75   clock uncertainty
                          0.00    9.75   clock reconvergence pessimism
                                  9.75 ^ _31_/CLK (sky130_fd_sc_hd__dfrtp_1)
                          0.25   10.00   library recovery time
                                 10.00   data required time
-----------------------------------------------------------------------------
                                 10.00   data required time
                                 -2.17   data arrival time
-----------------------------------------------------------------------------
                                  7.83   slack (MET)


Startpoint: reset (input port clocked by sclk)
Endpoint: _32_ (recovery check against rising-edge clock sclk)
Path Group: asynchronous
Path Type: max

Fanout     Cap    Slew   Delay    Time   Description
-----------------------------------------------------------------------------
                  0.15    0.00    0.00   clock sclk (rise edge)
                          0.00    0.00   clock network delay (ideal)
                          2.00    2.00 ^ input external delay
     1    0.00    0.02    0.01    2.01 ^ reset (in)
                                         reset (net)
                  0.02    0.00    2.01 ^ input1/A (sky130_fd_sc_hd__clkbuf_4)
     7    0.03    0.09    0.16    2.17 ^ input1/X (sky130_fd_sc_hd__clkbuf_4)
                                         net1 (net)
                  0.09    0.00    2.17 ^ _32_/RESET_B (sky130_fd_sc_hd__dfrtp_1)
                                  2.17   data arrival time

                  0.15   10.00   10.00   clock sclk (rise edge)
                          0.00   10.00   clock network delay (ideal)
                         -0.25    9.75   clock uncertainty
                          0.00    9.75   clock reconvergence pessimism
                                  9.75 ^ _32_/CLK (sky130_fd_sc_hd__dfrtp_1)
                          0.25   10.00   library recovery time
                                 10.00   data required time
-----------------------------------------------------------------------------
                                 10.00   data required time
                                 -2.17   data arrival time
-----------------------------------------------------------------------------
                                  7.83   slack (MET)


Startpoint: reset (input port clocked by sclk)
Endpoint: _33_ (recovery check against rising-edge clock sclk)
Path Group: asynchronous
Path Type: max

Fanout     Cap    Slew   Delay    Time   Description
-----------------------------------------------------------------------------
                  0.15    0.00    0.00   clock sclk (rise edge)
                          0.00    0.00   clock network delay (ideal)
                          2.00    2.00 ^ input external delay
     1    0.00    0.02    0.01    2.01 ^ reset (in)
                                         reset (net)
                  0.02    0.00    2.01 ^ input1/A (sky130_fd_sc_hd__clkbuf_4)
     7    0.03    0.09    0.16    2.17 ^ input1/X (sky130_fd_sc_hd__clkbuf_4)
                                         net1 (net)
                  0.09    0.00    2.17 ^ _33_/RESET_B (sky130_fd_sc_hd__dfrtp_1)
                                  2.17   data arrival time

                  0.15   10.00   10.00   clock sclk (rise edge)
                          0.00   10.00   clock network delay (ideal)
                         -0.25    9.75   clock uncertainty
                          0.00    9.75   clock reconvergence pessimism
                                  9.75 ^ _33_/CLK (sky130_fd_sc_hd__dfrtp_1)
                          0.25   10.00   library recovery time
                                 10.00   data required time
-----------------------------------------------------------------------------
                                 10.00   data required time
                                 -2.17   data arrival time
-----------------------------------------------------------------------------
                                  7.83   slack (MET)


Startpoint: reset (input port clocked by sclk)
Endpoint: _34_ (recovery check against rising-edge clock sclk)
Path Group: asynchronous
Path Type: max

Fanout     Cap    Slew   Delay    Time   Description
-----------------------------------------------------------------------------
                  0.15    0.00    0.00   clock sclk (rise edge)
                          0.00    0.00   clock network delay (ideal)
                          2.00    2.00 ^ input external delay
     1    0.00    0.02    0.01    2.01 ^ reset (in)
                                         reset (net)
                  0.02    0.00    2.01 ^ input1/A (sky130_fd_sc_hd__clkbuf_4)
     7    0.03    0.09    0.16    2.17 ^ input1/X (sky130_fd_sc_hd__clkbuf_4)
                                         net1 (net)
                  0.09    0.00    2.17 ^ _34_/RESET_B (sky130_fd_sc_hd__dfrtp_1)
                                  2.17   data arrival time

                  0.15   10.00   10.00   clock sclk (rise edge)
                          0.00   10.00   clock network delay (ideal)
                         -0.25    9.75   clock uncertainty
                          0.00    9.75   clock reconvergence pessimism
                                  9.75 ^ _34_/CLK (sky130_fd_sc_hd__dfrtp_1)
                          0.25   10.00   library recovery time
                                 10.00   data required time
-----------------------------------------------------------------------------
                                 10.00   data required time
                                 -2.17   data arrival time
-----------------------------------------------------------------------------
                                  7.83   slack (MET)



worst slack corner Typical: 6.5142
max_report_end
checks_report

===========================================================================
report_checks -unconstrained
===========================================================================
======================= Typical Corner ===================================

Startpoint: reset (input port clocked by sclk)
Endpoint: _28_ (recovery check against rising-edge clock sclk)
Path Group: asynchronous
Path Type: max

Fanout     Cap    Slew   Delay    Time   Description
-----------------------------------------------------------------------------
                  0.15    0.00    0.00   clock sclk (rise edge)
                          0.00    0.00   clock network delay (ideal)
                          2.00    2.00 ^ input external delay
     1    0.00    0.02    0.01    2.01 ^ reset (in)
                                         reset (net)
                  0.02    0.00    2.01 ^ input1/A (sky130_fd_sc_hd__clkbuf_4)
     7    0.03    0.09    0.16    2.17 ^ input1/X (sky130_fd_sc_hd__clkbuf_4)
                                         net1 (net)
                  0.09    0.00    2.17 ^ _28_/RESET_B (sky130_fd_sc_hd__dfrtp_1)
                                  2.17   data arrival time

                  0.15   10.00   10.00   clock sclk (rise edge)
                          0.00   10.00   clock network delay (ideal)
                         -0.25    9.75   clock uncertainty
                          0.00    9.75   clock reconvergence pessimism
                                  9.75 ^ _28_/CLK (sky130_fd_sc_hd__dfrtp_1)
                          0.25   10.00   library recovery time
                                 10.00   data required time
-----------------------------------------------------------------------------
                                 10.00   data required time
                                 -2.17   data arrival time
-----------------------------------------------------------------------------
                                  7.83   slack (MET)


Startpoint: ss (input port clocked by sclk)
Endpoint: _29_ (rising edge-triggered flip-flop clocked by sclk)
Path Group: sclk
Path Type: max

Fanout     Cap    Slew   Delay    Time   Description
-----------------------------------------------------------------------------
                  0.15    0.00    0.00   clock sclk (rise edge)
                          0.00    0.00   clock network delay (ideal)
                          2.00    2.00 ^ input external delay
     1    0.00    0.02    0.01    2.01 ^ ss (in)
                                         ss (net)
                  0.02    0.00    2.01 ^ input3/A (sky130_fd_sc_hd__clkbuf_4)
     7    0.02    0.09    0.16    2.17 ^ input3/X (sky130_fd_sc_hd__clkbuf_4)
                                         net3 (net)
                  0.09    0.00    2.17 ^ _16_/S (sky130_fd_sc_hd__mux2_1)
     1    0.00    0.05    0.32    2.50 v _16_/X (sky130_fd_sc_hd__mux2_1)
                                         _08_ (net)
                  0.05    0.00    2.50 v hold3/A (sky130_fd_sc_hd__dlygate4sd3_1)
     1    0.00    0.05    0.57    3.07 v hold3/X (sky130_fd_sc_hd__dlygate4sd3_1)
                                         net14 (net)
                  0.05    0.00    3.07 v _17_/A (sky130_fd_sc_hd__clkbuf_1)
     1    0.00    0.02    0.09    3.16 v _17_/X (sky130_fd_sc_hd__clkbuf_1)
                                         _06_ (net)
                  0.02    0.00    3.16 v _29_/D (sky130_fd_sc_hd__dfrtp_1)
                                  3.16   data arrival time

                  0.15   10.00   10.00   clock sclk (rise edge)
                          0.00   10.00   clock network delay (ideal)
                         -0.25    9.75   clock uncertainty
                          0.00    9.75   clock reconvergence pessimism
                                  9.75 ^ _29_/CLK (sky130_fd_sc_hd__dfrtp_1)
                         -0.08    9.67   library setup time
                                  9.67   data required time
-----------------------------------------------------------------------------
                                  9.67   data required time
                                 -3.16   data arrival time
-----------------------------------------------------------------------------
                                  6.51   slack (MET)




===========================================================================
report_checks --slack_max -0.01
============================================================================
======================= Typical Corner ===================================

No paths found.


===========================================================================
 report_check_types -max_slew -max_cap -max_fanout -violators
============================================================================
======================= Typical Corner ===================================


max slew violations count Typical: 0
max fanout violations count Typical: 0
max cap violations count Typical: 0

===========================================================================
report_parasitic_annotation -report_unannotated
============================================================================
Found 46 unannotated drivers.
 reset
 sclk
 sdi
 ss
 _14_/X
 _15_/X
 _16_/X
 _17_/X
 _18_/X
 _19_/X
 _20_/X
 _21_/X
 _22_/X
 _23_/X
 _24_/X
 _25_/X
 _26_/X
 _27_/X
 _28_/Q
 _29_/Q
 _30_/Q
 _31_/Q
 _32_/Q
 _33_/Q
 _34_/Q
 clkbuf_0_sclk/X
 clkbuf_1_0__f_sclk/X
 clkbuf_1_1__f_sclk/X
 hold1/X
 hold2/X
 hold3/X
 hold4/X
 hold5/X
 hold6/X
 input1/X
 input2/X
 input3/X
 output10/X
 output4/X
 output5/X
 output6/X
 output7/X
 output8/X
 output9/X
 sr_11/HI
 sr_11/LO
Found 0 partially unannotated drivers.

===========================================================================
max slew violation count 0
max fanout violation count 0
max cap violation count 0
============================================================================

===========================================================================
check_setup -verbose -unconstrained_endpoints -multiple_clock -no_clock -no_input_delay -loops -generated_clocks
===========================================================================
Warning: There is 1 unconstrained endpoint.
  data[7]
checks_report_end
power_report

===========================================================================
 report_power
============================================================================
======================= Typical Corner ===================================

Group                  Internal  Switching    Leakage      Total
                          Power      Power      Power      Power (Watts)
----------------------------------------------------------------
Sequential             3.12e-05   1.47e-06   8.16e-11   3.27e-05  28.2%
Combinational          6.20e-05   2.12e-05   3.26e-10   8.33e-05  71.8%
Macro                  0.00e+00   0.00e+00   0.00e+00   0.00e+00   0.0%
Pad                    0.00e+00   0.00e+00   0.00e+00   0.00e+00   0.0%
----------------------------------------------------------------
Total                  9.33e-05   2.27e-05   4.07e-10   1.16e-04 100.0%
                          80.4%      19.6%       0.0%

power_report_end
skew_report

===========================================================================
report_clock_skew
============================================================================
Clock sclk
Latency      CRPR       Skew
_28_/CLK ^
   0.27
_28_/CLK ^
   0.25      0.00       0.03

skew_report_end
summary_report

===========================================================================
report_tns
============================================================================
tns 0.00

===========================================================================
report_wns
============================================================================
wns 0.00

===========================================================================
report_worst_slack -max (Setup)
============================================================================
worst slack 6.51

===========================================================================
report_worst_slack -min (Hold)
============================================================================
worst slack 0.30
summary_report_end
area_report

===========================================================================
report_design_area
============================================================================
Design area 584 u^2 10% utilization.
area_report_end
[WARNING] Did not save OpenROAD database!
