OpenROAD bdc8e944cd08ba8edebeca19fa531bd026690330 
This program is licensed under the BSD-3 license. See the LICENSE file for details.
Components of this program may be licensed under more restrictive licenses which must be honored.
[INFO]: Reading ODB at '/shift/openlane/sr/runs/RUN_2023.10.27_18.18.11/tmp/routing/19-global.odb'…
define_corners Typical
read_liberty -corner Typical /home/jr_dig/unic-cass/pdks/sky130A/libs.ref/sky130_fd_sc_hd/lib/sky130_fd_sc_hd__tt_025C_1v80.lib
Using 1e-12 for capacitance...
Using 1e+03 for resistance...
Using 1e-09 for time...
Using 1e+00 for voltage...
Using 1e-03 for current...
Using 1e-09 for power...
Using 1e-06 for distance...
Reading design constraints file at '/openlane/scripts/base.sdc'…
[INFO]: Setting output delay to: 2.0
[INFO]: Setting input delay to: 2.0
[INFO]: Setting load to: 0.033442
[INFO]: Setting clock uncertainty to: 0.25
[INFO]: Setting clock transition to: 0.15
[INFO]: Setting timing derate to: 5.0 %
[INFO DPL-0001] Placed 468 filler instances.
Setting global connections for newly added cells…
Writing OpenROAD database to '/shift/openlane/sr/runs/RUN_2023.10.27_18.18.11/tmp/routing/22-fill.odb'…
Writing netlist to '/shift/openlane/sr/runs/RUN_2023.10.27_18.18.11/tmp/routing/22-fill.nl.v'…
Writing powered netlist to '/shift/openlane/sr/runs/RUN_2023.10.27_18.18.11/tmp/routing/22-fill.pnl.v'…
Writing layout to '/shift/openlane/sr/runs/RUN_2023.10.27_18.18.11/tmp/routing/22-fill.def'…
