OpenROAD bdc8e944cd08ba8edebeca19fa531bd026690330 
This program is licensed under the BSD-3 license. See the LICENSE file for details.
Components of this program may be licensed under more restrictive licenses which must be honored.
[INFO ODB-0222] Reading LEF file: /shift/openlane/sr/runs/RUN_2023.10.27_18.18.11/tmp/merged.nom.lef
[INFO ODB-0223]     Created 13 technology layers
[INFO ODB-0224]     Created 25 technology vias
[INFO ODB-0225]     Created 442 library cells
[INFO ODB-0226] Finished LEF file:  /shift/openlane/sr/runs/RUN_2023.10.27_18.18.11/tmp/merged.nom.lef
[INFO ODB-0127] Reading DEF file: /shift/openlane/sr/runs/RUN_2023.10.27_18.18.11/results/routing/sr.def
[INFO ODB-0128] Design: sr
[INFO ODB-0130]     Created 14 pins.
[INFO ODB-0131]     Created 640 components and 2520 component-terminals.
[INFO ODB-0132]     Created 2 special nets and 2410 connections.
[INFO ODB-0133]     Created 45 nets and 109 connections.
[INFO ODB-0134] Finished DEF file: /shift/openlane/sr/runs/RUN_2023.10.27_18.18.11/results/routing/sr.def
define_corners Typical
read_liberty -corner Typical /home/jr_dig/unic-cass/pdks/sky130A/libs.ref/sky130_fd_sc_hd/lib/sky130_fd_sc_hd__tt_025C_1v80.lib
Using 1e-12 for capacitance...
Using 1e+03 for resistance...
Using 1e-09 for time...
Using 1e+00 for voltage...
Using 1e-03 for current...
Using 1e-09 for power...
Using 1e-06 for distance...
Using RCX ruleset '/home/jr_dig/unic-cass/pdks/sky130A/libs.tech/openlane/rules.openrcx.sky130A.nom.calibre'...
[INFO RCX-0431] Defined process_corner X with ext_model_index 0
[INFO RCX-0029] Defined extraction corner X
[INFO RCX-0008] extracting parasitics of sr ...
[INFO RCX-0435] Reading extraction model file /home/jr_dig/unic-cass/pdks/sky130A/libs.tech/openlane/rules.openrcx.sky130A.nom.calibre ...
[INFO RCX-0436] RC segment generation sr (max_merge_res 50.0) ...
[INFO RCX-0040] Final 113 rc segments
[INFO RCX-0439] Coupling Cap extraction sr ...
[INFO RCX-0440] Coupling threshhold is 0.1000 fF, coupling capacitance less than 0.1000 fF will be grounded.
[INFO RCX-0043] 482 wires to be extracted
[INFO RCX-0442] 76% completion -- 367 wires have been extracted
[INFO RCX-0442] 100% completion -- 482 wires have been extracted
[INFO RCX-0045] Extract 45 nets, 158 rsegs, 158 caps, 121 ccs
[INFO RCX-0015] Finished extracting sr.
Writing result to /shift/openlane/sr/runs/RUN_2023.10.27_18.18.11/results/routing/mca/process_corner_nom/sr.spef...
Setting global connections for newly added cells…
[WARNING] Did not save OpenROAD database!
Writing extracted parasitics to '/shift/openlane/sr/runs/RUN_2023.10.27_18.18.11/results/routing/mca/process_corner_nom/sr.spef'…
[INFO RCX-0016] Writing SPEF ...
[INFO RCX-0443] 45 nets finished
[INFO RCX-0017] Finished writing SPEF ...
