
===========================================================================
 report_power
============================================================================
======================= Fastest Corner ===================================

Group                  Internal  Switching    Leakage      Total
                          Power      Power      Power      Power (Watts)
----------------------------------------------------------------
Sequential             3.66e-05   2.81e-06   3.31e-08   3.94e-05  27.7%
Combinational          7.21e-05   3.06e-05   9.16e-10   1.03e-04  72.3%
Macro                  0.00e+00   0.00e+00   0.00e+00   0.00e+00   0.0%
Pad                    0.00e+00   0.00e+00   0.00e+00   0.00e+00   0.0%
----------------------------------------------------------------
Total                  1.09e-04   3.34e-05   3.40e-08   1.42e-04 100.0%
                          76.5%      23.5%       0.0%

======================= Slowest Corner ===================================

Group                  Internal  Switching    Leakage      Total
                          Power      Power      Power      Power (Watts)
----------------------------------------------------------------
Sequential             2.39e-05   1.81e-06   1.32e-07   2.58e-05  26.6%
Combinational          5.08e-05   2.01e-05   2.28e-07   7.11e-05  73.4%
Macro                  0.00e+00   0.00e+00   0.00e+00   0.00e+00   0.0%
Pad                    0.00e+00   0.00e+00   0.00e+00   0.00e+00   0.0%
----------------------------------------------------------------
Total                  7.47e-05   2.19e-05   3.60e-07   9.70e-05 100.0%
                          77.1%      22.6%       0.4%

======================= Typical Corner ===================================

Group                  Internal  Switching    Leakage      Total
                          Power      Power      Power      Power (Watts)
----------------------------------------------------------------
Sequential             3.12e-05   2.34e-06   3.30e-08   3.35e-05  27.6%
Combinational          6.23e-05   2.58e-05   5.56e-10   8.81e-05  72.4%
Macro                  0.00e+00   0.00e+00   0.00e+00   0.00e+00   0.0%
Pad                    0.00e+00   0.00e+00   0.00e+00   0.00e+00   0.0%
----------------------------------------------------------------
Total                  9.35e-05   2.81e-05   3.36e-08   1.22e-04 100.0%
                          76.9%      23.1%       0.0%

