Fri Oct 27 18:18:11 UTC 2023 - Executing "{openroad -exit -no_init -python /openlane/scripts/odbpy/lefutil.py get_metal_layers -o /shift/openlane/sr/runs/RUN_2023.10.27_18.18.11/tmp/layers.list /home/jr_dig/unic-cass/pdks/sky130A/libs.ref/sky130_fd_sc_hd/techlef/sky130_fd_sc_hd__nom.tlef}"

Fri Oct 27 18:18:11 UTC 2023 - Executing "{/openlane/scripts/mergeLef.py -o /shift/openlane/sr/runs/RUN_2023.10.27_18.18.11/tmp/merged.nom.lef -i /home/jr_dig/unic-cass/pdks/sky130A/libs.ref/sky130_fd_sc_hd/techlef/sky130_fd_sc_hd__nom.tlef {/home/jr_dig/unic-cass/pdks/sky130A/libs.ref/sky130_fd_sc_hd/lef/sky130_ef_sc_hd.lef /home/jr_dig/unic-cass/pdks/sky130A/libs.ref/sky130_fd_sc_hd/lef/sky130_fd_sc_hd.lef} |& tee /dev/null}"

Fri Oct 27 18:18:11 UTC 2023 - Executing "{/openlane/scripts/mergeLef.py -o /shift/openlane/sr/runs/RUN_2023.10.27_18.18.11/tmp/merged.min.lef -i /home/jr_dig/unic-cass/pdks/sky130A/libs.ref/sky130_fd_sc_hd/techlef/sky130_fd_sc_hd__min.tlef {/home/jr_dig/unic-cass/pdks/sky130A/libs.ref/sky130_fd_sc_hd/lef/sky130_ef_sc_hd.lef /home/jr_dig/unic-cass/pdks/sky130A/libs.ref/sky130_fd_sc_hd/lef/sky130_fd_sc_hd.lef} |& tee /dev/null}"

Fri Oct 27 18:18:12 UTC 2023 - Executing "{/openlane/scripts/mergeLef.py -o /shift/openlane/sr/runs/RUN_2023.10.27_18.18.11/tmp/merged.max.lef -i /home/jr_dig/unic-cass/pdks/sky130A/libs.ref/sky130_fd_sc_hd/techlef/sky130_fd_sc_hd__max.tlef {/home/jr_dig/unic-cass/pdks/sky130A/libs.ref/sky130_fd_sc_hd/lef/sky130_ef_sc_hd.lef /home/jr_dig/unic-cass/pdks/sky130A/libs.ref/sky130_fd_sc_hd/lef/sky130_fd_sc_hd.lef} |& tee /dev/null}"

Fri Oct 27 18:18:12 UTC 2023 - Executing "{python3 /openlane/scripts/mergeLib.py --output /shift/openlane/sr/runs/RUN_2023.10.27_18.18.11/tmp/synthesis/merged.lib --name sky130A_merged /home/jr_dig/unic-cass/pdks/sky130A/libs.ref/sky130_fd_sc_hd/lib/sky130_fd_sc_hd__tt_025C_1v80.lib}"

Fri Oct 27 18:18:12 UTC 2023 - Executing "{python3 /openlane/scripts/libtrim.py --cell-file /shift/openlane/sr/runs/RUN_2023.10.27_18.18.11/tmp/synthesis/trimmed.lib.exclude.list --output /shift/openlane/sr/runs/RUN_2023.10.27_18.18.11/tmp/synthesis/trimmed.lib /shift/openlane/sr/runs/RUN_2023.10.27_18.18.11/tmp/synthesis/merged.lib}"

Fri Oct 27 18:18:12 UTC 2023 - Executing "{python3 /openlane/scripts/libtrim.py --cell-file /shift/openlane/sr/runs/RUN_2023.10.27_18.18.11/tmp/cts/cts.lib.exclude.list --output /shift/openlane/sr/runs/RUN_2023.10.27_18.18.11/tmp/cts/cts.lib /home/jr_dig/unic-cass/pdks/sky130A/libs.ref/sky130_fd_sc_hd/lib/sky130_fd_sc_hd__tt_025C_1v80.lib}"

Fri Oct 27 18:18:12 UTC 2023 - Executing "{python3 /openlane/scripts/libtrim.py --cell-file /shift/openlane/sr/runs/RUN_2023.10.27_18.18.11/tmp/cts/cts-fastest.lib.exclude.list --output /shift/openlane/sr/runs/RUN_2023.10.27_18.18.11/tmp/cts/cts-fastest.lib /home/jr_dig/unic-cass/pdks/sky130A/libs.ref/sky130_fd_sc_hd/lib/sky130_fd_sc_hd__ff_n40C_1v95.lib}"

Fri Oct 27 18:18:13 UTC 2023 - Executing "{python3 /openlane/scripts/libtrim.py --cell-file /shift/openlane/sr/runs/RUN_2023.10.27_18.18.11/tmp/cts/cts-slowest.lib.exclude.list --output /shift/openlane/sr/runs/RUN_2023.10.27_18.18.11/tmp/cts/cts-slowest.lib /home/jr_dig/unic-cass/pdks/sky130A/libs.ref/sky130_fd_sc_hd/lib/sky130_fd_sc_hd__ss_100C_1v60.lib}"

Fri Oct 27 18:18:13 UTC 2023 - Executing "{python3 /openlane/scripts/new_tracks.py -i /home/jr_dig/unic-cass/pdks/sky130A/libs.tech/openlane/sky130_fd_sc_hd/tracks.info -o /shift/openlane/sr/runs/RUN_2023.10.27_18.18.11/tmp/routing/config.tracks}"

Fri Oct 27 18:18:13 UTC 2023 - Executing "{echo {OpenLane dc5af9827620a2189f65fa42d9965e7a3d7b4695} > /shift/openlane/sr/runs/RUN_2023.10.27_18.18.11/OPENLANE_VERSION}"

Fri Oct 27 18:18:14 UTC 2023 - Executing "{yosys -c /openlane/scripts/yosys/blackbox.tcl}"

Fri Oct 27 18:18:14 UTC 2023 - Executing "{verilator -Wall --lint-only --Wno-DECLFILENAME --top-module sr /shift/openlane/sr/runs/RUN_2023.10.27_18.18.11/tmp/synthesis/blackbox/sky130_fd_sc_hd__blackbox.v /shift/openlane/sr/src/shift_register.v -Wno-fatal --relative-includes |& tee /shift/openlane/sr/runs/RUN_2023.10.27_18.18.11/logs/synthesis/linter.log /dev/null}"

Fri Oct 27 18:18:14 UTC 2023 - Executing "{sed -E {s/^([[:space:]]+)pg_pin(.*)/\1pin\2\n\1    direction : "inout";/g} /home/jr_dig/unic-cass/pdks/sky130A/libs.ref/sky130_fd_sc_hd/lib/sky130_fd_sc_hd__tt_025C_1v80.lib > /shift/openlane/sr/runs/RUN_2023.10.27_18.18.11/tmp/synthesis/1-sky130_fd_sc_hd__tt_025C_1v80.no_pg.lib}"

Fri Oct 27 18:18:14 UTC 2023 - Executing "{sed -E {s/^([[:space:]]+)pg_pin(.*)/\1pin\2\n\1    direction : "inout";/g} /shift/openlane/sr/runs/RUN_2023.10.27_18.18.11/tmp/synthesis/trimmed.lib > /shift/openlane/sr/runs/RUN_2023.10.27_18.18.11/tmp/synthesis/1-trimmed.no_pg.lib}"

Fri Oct 27 18:18:14 UTC 2023 - Executing "yosys -c /openlane/scripts/yosys/synth.tcl |& tee /dev/null /shift/openlane/sr/runs/RUN_2023.10.27_18.18.11/logs/synthesis/1-synthesis.log"

Fri Oct 27 18:18:14 UTC 2023 - Executing "{yosys -c /openlane/scripts/yosys/synth.tcl |& tee /dev/null /shift/openlane/sr/runs/RUN_2023.10.27_18.18.11/logs/synthesis/1-synthesis.log}"

Fri Oct 27 18:18:15 UTC 2023 - Executing "{sed -i.bak -e {s/\(set ::env(CURRENT_NETLIST)\).*/\1 \/shift\/openlane\/sr\/runs\/RUN_2023.10.27_18.18.11\/results\/synthesis\/sr.v/} /shift/openlane/sr/runs/RUN_2023.10.27_18.18.11/config.tcl}"

Fri Oct 27 18:18:15 UTC 2023 - Executing "{sed -i.bak /defparam/d /shift/openlane/sr/runs/RUN_2023.10.27_18.18.11/results/synthesis/sr.v}"

Fri Oct 27 18:18:15 UTC 2023 - Executing "sta -exit -no_init /openlane/scripts/openroad/sta/multi_corner.tcl |& tee /dev/null /shift/openlane/sr/runs/RUN_2023.10.27_18.18.11/logs/synthesis/2-sta.log"

Fri Oct 27 18:18:15 UTC 2023 - Executing "{sta -exit -no_init /openlane/scripts/openroad/sta/multi_corner.tcl |& tee /dev/null /shift/openlane/sr/runs/RUN_2023.10.27_18.18.11/logs/synthesis/2-sta.log}"

Fri Oct 27 18:18:15 UTC 2023 - Executing "openroad -exit /openlane/scripts/openroad/floorplan.tcl |& tee /dev/null /shift/openlane/sr/runs/RUN_2023.10.27_18.18.11/logs/floorplan/3-initial_fp.log"

Fri Oct 27 18:18:15 UTC 2023 - Executing "{openroad -exit /openlane/scripts/openroad/floorplan.tcl |& tee /dev/null /shift/openlane/sr/runs/RUN_2023.10.27_18.18.11/logs/floorplan/3-initial_fp.log}"

Fri Oct 27 18:18:16 UTC 2023 - Executing "{openroad -exit -no_init -python /openlane/scripts/odbpy/snap_to_grid.py --output /shift/openlane/sr/runs/RUN_2023.10.27_18.18.11/tmp/floorplan/3-minimized_pdn.txt --input-lef /shift/openlane/sr/runs/RUN_2023.10.27_18.18.11/tmp/merged.nom.lef 9.545 9.520000000000001 19.09 19.040000000000003}"

Fri Oct 27 18:18:16 UTC 2023 - Executing "{openroad -exit -no_init -python /openlane/scripts/odbpy/defutil.py extract_core_dims --output-data /shift/openlane/sr/runs/RUN_2023.10.27_18.18.11/tmp/dimensions.txt --input-lef /shift/openlane/sr/runs/RUN_2023.10.27_18.18.11/tmp/merged.nom.lef /shift/openlane/sr/runs/RUN_2023.10.27_18.18.11/tmp/floorplan/3-initial_fp.def}"

Fri Oct 27 18:18:16 UTC 2023 - Executing "{openroad -exit -no_init -python /openlane/scripts/odbpy/io_place.py --config /shift/openlane/sr/pin_order.cfg --hor-layer met3 --ver-layer met2 --ver-width-mult 2 --hor-width-mult 2 --hor-extension 0 --ver-extension 0 --length 4 --unmatched-error --input-lef /shift/openlane/sr/runs/RUN_2023.10.27_18.18.11/tmp/merged.nom.lef --output-def /shift/openlane/sr/runs/RUN_2023.10.27_18.18.11/tmp/floorplan/4-io.def --output /shift/openlane/sr/runs/RUN_2023.10.27_18.18.11/tmp/floorplan/4-io.odb /shift/openlane/sr/runs/RUN_2023.10.27_18.18.11/tmp/floorplan/3-initial_fp.odb |& tee /dev/null /shift/openlane/sr/runs/RUN_2023.10.27_18.18.11/logs/floorplan/4-place_io.log}"

Fri Oct 27 18:18:17 UTC 2023 - Executing "openroad -exit /openlane/scripts/openroad/tapcell.tcl |& tee /dev/null /shift/openlane/sr/runs/RUN_2023.10.27_18.18.11/logs/floorplan/5-tap.log"

Fri Oct 27 18:18:17 UTC 2023 - Executing "{openroad -exit /openlane/scripts/openroad/tapcell.tcl |& tee /dev/null /shift/openlane/sr/runs/RUN_2023.10.27_18.18.11/logs/floorplan/5-tap.log}"

Fri Oct 27 18:18:17 UTC 2023 - Executing "openroad -exit /openlane/scripts/openroad/pdn.tcl |& tee /dev/null /shift/openlane/sr/runs/RUN_2023.10.27_18.18.11/logs/floorplan/6-pdn.log"

Fri Oct 27 18:18:17 UTC 2023 - Executing "{openroad -exit /openlane/scripts/openroad/pdn.tcl |& tee /dev/null /shift/openlane/sr/runs/RUN_2023.10.27_18.18.11/logs/floorplan/6-pdn.log}"

Fri Oct 27 18:18:18 UTC 2023 - Executing "openroad -exit /openlane/scripts/openroad/gpl.tcl |& tee /dev/null /shift/openlane/sr/runs/RUN_2023.10.27_18.18.11/logs/placement/7-global.log"

Fri Oct 27 18:18:18 UTC 2023 - Executing "{openroad -exit /openlane/scripts/openroad/gpl.tcl |& tee /dev/null /shift/openlane/sr/runs/RUN_2023.10.27_18.18.11/logs/placement/7-global.log}"

Fri Oct 27 18:18:18 UTC 2023 - Executing "{sed -i.bak -e {s/\(set ::env(CURRENT_NETLIST)\).*/\1 \/shift\/openlane\/sr\/runs\/RUN_2023.10.27_18.18.11\/tmp\/placement\/7-global.nl.v/} /shift/openlane/sr/runs/RUN_2023.10.27_18.18.11/config.tcl}"

Fri Oct 27 18:18:19 UTC 2023 - Executing "openroad -exit /openlane/scripts/openroad/sta/multi_corner.tcl |& tee /dev/null /shift/openlane/sr/runs/RUN_2023.10.27_18.18.11/logs/placement/8-gpl_sta.log"

Fri Oct 27 18:18:19 UTC 2023 - Executing "{openroad -exit /openlane/scripts/openroad/sta/multi_corner.tcl |& tee /dev/null /shift/openlane/sr/runs/RUN_2023.10.27_18.18.11/logs/placement/8-gpl_sta.log}"

Fri Oct 27 18:18:19 UTC 2023 - Executing "openroad -exit /openlane/scripts/openroad/resizer.tcl |& tee /dev/null /shift/openlane/sr/runs/RUN_2023.10.27_18.18.11/logs/placement/9-resizer.log"

Fri Oct 27 18:18:19 UTC 2023 - Executing "{openroad -exit /openlane/scripts/openroad/resizer.tcl |& tee /dev/null /shift/openlane/sr/runs/RUN_2023.10.27_18.18.11/logs/placement/9-resizer.log}"

Fri Oct 27 18:18:21 UTC 2023 - Executing "{sed -i.bak -e {s/\(set ::env(CURRENT_NETLIST)\).*/\1 \/shift\/openlane\/sr\/runs\/RUN_2023.10.27_18.18.11\/tmp\/placement\/9-resizer.nl.v/} /shift/openlane/sr/runs/RUN_2023.10.27_18.18.11/config.tcl}"

Fri Oct 27 18:18:21 UTC 2023 - Executing "openroad -exit /openlane/scripts/openroad/dpl.tcl |& tee /dev/null /shift/openlane/sr/runs/RUN_2023.10.27_18.18.11/logs/placement/10-detailed.log"

Fri Oct 27 18:18:21 UTC 2023 - Executing "{openroad -exit /openlane/scripts/openroad/dpl.tcl |& tee /dev/null /shift/openlane/sr/runs/RUN_2023.10.27_18.18.11/logs/placement/10-detailed.log}"

Fri Oct 27 18:18:21 UTC 2023 - Executing "{sed -i.bak -e {s/\(set ::env(CURRENT_NETLIST)\).*/\1 \/shift\/openlane\/sr\/runs\/RUN_2023.10.27_18.18.11\/results\/placement\/sr.nl.v/} /shift/openlane/sr/runs/RUN_2023.10.27_18.18.11/config.tcl}"

Fri Oct 27 18:18:21 UTC 2023 - Executing "openroad -exit /openlane/scripts/openroad/sta/multi_corner.tcl |& tee /dev/null /shift/openlane/sr/runs/RUN_2023.10.27_18.18.11/logs/placement/11-dpl_sta.log"

Fri Oct 27 18:18:21 UTC 2023 - Executing "{openroad -exit /openlane/scripts/openroad/sta/multi_corner.tcl |& tee /dev/null /shift/openlane/sr/runs/RUN_2023.10.27_18.18.11/logs/placement/11-dpl_sta.log}"

Fri Oct 27 18:18:22 UTC 2023 - Executing "openroad -exit /openlane/scripts/openroad/cts.tcl |& tee /dev/null /shift/openlane/sr/runs/RUN_2023.10.27_18.18.11/logs/cts/12-cts.log"

Fri Oct 27 18:18:22 UTC 2023 - Executing "{openroad -exit /openlane/scripts/openroad/cts.tcl |& tee /dev/null /shift/openlane/sr/runs/RUN_2023.10.27_18.18.11/logs/cts/12-cts.log}"

Fri Oct 27 18:18:55 UTC 2023 - Executing "openroad -exit /openlane/scripts/openroad/sta/multi_corner.tcl |& tee /dev/null /shift/openlane/sr/runs/RUN_2023.10.27_18.18.11/logs/cts/13-cts_sta.log"

Fri Oct 27 18:18:55 UTC 2023 - Executing "{openroad -exit /openlane/scripts/openroad/sta/multi_corner.tcl |& tee /dev/null /shift/openlane/sr/runs/RUN_2023.10.27_18.18.11/logs/cts/13-cts_sta.log}"

Fri Oct 27 18:18:56 UTC 2023 - Executing "openroad -exit /openlane/scripts/openroad/resizer_timing.tcl |& tee /dev/null /shift/openlane/sr/runs/RUN_2023.10.27_18.18.11/logs/cts/14-resizer.log"

Fri Oct 27 18:18:56 UTC 2023 - Executing "{openroad -exit /openlane/scripts/openroad/resizer_timing.tcl |& tee /dev/null /shift/openlane/sr/runs/RUN_2023.10.27_18.18.11/logs/cts/14-resizer.log}"

Fri Oct 27 18:18:57 UTC 2023 - Executing "{sed -i.bak -e {s/\(set ::env(CURRENT_NETLIST)\).*/\1 \/shift\/openlane\/sr\/runs\/RUN_2023.10.27_18.18.11\/tmp\/cts\/14-sr.resized.nl.v/} /shift/openlane/sr/runs/RUN_2023.10.27_18.18.11/config.tcl}"

Fri Oct 27 18:18:57 UTC 2023 - Executing "openroad -exit /openlane/scripts/openroad/resizer_routing_design.tcl |& tee /dev/null /shift/openlane/sr/runs/RUN_2023.10.27_18.18.11/logs/routing/15-resizer_design.log"

Fri Oct 27 18:18:57 UTC 2023 - Executing "{openroad -exit /openlane/scripts/openroad/resizer_routing_design.tcl |& tee /dev/null /shift/openlane/sr/runs/RUN_2023.10.27_18.18.11/logs/routing/15-resizer_design.log}"

Fri Oct 27 18:18:59 UTC 2023 - Executing "{sed -i.bak -e {s/\(set ::env(CURRENT_NETLIST)\).*/\1 \/shift\/openlane\/sr\/runs\/RUN_2023.10.27_18.18.11\/tmp\/15-sr.nl.v/} /shift/openlane/sr/runs/RUN_2023.10.27_18.18.11/config.tcl}"

Fri Oct 27 18:18:59 UTC 2023 - Executing "openroad -exit /openlane/scripts/openroad/sta/multi_corner.tcl |& tee /dev/null /shift/openlane/sr/runs/RUN_2023.10.27_18.18.11/logs/routing/16-rsz_design_sta.log"

Fri Oct 27 18:18:59 UTC 2023 - Executing "{openroad -exit /openlane/scripts/openroad/sta/multi_corner.tcl |& tee /dev/null /shift/openlane/sr/runs/RUN_2023.10.27_18.18.11/logs/routing/16-rsz_design_sta.log}"

Fri Oct 27 18:19:00 UTC 2023 - Executing "openroad -exit /openlane/scripts/openroad/resizer_routing_timing.tcl |& tee /dev/null /shift/openlane/sr/runs/RUN_2023.10.27_18.18.11/logs/routing/17-resizer_timing.log"

Fri Oct 27 18:19:00 UTC 2023 - Executing "{openroad -exit /openlane/scripts/openroad/resizer_routing_timing.tcl |& tee /dev/null /shift/openlane/sr/runs/RUN_2023.10.27_18.18.11/logs/routing/17-resizer_timing.log}"

Fri Oct 27 18:19:01 UTC 2023 - Executing "{sed -i.bak -e {s/\(set ::env(CURRENT_NETLIST)\).*/\1 \/shift\/openlane\/sr\/runs\/RUN_2023.10.27_18.18.11\/tmp\/17-sr.nl.v/} /shift/openlane/sr/runs/RUN_2023.10.27_18.18.11/config.tcl}"

Fri Oct 27 18:19:01 UTC 2023 - Executing "openroad -exit /openlane/scripts/openroad/sta/multi_corner.tcl |& tee /dev/null /shift/openlane/sr/runs/RUN_2023.10.27_18.18.11/logs/routing/18-rsz_timing_sta.log"

Fri Oct 27 18:19:01 UTC 2023 - Executing "{openroad -exit /openlane/scripts/openroad/sta/multi_corner.tcl |& tee /dev/null /shift/openlane/sr/runs/RUN_2023.10.27_18.18.11/logs/routing/18-rsz_timing_sta.log}"

Fri Oct 27 18:19:02 UTC 2023 - Executing "openroad -exit /openlane/scripts/openroad/repair_antennas.tcl |& tee /dev/null /shift/openlane/sr/runs/RUN_2023.10.27_18.18.11/logs/routing/19-global.log"

Fri Oct 27 18:19:02 UTC 2023 - Executing "{openroad -exit /openlane/scripts/openroad/repair_antennas.tcl |& tee /dev/null /shift/openlane/sr/runs/RUN_2023.10.27_18.18.11/logs/routing/19-global.log}"

Fri Oct 27 18:19:02 UTC 2023 - Executing "openroad -exit /openlane/scripts/openroad/write_views.tcl |& tee /dev/null /shift/openlane/sr/runs/RUN_2023.10.27_18.18.11/logs/routing/19-global_write_netlist.log"

Fri Oct 27 18:19:02 UTC 2023 - Executing "{openroad -exit /openlane/scripts/openroad/write_views.tcl |& tee /dev/null /shift/openlane/sr/runs/RUN_2023.10.27_18.18.11/logs/routing/19-global_write_netlist.log}"

Fri Oct 27 18:19:03 UTC 2023 - Executing "{sed -i.bak -e {s/\(set ::env(CURRENT_NETLIST)\).*/\1 \/shift\/openlane\/sr\/runs\/RUN_2023.10.27_18.18.11\/tmp\/routing\/global.nl.v/} /shift/openlane/sr/runs/RUN_2023.10.27_18.18.11/config.tcl}"

Fri Oct 27 18:19:03 UTC 2023 - Executing "openroad -exit /openlane/scripts/openroad/sta/multi_corner.tcl |& tee /dev/null /shift/openlane/sr/runs/RUN_2023.10.27_18.18.11/logs/routing/21-grt_sta.log"

Fri Oct 27 18:19:03 UTC 2023 - Executing "{openroad -exit /openlane/scripts/openroad/sta/multi_corner.tcl |& tee /dev/null /shift/openlane/sr/runs/RUN_2023.10.27_18.18.11/logs/routing/21-grt_sta.log}"

Fri Oct 27 18:19:03 UTC 2023 - Executing "openroad -exit /openlane/scripts/openroad/fill.tcl |& tee /dev/null /shift/openlane/sr/runs/RUN_2023.10.27_18.18.11/logs/routing/22-fill.log"

Fri Oct 27 18:19:03 UTC 2023 - Executing "{openroad -exit /openlane/scripts/openroad/fill.tcl |& tee /dev/null /shift/openlane/sr/runs/RUN_2023.10.27_18.18.11/logs/routing/22-fill.log}"

Fri Oct 27 18:19:04 UTC 2023 - Executing "{sed -i.bak -e {s/\(set ::env(CURRENT_NETLIST)\).*/\1 \/shift\/openlane\/sr\/runs\/RUN_2023.10.27_18.18.11\/tmp\/routing\/22-fill.nl.v/} /shift/openlane/sr/runs/RUN_2023.10.27_18.18.11/config.tcl}"

Fri Oct 27 18:19:04 UTC 2023 - Executing "openroad -exit /openlane/scripts/openroad/droute.tcl |& tee /dev/null /shift/openlane/sr/runs/RUN_2023.10.27_18.18.11/logs/routing/23-detailed.log"

Fri Oct 27 18:19:04 UTC 2023 - Executing "{openroad -exit /openlane/scripts/openroad/droute.tcl |& tee /dev/null /shift/openlane/sr/runs/RUN_2023.10.27_18.18.11/logs/routing/23-detailed.log}"

Fri Oct 27 18:19:06 UTC 2023 - Executing "{sed -i.bak -e {s/\(set ::env(CURRENT_NETLIST)\).*/\1 \/shift\/openlane\/sr\/runs\/RUN_2023.10.27_18.18.11\/results\/routing\/sr.nl.v/} /shift/openlane/sr/runs/RUN_2023.10.27_18.18.11/config.tcl}"

Fri Oct 27 18:19:06 UTC 2023 - Executing "{python3 /openlane/scripts/drc_rosetta.py tr to_klayout -o /shift/openlane/sr/runs/RUN_2023.10.27_18.18.11/reports/routing/drt.klayout.xml --design-name sr /shift/openlane/sr/runs/RUN_2023.10.27_18.18.11/reports/routing/drt.drc}"

Fri Oct 27 18:19:07 UTC 2023 - Executing "{openroad -exit -no_init -python /openlane/scripts/odbpy/wire_lengths.py --report-out /shift/openlane/sr/runs/RUN_2023.10.27_18.18.11/reports/routing/24-wire_lengths.csv --input-lef /shift/openlane/sr/runs/RUN_2023.10.27_18.18.11/tmp/merged.nom.lef --output-def /dev/null --output /shift/openlane/sr/runs/RUN_2023.10.27_18.18.11/results/routing/sr.odb /shift/openlane/sr/runs/RUN_2023.10.27_18.18.11/results/routing/sr.odb |& tee /dev/null /shift/openlane/sr/runs/RUN_2023.10.27_18.18.11/logs/routing/24-wire_lengths.log}"

Fri Oct 27 18:19:07 UTC 2023 - Executing "openroad -exit /openlane/scripts/openroad/rcx.tcl |& tee /dev/null /shift/openlane/sr/runs/RUN_2023.10.27_18.18.11/logs/signoff/25-parasitics_extraction.min.log"

Fri Oct 27 18:19:07 UTC 2023 - Executing "{openroad -exit /openlane/scripts/openroad/rcx.tcl |& tee /dev/null /shift/openlane/sr/runs/RUN_2023.10.27_18.18.11/logs/signoff/25-parasitics_extraction.min.log}"

Fri Oct 27 18:19:07 UTC 2023 - Executing "sta -exit -no_init /openlane/scripts/openroad/sta/multi_corner.tcl |& tee /dev/null /shift/openlane/sr/runs/RUN_2023.10.27_18.18.11/logs/signoff/26-rcx_mcsta.min.log"

Fri Oct 27 18:19:07 UTC 2023 - Executing "{sta -exit -no_init /openlane/scripts/openroad/sta/multi_corner.tcl |& tee /dev/null /shift/openlane/sr/runs/RUN_2023.10.27_18.18.11/logs/signoff/26-rcx_mcsta.min.log}"

Fri Oct 27 18:19:09 UTC 2023 - Executing "openroad -exit /openlane/scripts/openroad/rcx.tcl |& tee /dev/null /shift/openlane/sr/runs/RUN_2023.10.27_18.18.11/logs/signoff/27-parasitics_extraction.max.log"

Fri Oct 27 18:19:09 UTC 2023 - Executing "{openroad -exit /openlane/scripts/openroad/rcx.tcl |& tee /dev/null /shift/openlane/sr/runs/RUN_2023.10.27_18.18.11/logs/signoff/27-parasitics_extraction.max.log}"

Fri Oct 27 18:19:10 UTC 2023 - Executing "sta -exit -no_init /openlane/scripts/openroad/sta/multi_corner.tcl |& tee /dev/null /shift/openlane/sr/runs/RUN_2023.10.27_18.18.11/logs/signoff/28-rcx_mcsta.max.log"

Fri Oct 27 18:19:10 UTC 2023 - Executing "{sta -exit -no_init /openlane/scripts/openroad/sta/multi_corner.tcl |& tee /dev/null /shift/openlane/sr/runs/RUN_2023.10.27_18.18.11/logs/signoff/28-rcx_mcsta.max.log}"

Fri Oct 27 18:19:11 UTC 2023 - Executing "openroad -exit /openlane/scripts/openroad/rcx.tcl |& tee /dev/null /shift/openlane/sr/runs/RUN_2023.10.27_18.18.11/logs/signoff/29-parasitics_extraction.nom.log"

Fri Oct 27 18:19:11 UTC 2023 - Executing "{openroad -exit /openlane/scripts/openroad/rcx.tcl |& tee /dev/null /shift/openlane/sr/runs/RUN_2023.10.27_18.18.11/logs/signoff/29-parasitics_extraction.nom.log}"

Fri Oct 27 18:19:12 UTC 2023 - Executing "sta -exit -no_init /openlane/scripts/openroad/sta/multi_corner.tcl |& tee /dev/null /shift/openlane/sr/runs/RUN_2023.10.27_18.18.11/logs/signoff/30-rcx_mcsta.nom.log"

Fri Oct 27 18:19:12 UTC 2023 - Executing "{sta -exit -no_init /openlane/scripts/openroad/sta/multi_corner.tcl |& tee /dev/null /shift/openlane/sr/runs/RUN_2023.10.27_18.18.11/logs/signoff/30-rcx_mcsta.nom.log}"

Fri Oct 27 18:19:13 UTC 2023 - Executing "openroad -exit /openlane/scripts/openroad/irdrop.tcl |& tee /dev/null /shift/openlane/sr/runs/RUN_2023.10.27_18.18.11/logs/signoff/31-irdrop.log"

Fri Oct 27 18:19:14 UTC 2023 - Executing "{openroad -exit /openlane/scripts/openroad/irdrop.tcl |& tee /dev/null /shift/openlane/sr/runs/RUN_2023.10.27_18.18.11/logs/signoff/31-irdrop.log}"

Fri Oct 27 18:19:14 UTC 2023 - Executing "magic -noconsole -dnull -rcfile /home/jr_dig/unic-cass/pdks/sky130A/libs.tech/magic/sky130A.magicrc < /openlane/scripts/magic/wrapper.tcl |& tee /dev/null /shift/openlane/sr/runs/RUN_2023.10.27_18.18.11/logs/signoff/32-gdsii.log"

Fri Oct 27 18:19:14 UTC 2023 - Executing "{magic -noconsole -dnull -rcfile /home/jr_dig/unic-cass/pdks/sky130A/libs.tech/magic/sky130A.magicrc < /openlane/scripts/magic/wrapper.tcl |& tee /dev/null /shift/openlane/sr/runs/RUN_2023.10.27_18.18.11/logs/signoff/32-gdsii.log}"

Fri Oct 27 18:19:15 UTC 2023 - Executing "magic -noconsole -dnull -rcfile /home/jr_dig/unic-cass/pdks/sky130A/libs.tech/magic/sky130A.magicrc < /openlane/scripts/magic/wrapper.tcl |& tee /dev/null /shift/openlane/sr/runs/RUN_2023.10.27_18.18.11/logs/signoff/32-gds_ptrs.log"

Fri Oct 27 18:19:15 UTC 2023 - Executing "{magic -noconsole -dnull -rcfile /home/jr_dig/unic-cass/pdks/sky130A/libs.tech/magic/sky130A.magicrc < /openlane/scripts/magic/wrapper.tcl |& tee /dev/null /shift/openlane/sr/runs/RUN_2023.10.27_18.18.11/logs/signoff/32-gds_ptrs.log}"

Fri Oct 27 18:19:15 UTC 2023 - Executing "{sed -i.bak -n {/^<< properties >>/,/^<< end >>/p} /shift/openlane/sr/runs/RUN_2023.10.27_18.18.11/tmp/signoff/gds_ptrs.mag}"

Fri Oct 27 18:19:15 UTC 2023 - Executing "magic -noconsole -dnull -rcfile /home/jr_dig/unic-cass/pdks/sky130A/libs.tech/magic/sky130A.magicrc < /openlane/scripts/magic/wrapper.tcl |& tee /dev/null /shift/openlane/sr/runs/RUN_2023.10.27_18.18.11/logs/signoff/32-lef.log"

Fri Oct 27 18:19:15 UTC 2023 - Executing "{magic -noconsole -dnull -rcfile /home/jr_dig/unic-cass/pdks/sky130A/libs.tech/magic/sky130A.magicrc < /openlane/scripts/magic/wrapper.tcl |& tee /dev/null /shift/openlane/sr/runs/RUN_2023.10.27_18.18.11/logs/signoff/32-lef.log}"

Fri Oct 27 18:19:15 UTC 2023 - Executing "magic -noconsole -dnull -rcfile /home/jr_dig/unic-cass/pdks/sky130A/libs.tech/magic/sky130A.magicrc < /openlane/scripts/magic/wrapper.tcl |& tee /dev/null /shift/openlane/sr/runs/RUN_2023.10.27_18.18.11/logs/signoff/32-maglef.log"

Fri Oct 27 18:19:15 UTC 2023 - Executing "{magic -noconsole -dnull -rcfile /home/jr_dig/unic-cass/pdks/sky130A/libs.tech/magic/sky130A.magicrc < /openlane/scripts/magic/wrapper.tcl |& tee /dev/null /shift/openlane/sr/runs/RUN_2023.10.27_18.18.11/logs/signoff/32-maglef.log}"

Fri Oct 27 18:19:16 UTC 2023 - Executing "{python3 /openlane/scripts/klayout/stream_out.py --output /shift/openlane/sr/runs/RUN_2023.10.27_18.18.11/results/signoff/sr.klayout.gds --lyt /home/jr_dig/unic-cass/pdks/sky130A/libs.tech/klayout/tech/sky130A.lyt --lym /home/jr_dig/unic-cass/pdks/sky130A/libs.tech/klayout/tech/sky130A.map --lyp /home/jr_dig/unic-cass/pdks/sky130A/libs.tech/klayout/tech/sky130A.lyp --top sr --with-gds-file /home/jr_dig/unic-cass/pdks/sky130A/libs.ref/sky130_fd_sc_hd/gds/sky130_fd_sc_hd.gds --input-lef /shift/openlane/sr/runs/RUN_2023.10.27_18.18.11/tmp/merged.nom.lef /shift/openlane/sr/runs/RUN_2023.10.27_18.18.11/results/routing/sr.def |& tee /dev/null /shift/openlane/sr/runs/RUN_2023.10.27_18.18.11/logs/signoff/33-gdsii-klayout.log}"

Fri Oct 27 18:19:16 UTC 2023 - Executing "{klayout -b -r /openlane/scripts/klayout/xor.drc -rd a=/shift/openlane/sr/runs/RUN_2023.10.27_18.18.11/results/signoff/sr.gds -rd b=/shift/openlane/sr/runs/RUN_2023.10.27_18.18.11/results/signoff/sr.klayout.gds -rd jobs=1 -rd rdb_out=/shift/openlane/sr/runs/RUN_2023.10.27_18.18.11/reports/signoff/34-xor.xml -rd ignore=81/14 -rd rpt_out=/shift/openlane/sr/runs/RUN_2023.10.27_18.18.11/reports/signoff/34-xor.rpt |& tee /dev/null /shift/openlane/sr/runs/RUN_2023.10.27_18.18.11/logs/signoff/34-xor.log}"

Fri Oct 27 18:19:17 UTC 2023 - Executing "magic -noconsole -dnull -rcfile /home/jr_dig/unic-cass/pdks/sky130A/libs.tech/magic/sky130A.magicrc < /openlane/scripts/magic/wrapper.tcl |& tee /dev/null /shift/openlane/sr/runs/RUN_2023.10.27_18.18.11/logs/signoff/35-spice.log"

Fri Oct 27 18:19:17 UTC 2023 - Executing "{magic -noconsole -dnull -rcfile /home/jr_dig/unic-cass/pdks/sky130A/libs.tech/magic/sky130A.magicrc < /openlane/scripts/magic/wrapper.tcl |& tee /dev/null /shift/openlane/sr/runs/RUN_2023.10.27_18.18.11/logs/signoff/35-spice.log}"

Fri Oct 27 18:19:18 UTC 2023 - Executing "{openroad -exit -no_init -python /openlane/scripts/odbpy/power_utils.py write_powered_def --output /shift/openlane/sr/runs/RUN_2023.10.27_18.18.11/tmp/signoff/35-sr.p.def --input-lef /shift/openlane/sr/runs/RUN_2023.10.27_18.18.11/tmp/merged.nom.lef --power-port VPWR --ground-port VGND --powered-netlist {} /shift/openlane/sr/runs/RUN_2023.10.27_18.18.11/results/routing/sr.def |& tee /dev/null /shift/openlane/sr/runs/RUN_2023.10.27_18.18.11/logs/signoff/36-write_powered_def.log}"

Fri Oct 27 18:19:18 UTC 2023 - Executing "openroad -exit /openlane/scripts/openroad/write_views.tcl |& tee /dev/null /shift/openlane/sr/runs/RUN_2023.10.27_18.18.11/logs/signoff/36-write_powered_verilog.log"

Fri Oct 27 18:19:18 UTC 2023 - Executing "{openroad -exit /openlane/scripts/openroad/write_views.tcl |& tee /dev/null /shift/openlane/sr/runs/RUN_2023.10.27_18.18.11/logs/signoff/36-write_powered_verilog.log}"

Fri Oct 27 18:19:18 UTC 2023 - Executing "{sed -i.bak -e {s/\(set ::env(CURRENT_NETLIST)\).*/\1 \/shift\/openlane\/sr\/runs\/RUN_2023.10.27_18.18.11\/tmp\/signoff\/35-sr.nl.v/} /shift/openlane/sr/runs/RUN_2023.10.27_18.18.11/config.tcl}"

Fri Oct 27 18:19:19 UTC 2023 - Executing "{netgen -batch source /shift/openlane/sr/runs/RUN_2023.10.27_18.18.11/tmp/signoff/38-setup_file.lef.lvs |& tee /dev/null /shift/openlane/sr/runs/RUN_2023.10.27_18.18.11/logs/signoff/38-lvs.lef.log}"

Fri Oct 27 18:19:19 UTC 2023 - Executing "magic -noconsole -dnull -rcfile /home/jr_dig/unic-cass/pdks/sky130A/libs.tech/magic/sky130A.magicrc < /openlane/scripts/magic/wrapper.tcl |& tee /dev/null /shift/openlane/sr/runs/RUN_2023.10.27_18.18.11/logs/signoff/39-drc.log"

Fri Oct 27 18:19:19 UTC 2023 - Executing "{magic -noconsole -dnull -rcfile /home/jr_dig/unic-cass/pdks/sky130A/libs.tech/magic/sky130A.magicrc < /openlane/scripts/magic/wrapper.tcl |& tee /dev/null /shift/openlane/sr/runs/RUN_2023.10.27_18.18.11/logs/signoff/39-drc.log}"

Fri Oct 27 18:19:20 UTC 2023 - Executing "{python3 /openlane/scripts/drc_rosetta.py magic to_tcl -o /shift/openlane/sr/runs/RUN_2023.10.27_18.18.11/reports/signoff/drc.tcl /shift/openlane/sr/runs/RUN_2023.10.27_18.18.11/reports/signoff/drc.rpt}"

Fri Oct 27 18:19:20 UTC 2023 - Executing "{python3 /openlane/scripts/drc_rosetta.py magic to_tr -o /shift/openlane/sr/runs/RUN_2023.10.27_18.18.11/reports/signoff/drc.tr /shift/openlane/sr/runs/RUN_2023.10.27_18.18.11/reports/signoff/drc.rpt}"

Fri Oct 27 18:19:20 UTC 2023 - Executing "{python3 /openlane/scripts/drc_rosetta.py tr to_klayout -o /shift/openlane/sr/runs/RUN_2023.10.27_18.18.11/reports/signoff/drc.klayout.xml --design-name sr /shift/openlane/sr/runs/RUN_2023.10.27_18.18.11/reports/signoff/drc.tr}"

Fri Oct 27 18:19:20 UTC 2023 - Executing "{python3 /openlane/scripts/drc_rosetta.py magic to_rdb -o /shift/openlane/sr/runs/RUN_2023.10.27_18.18.11/reports/signoff/drc.rdb /shift/openlane/sr/runs/RUN_2023.10.27_18.18.11/reports/signoff/drc.rpt}"

Fri Oct 27 18:19:20 UTC 2023 - Executing "openroad -exit /openlane/scripts/openroad/antenna_check.tcl |& tee /dev/null /shift/openlane/sr/runs/RUN_2023.10.27_18.18.11/logs/signoff/40-arc.log"

Fri Oct 27 18:19:20 UTC 2023 - Executing "{openroad -exit /openlane/scripts/openroad/antenna_check.tcl |& tee /dev/null /shift/openlane/sr/runs/RUN_2023.10.27_18.18.11/logs/signoff/40-arc.log}"

Fri Oct 27 18:19:20 UTC 2023 - Executing "{python3 /openlane/scripts/extract_antenna_violators.py --output /shift/openlane/sr/runs/RUN_2023.10.27_18.18.11/reports/signoff/40-antenna_violators.rpt --plain-out /shift/openlane/sr/runs/RUN_2023.10.27_18.18.11/reports/signoff/40-antenna_violators_pins.txt /shift/openlane/sr/runs/RUN_2023.10.27_18.18.11/logs/signoff/40-arc.log}"

Fri Oct 27 18:19:21 UTC 2023 - Executing "{python3 /openlane/scripts/write_runtime.py --conclude --seconds --time-in 1698430761 {flow completed}}"

Fri Oct 27 18:19:21 UTC 2023 - Executing "{python3 /openlane/scripts/generate_reports.py -d /shift/openlane/sr --design_name sr --tag RUN_2023.10.27_18.18.11 --output_file /shift/openlane/sr/runs/RUN_2023.10.27_18.18.11/reports/metrics.csv --man_report /shift/openlane/sr/runs/RUN_2023.10.27_18.18.11/reports/manufacturability.rpt --run_path /shift/openlane/sr/runs/RUN_2023.10.27_18.18.11}"

