OpenROAD bdc8e944cd08ba8edebeca19fa531bd026690330 
This program is licensed under the BSD-3 license. See the LICENSE file for details.
Components of this program may be licensed under more restrictive licenses which must be honored.
define_corners Typical
read_liberty -corner Typical /home/jr_dig/unic-cass/pdks/sky130A/libs.ref/sky130_fd_sc_hd/lib/sky130_fd_sc_hd__tt_025C_1v80.lib
Using 1e-12 for capacitance...
Using 1e+03 for resistance...
Using 1e-09 for time...
Using 1e+00 for voltage...
Using 1e-03 for current...
Using 1e-09 for power...
Using 1e-06 for distance...
[INFO ODB-0222] Reading LEF file: /shift/openlane/sr/runs/RUN_2023.10.27_18.18.11/tmp/merged.nom.lef
[INFO ODB-0223]     Created 13 technology layers
[INFO ODB-0224]     Created 25 technology vias
[INFO ODB-0225]     Created 442 library cells
[INFO ODB-0226] Finished LEF file:  /shift/openlane/sr/runs/RUN_2023.10.27_18.18.11/tmp/merged.nom.lef
Reading netlist '/shift/openlane/sr/runs/RUN_2023.10.27_18.18.11/results/synthesis/sr.v'…
Reading design constraints file at '/openlane/scripts/base.sdc'…
[INFO]: Setting output delay to: 2.0
[INFO]: Setting input delay to: 2.0
[INFO]: Setting load to: 0.033442
[INFO]: Setting clock uncertainty to: 0.25
[INFO]: Setting clock transition to: 0.15
[INFO]: Setting timing derate to: 5.0 %
[INFO IFP-0001] Added 28 rows of 166 site unithd with height 1.
[INFO IFP-0030] Inserted 0 tiecells using sky130_fd_sc_hd__conb_1/LO.
[INFO IFP-0030] Inserted 0 tiecells using sky130_fd_sc_hd__conb_1/HI.
[INFO] Extracting DIE_AREA and CORE_AREA from the floorplan
[INFO] Floorplanned on a die area of 0.0 0.0 87.56 98.28 (microns). Saving to /shift/openlane/sr/runs/RUN_2023.10.27_18.18.11/reports/floorplan/3-initial_fp_die_area.rpt.
[INFO] Floorplanned on a core area of 5.52 10.88 81.88 87.04 (microns). Saving to /shift/openlane/sr/runs/RUN_2023.10.27_18.18.11/reports/floorplan/3-initial_fp_core_area.rpt.
Writing OpenROAD database to '/shift/openlane/sr/runs/RUN_2023.10.27_18.18.11/tmp/floorplan/3-initial_fp.odb'…
Writing layout to '/shift/openlane/sr/runs/RUN_2023.10.27_18.18.11/tmp/floorplan/3-initial_fp.def'…
Writing timing constraints to '/shift/openlane/sr/runs/RUN_2023.10.27_18.18.11/tmp/floorplan/3-initial_fp.sdc'…
