OpenROAD bdc8e944cd08ba8edebeca19fa531bd026690330 
This program is licensed under the BSD-3 license. See the LICENSE file for details.
Components of this program may be licensed under more restrictive licenses which must be honored.
[INFO]: Reading ODB at '/shift/openlane/sr/runs/RUN_2023.10.27_18.18.11/results/cts/sr.odb'…
define_corners Typical
read_liberty -corner Typical /home/jr_dig/unic-cass/pdks/sky130A/libs.ref/sky130_fd_sc_hd/lib/sky130_fd_sc_hd__tt_025C_1v80.lib
Using 1e-12 for capacitance...
Using 1e+03 for resistance...
Using 1e-09 for time...
Using 1e+00 for voltage...
Using 1e-03 for current...
Using 1e-09 for power...
Using 1e-06 for distance...
Reading design constraints file at '/openlane/scripts/base.sdc'…
[INFO]: Setting output delay to: 2.0
[INFO]: Setting input delay to: 2.0
[INFO]: Setting load to: 0.033442
[INFO]: Setting clock uncertainty to: 0.25
[INFO]: Setting clock transition to: 0.15
[INFO]: Setting timing derate to: 5.0 %
[INFO]: Setting RC values...
min_report

===========================================================================
report_checks -path_delay min (Hold)
============================================================================
======================= Typical Corner ===================================

Startpoint: _28_ (rising edge-triggered flip-flop clocked by sclk)
Endpoint: _28_ (rising edge-triggered flip-flop clocked by sclk)
Path Group: sclk
Path Type: min

Fanout     Cap    Slew   Delay    Time   Description
-----------------------------------------------------------------------------
                  0.15    0.00    0.00   clock sclk (rise edge)
                          0.00    0.00   clock network delay (ideal)
                  0.15    0.00    0.00 ^ _28_/CLK (sky130_fd_sc_hd__dfrtp_1)
     2    0.01    0.06    0.35    0.35 ^ _28_/Q (sky130_fd_sc_hd__dfrtp_1)
                                         net4 (net)
                  0.06    0.00    0.35 ^ _14_/A1 (sky130_fd_sc_hd__mux2_1)
     1    0.00    0.04    0.11    0.47 ^ _14_/X (sky130_fd_sc_hd__mux2_1)
                                         _07_ (net)
                  0.04    0.00    0.47 ^ _15_/A (sky130_fd_sc_hd__clkbuf_1)
     1    0.00    0.05    0.08    0.54 ^ _15_/X (sky130_fd_sc_hd__clkbuf_1)
                                         _05_ (net)
                  0.05    0.00    0.54 ^ _28_/D (sky130_fd_sc_hd__dfrtp_1)
                                  0.54   data arrival time

                  0.15    0.00    0.00   clock sclk (rise edge)
                          0.00    0.00   clock network delay (ideal)
                          0.25    0.25   clock uncertainty
                          0.00    0.25   clock reconvergence pessimism
                                  0.25 ^ _28_/CLK (sky130_fd_sc_hd__dfrtp_1)
                         -0.02    0.23   library hold time
                                  0.23   data required time
-----------------------------------------------------------------------------
                                  0.23   data required time
                                 -0.54   data arrival time
-----------------------------------------------------------------------------
                                  0.31   slack (MET)


Startpoint: _30_ (rising edge-triggered flip-flop clocked by sclk)
Endpoint: _29_ (rising edge-triggered flip-flop clocked by sclk)
Path Group: sclk
Path Type: min

Fanout     Cap    Slew   Delay    Time   Description
-----------------------------------------------------------------------------
                  0.15    0.00    0.00   clock sclk (rise edge)
                          0.00    0.00   clock network delay (ideal)
                  0.15    0.00    0.00 ^ _30_/CLK (sky130_fd_sc_hd__dfrtp_1)
     3    0.01    0.08    0.36    0.36 ^ _30_/Q (sky130_fd_sc_hd__dfrtp_1)
                                         net6 (net)
                  0.08    0.00    0.36 ^ _16_/A0 (sky130_fd_sc_hd__mux2_1)
     1    0.00    0.04    0.11    0.47 ^ _16_/X (sky130_fd_sc_hd__mux2_1)
                                         _08_ (net)
                  0.04    0.00    0.47 ^ _17_/A (sky130_fd_sc_hd__clkbuf_1)
     1    0.00    0.04    0.07    0.54 ^ _17_/X (sky130_fd_sc_hd__clkbuf_1)
                                         _06_ (net)
                  0.04    0.00    0.54 ^ _29_/D (sky130_fd_sc_hd__dfrtp_1)
                                  0.54   data arrival time

                  0.15    0.00    0.00   clock sclk (rise edge)
                          0.00    0.00   clock network delay (ideal)
                          0.25    0.25   clock uncertainty
                          0.00    0.25   clock reconvergence pessimism
                                  0.25 ^ _29_/CLK (sky130_fd_sc_hd__dfrtp_1)
                         -0.02    0.23   library hold time
                                  0.23   data required time
-----------------------------------------------------------------------------
                                  0.23   data required time
                                 -0.54   data arrival time
-----------------------------------------------------------------------------
                                  0.31   slack (MET)


Startpoint: _33_ (rising edge-triggered flip-flop clocked by sclk)
Endpoint: _32_ (rising edge-triggered flip-flop clocked by sclk)
Path Group: sclk
Path Type: min

Fanout     Cap    Slew   Delay    Time   Description
-----------------------------------------------------------------------------
                  0.15    0.00    0.00   clock sclk (rise edge)
                          0.00    0.00   clock network delay (ideal)
                  0.15    0.00    0.00 ^ _33_/CLK (sky130_fd_sc_hd__dfrtp_1)
     3    0.01    0.08    0.36    0.36 ^ _33_/Q (sky130_fd_sc_hd__dfrtp_1)
                                         net9 (net)
                  0.08    0.00    0.36 ^ _22_/A0 (sky130_fd_sc_hd__mux2_1)
     1    0.00    0.04    0.12    0.48 ^ _22_/X (sky130_fd_sc_hd__mux2_1)
                                         _11_ (net)
                  0.04    0.00    0.48 ^ _23_/A (sky130_fd_sc_hd__clkbuf_1)
     1    0.00    0.04    0.07    0.55 ^ _23_/X (sky130_fd_sc_hd__clkbuf_1)
                                         _02_ (net)
                  0.04    0.00    0.55 ^ _32_/D (sky130_fd_sc_hd__dfrtp_1)
                                  0.55   data arrival time

                  0.15    0.00    0.00   clock sclk (rise edge)
                          0.00    0.00   clock network delay (ideal)
                          0.25    0.25   clock uncertainty
                          0.00    0.25   clock reconvergence pessimism
                                  0.25 ^ _32_/CLK (sky130_fd_sc_hd__dfrtp_1)
                         -0.02    0.23   library hold time
                                  0.23   data required time
-----------------------------------------------------------------------------
                                  0.23   data required time
                                 -0.55   data arrival time
-----------------------------------------------------------------------------
                                  0.32   slack (MET)


Startpoint: _33_ (rising edge-triggered flip-flop clocked by sclk)
Endpoint: _33_ (rising edge-triggered flip-flop clocked by sclk)
Path Group: sclk
Path Type: min

Fanout     Cap    Slew   Delay    Time   Description
-----------------------------------------------------------------------------
                  0.15    0.00    0.00   clock sclk (rise edge)
                          0.00    0.00   clock network delay (ideal)
                  0.15    0.00    0.00 ^ _33_/CLK (sky130_fd_sc_hd__dfrtp_1)
     3    0.01    0.08    0.36    0.36 ^ _33_/Q (sky130_fd_sc_hd__dfrtp_1)
                                         net9 (net)
                  0.08    0.00    0.36 ^ _24_/A1 (sky130_fd_sc_hd__mux2_1)
     1    0.00    0.04    0.12    0.48 ^ _24_/X (sky130_fd_sc_hd__mux2_1)
                                         _12_ (net)
                  0.04    0.00    0.48 ^ _25_/A (sky130_fd_sc_hd__clkbuf_1)
     1    0.00    0.04    0.07    0.56 ^ _25_/X (sky130_fd_sc_hd__clkbuf_1)
                                         _03_ (net)
                  0.04    0.00    0.56 ^ _33_/D (sky130_fd_sc_hd__dfrtp_1)
                                  0.56   data arrival time

                  0.15    0.00    0.00   clock sclk (rise edge)
                          0.00    0.00   clock network delay (ideal)
                          0.25    0.25   clock uncertainty
                          0.00    0.25   clock reconvergence pessimism
                                  0.25 ^ _33_/CLK (sky130_fd_sc_hd__dfrtp_1)
                         -0.02    0.23   library hold time
                                  0.23   data required time
-----------------------------------------------------------------------------
                                  0.23   data required time
                                 -0.56   data arrival time
-----------------------------------------------------------------------------
                                  0.33   slack (MET)


Startpoint: _30_ (rising edge-triggered flip-flop clocked by sclk)
Endpoint: _30_ (rising edge-triggered flip-flop clocked by sclk)
Path Group: sclk
Path Type: min

Fanout     Cap    Slew   Delay    Time   Description
-----------------------------------------------------------------------------
                  0.15    0.00    0.00   clock sclk (rise edge)
                          0.00    0.00   clock network delay (ideal)
                  0.15    0.00    0.00 ^ _30_/CLK (sky130_fd_sc_hd__dfrtp_1)
     3    0.01    0.08    0.36    0.36 ^ _30_/Q (sky130_fd_sc_hd__dfrtp_1)
                                         net6 (net)
                  0.08    0.00    0.36 ^ _18_/A1 (sky130_fd_sc_hd__mux2_1)
     1    0.00    0.04    0.12    0.48 ^ _18_/X (sky130_fd_sc_hd__mux2_1)
                                         _09_ (net)
                  0.04    0.00    0.48 ^ _19_/A (sky130_fd_sc_hd__clkbuf_1)
     1    0.00    0.05    0.08    0.56 ^ _19_/X (sky130_fd_sc_hd__clkbuf_1)
                                         _00_ (net)
                  0.05    0.00    0.56 ^ _30_/D (sky130_fd_sc_hd__dfrtp_1)
                                  0.56   data arrival time

                  0.15    0.00    0.00   clock sclk (rise edge)
                          0.00    0.00   clock network delay (ideal)
                          0.25    0.25   clock uncertainty
                          0.00    0.25   clock reconvergence pessimism
                                  0.25 ^ _30_/CLK (sky130_fd_sc_hd__dfrtp_1)
                         -0.02    0.23   library hold time
                                  0.23   data required time
-----------------------------------------------------------------------------
                                  0.23   data required time
                                 -0.56   data arrival time
-----------------------------------------------------------------------------
                                  0.33   slack (MET)


Startpoint: _31_ (rising edge-triggered flip-flop clocked by sclk)
Endpoint: _31_ (rising edge-triggered flip-flop clocked by sclk)
Path Group: sclk
Path Type: min

Fanout     Cap    Slew   Delay    Time   Description
-----------------------------------------------------------------------------
                  0.15    0.00    0.00   clock sclk (rise edge)
                          0.00    0.00   clock network delay (ideal)
                  0.15    0.00    0.00 ^ _31_/CLK (sky130_fd_sc_hd__dfrtp_1)
     3    0.01    0.08    0.36    0.36 ^ _31_/Q (sky130_fd_sc_hd__dfrtp_1)
                                         net7 (net)
                  0.08    0.00    0.36 ^ _20_/A1 (sky130_fd_sc_hd__mux2_1)
     1    0.00    0.04    0.12    0.49 ^ _20_/X (sky130_fd_sc_hd__mux2_1)
                                         _10_ (net)
                  0.04    0.00    0.49 ^ _21_/A (sky130_fd_sc_hd__clkbuf_1)
     1    0.00    0.04    0.07    0.56 ^ _21_/X (sky130_fd_sc_hd__clkbuf_1)
                                         _01_ (net)
                  0.04    0.00    0.56 ^ _31_/D (sky130_fd_sc_hd__dfrtp_1)
                                  0.56   data arrival time

                  0.15    0.00    0.00   clock sclk (rise edge)
                          0.00    0.00   clock network delay (ideal)
                          0.25    0.25   clock uncertainty
                          0.00    0.25   clock reconvergence pessimism
                                  0.25 ^ _31_/CLK (sky130_fd_sc_hd__dfrtp_1)
                         -0.02    0.23   library hold time
                                  0.23   data required time
-----------------------------------------------------------------------------
                                  0.23   data required time
                                 -0.56   data arrival time
-----------------------------------------------------------------------------
                                  0.33   slack (MET)


Startpoint: _34_ (rising edge-triggered flip-flop clocked by sclk)
Endpoint: _34_ (rising edge-triggered flip-flop clocked by sclk)
Path Group: sclk
Path Type: min

Fanout     Cap    Slew   Delay    Time   Description
-----------------------------------------------------------------------------
                  0.15    0.00    0.00   clock sclk (rise edge)
                          0.00    0.00   clock network delay (ideal)
                  0.15    0.00    0.00 ^ _34_/CLK (sky130_fd_sc_hd__dfrtp_1)
     3    0.01    0.09    0.37    0.37 ^ _34_/Q (sky130_fd_sc_hd__dfrtp_1)
                                         net10 (net)
                  0.09    0.00    0.37 ^ _26_/A1 (sky130_fd_sc_hd__mux2_1)
     1    0.00    0.04    0.12    0.49 ^ _26_/X (sky130_fd_sc_hd__mux2_1)
                                         _13_ (net)
                  0.04    0.00    0.49 ^ _27_/A (sky130_fd_sc_hd__clkbuf_1)
     1    0.00    0.04    0.07    0.56 ^ _27_/X (sky130_fd_sc_hd__clkbuf_1)
                                         _04_ (net)
                  0.04    0.00    0.56 ^ _34_/D (sky130_fd_sc_hd__dfrtp_1)
                                  0.56   data arrival time

                  0.15    0.00    0.00   clock sclk (rise edge)
                          0.00    0.00   clock network delay (ideal)
                          0.25    0.25   clock uncertainty
                          0.00    0.25   clock reconvergence pessimism
                                  0.25 ^ _34_/CLK (sky130_fd_sc_hd__dfrtp_1)
                         -0.02    0.23   library hold time
                                  0.23   data required time
-----------------------------------------------------------------------------
                                  0.23   data required time
                                 -0.56   data arrival time
-----------------------------------------------------------------------------
                                  0.33   slack (MET)


Startpoint: reset (input port clocked by sclk)
Endpoint: _34_ (removal check against rising-edge clock sclk)
Path Group: asynchronous
Path Type: min

Fanout     Cap    Slew   Delay    Time   Description
-----------------------------------------------------------------------------
                  0.15    0.00    0.00   clock sclk (rise edge)
                          0.00    0.00   clock network delay (ideal)
                          2.00    2.00 ^ input external delay
     1    0.00    0.02    0.01    2.01 ^ reset (in)
                                         reset (net)
                  0.02    0.00    2.01 ^ input1/A (sky130_fd_sc_hd__buf_2)
     7    0.04    0.18    0.18    2.19 ^ input1/X (sky130_fd_sc_hd__buf_2)
                                         net1 (net)
                  0.18    0.00    2.19 ^ _34_/RESET_B (sky130_fd_sc_hd__dfrtp_1)
                                  2.19   data arrival time

                  0.15    0.00    0.00   clock sclk (rise edge)
                          0.00    0.00   clock network delay (ideal)
                          0.25    0.25   clock uncertainty
                          0.00    0.25   clock reconvergence pessimism
                                  0.25 ^ _34_/CLK (sky130_fd_sc_hd__dfrtp_1)
                          0.39    0.64   library removal time
                                  0.64   data required time
-----------------------------------------------------------------------------
                                  0.64   data required time
                                 -2.19   data arrival time
-----------------------------------------------------------------------------
                                  1.56   slack (MET)


Startpoint: reset (input port clocked by sclk)
Endpoint: _33_ (removal check against rising-edge clock sclk)
Path Group: asynchronous
Path Type: min

Fanout     Cap    Slew   Delay    Time   Description
-----------------------------------------------------------------------------
                  0.15    0.00    0.00   clock sclk (rise edge)
                          0.00    0.00   clock network delay (ideal)
                          2.00    2.00 ^ input external delay
     1    0.00    0.02    0.01    2.01 ^ reset (in)
                                         reset (net)
                  0.02    0.00    2.01 ^ input1/A (sky130_fd_sc_hd__buf_2)
     7    0.04    0.18    0.18    2.19 ^ input1/X (sky130_fd_sc_hd__buf_2)
                                         net1 (net)
                  0.18    0.00    2.19 ^ _33_/RESET_B (sky130_fd_sc_hd__dfrtp_1)
                                  2.19   data arrival time

                  0.15    0.00    0.00   clock sclk (rise edge)
                          0.00    0.00   clock network delay (ideal)
                          0.25    0.25   clock uncertainty
                          0.00    0.25   clock reconvergence pessimism
                                  0.25 ^ _33_/CLK (sky130_fd_sc_hd__dfrtp_1)
                          0.39    0.64   library removal time
                                  0.64   data required time
-----------------------------------------------------------------------------
                                  0.64   data required time
                                 -2.19   data arrival time
-----------------------------------------------------------------------------
                                  1.56   slack (MET)


Startpoint: reset (input port clocked by sclk)
Endpoint: _32_ (removal check against rising-edge clock sclk)
Path Group: asynchronous
Path Type: min

Fanout     Cap    Slew   Delay    Time   Description
-----------------------------------------------------------------------------
                  0.15    0.00    0.00   clock sclk (rise edge)
                          0.00    0.00   clock network delay (ideal)
                          2.00    2.00 ^ input external delay
     1    0.00    0.02    0.01    2.01 ^ reset (in)
                                         reset (net)
                  0.02    0.00    2.01 ^ input1/A (sky130_fd_sc_hd__buf_2)
     7    0.04    0.18    0.18    2.19 ^ input1/X (sky130_fd_sc_hd__buf_2)
                                         net1 (net)
                  0.18    0.00    2.19 ^ _32_/RESET_B (sky130_fd_sc_hd__dfrtp_1)
                                  2.19   data arrival time

                  0.15    0.00    0.00   clock sclk (rise edge)
                          0.00    0.00   clock network delay (ideal)
                          0.25    0.25   clock uncertainty
                          0.00    0.25   clock reconvergence pessimism
                                  0.25 ^ _32_/CLK (sky130_fd_sc_hd__dfrtp_1)
                          0.39    0.64   library removal time
                                  0.64   data required time
-----------------------------------------------------------------------------
                                  0.64   data required time
                                 -2.19   data arrival time
-----------------------------------------------------------------------------
                                  1.56   slack (MET)


Startpoint: reset (input port clocked by sclk)
Endpoint: _31_ (removal check against rising-edge clock sclk)
Path Group: asynchronous
Path Type: min

Fanout     Cap    Slew   Delay    Time   Description
-----------------------------------------------------------------------------
                  0.15    0.00    0.00   clock sclk (rise edge)
                          0.00    0.00   clock network delay (ideal)
                          2.00    2.00 ^ input external delay
     1    0.00    0.02    0.01    2.01 ^ reset (in)
                                         reset (net)
                  0.02    0.00    2.01 ^ input1/A (sky130_fd_sc_hd__buf_2)
     7    0.04    0.18    0.18    2.19 ^ input1/X (sky130_fd_sc_hd__buf_2)
                                         net1 (net)
                  0.18    0.00    2.19 ^ _31_/RESET_B (sky130_fd_sc_hd__dfrtp_1)
                                  2.19   data arrival time

                  0.15    0.00    0.00   clock sclk (rise edge)
                          0.00    0.00   clock network delay (ideal)
                          0.25    0.25   clock uncertainty
                          0.00    0.25   clock reconvergence pessimism
                                  0.25 ^ _31_/CLK (sky130_fd_sc_hd__dfrtp_1)
                          0.39    0.64   library removal time
                                  0.64   data required time
-----------------------------------------------------------------------------
                                  0.64   data required time
                                 -2.19   data arrival time
-----------------------------------------------------------------------------
                                  1.56   slack (MET)


Startpoint: reset (input port clocked by sclk)
Endpoint: _30_ (removal check against rising-edge clock sclk)
Path Group: asynchronous
Path Type: min

Fanout     Cap    Slew   Delay    Time   Description
-----------------------------------------------------------------------------
                  0.15    0.00    0.00   clock sclk (rise edge)
                          0.00    0.00   clock network delay (ideal)
                          2.00    2.00 ^ input external delay
     1    0.00    0.02    0.01    2.01 ^ reset (in)
                                         reset (net)
                  0.02    0.00    2.01 ^ input1/A (sky130_fd_sc_hd__buf_2)
     7    0.04    0.18    0.18    2.19 ^ input1/X (sky130_fd_sc_hd__buf_2)
                                         net1 (net)
                  0.18    0.00    2.19 ^ _30_/RESET_B (sky130_fd_sc_hd__dfrtp_1)
                                  2.19   data arrival time

                  0.15    0.00    0.00   clock sclk (rise edge)
                          0.00    0.00   clock network delay (ideal)
                          0.25    0.25   clock uncertainty
                          0.00    0.25   clock reconvergence pessimism
                                  0.25 ^ _30_/CLK (sky130_fd_sc_hd__dfrtp_1)
                          0.39    0.64   library removal time
                                  0.64   data required time
-----------------------------------------------------------------------------
                                  0.64   data required time
                                 -2.19   data arrival time
-----------------------------------------------------------------------------
                                  1.56   slack (MET)


Startpoint: reset (input port clocked by sclk)
Endpoint: _29_ (removal check against rising-edge clock sclk)
Path Group: asynchronous
Path Type: min

Fanout     Cap    Slew   Delay    Time   Description
-----------------------------------------------------------------------------
                  0.15    0.00    0.00   clock sclk (rise edge)
                          0.00    0.00   clock network delay (ideal)
                          2.00    2.00 ^ input external delay
     1    0.00    0.02    0.01    2.01 ^ reset (in)
                                         reset (net)
                  0.02    0.00    2.01 ^ input1/A (sky130_fd_sc_hd__buf_2)
     7    0.04    0.18    0.18    2.19 ^ input1/X (sky130_fd_sc_hd__buf_2)
                                         net1 (net)
                  0.18    0.00    2.19 ^ _29_/RESET_B (sky130_fd_sc_hd__dfrtp_1)
                                  2.19   data arrival time

                  0.15    0.00    0.00   clock sclk (rise edge)
                          0.00    0.00   clock network delay (ideal)
                          0.25    0.25   clock uncertainty
                          0.00    0.25   clock reconvergence pessimism
                                  0.25 ^ _29_/CLK (sky130_fd_sc_hd__dfrtp_1)
                          0.39    0.64   library removal time
                                  0.64   data required time
-----------------------------------------------------------------------------
                                  0.64   data required time
                                 -2.19   data arrival time
-----------------------------------------------------------------------------
                                  1.56   slack (MET)


Startpoint: reset (input port clocked by sclk)
Endpoint: _28_ (removal check against rising-edge clock sclk)
Path Group: asynchronous
Path Type: min

Fanout     Cap    Slew   Delay    Time   Description
-----------------------------------------------------------------------------
                  0.15    0.00    0.00   clock sclk (rise edge)
                          0.00    0.00   clock network delay (ideal)
                          2.00    2.00 ^ input external delay
     1    0.00    0.02    0.01    2.01 ^ reset (in)
                                         reset (net)
                  0.02    0.00    2.01 ^ input1/A (sky130_fd_sc_hd__buf_2)
     7    0.04    0.18    0.18    2.19 ^ input1/X (sky130_fd_sc_hd__buf_2)
                                         net1 (net)
                  0.18    0.00    2.19 ^ _28_/RESET_B (sky130_fd_sc_hd__dfrtp_1)
                                  2.19   data arrival time

                  0.15    0.00    0.00   clock sclk (rise edge)
                          0.00    0.00   clock network delay (ideal)
                          0.25    0.25   clock uncertainty
                          0.00    0.25   clock reconvergence pessimism
                                  0.25 ^ _28_/CLK (sky130_fd_sc_hd__dfrtp_1)
                          0.39    0.64   library removal time
                                  0.64   data required time
-----------------------------------------------------------------------------
                                  0.64   data required time
                                 -2.19   data arrival time
-----------------------------------------------------------------------------
                                  1.56   slack (MET)


Startpoint: _28_ (rising edge-triggered flip-flop clocked by sclk)
Endpoint: data[0] (output port clocked by sclk)
Path Group: sclk
Path Type: min

Fanout     Cap    Slew   Delay    Time   Description
-----------------------------------------------------------------------------
                  0.15    0.00    0.00   clock sclk (rise edge)
                          0.00    0.00   clock network delay (ideal)
                  0.15    0.00    0.00 ^ _28_/CLK (sky130_fd_sc_hd__dfrtp_1)
     2    0.01    0.06    0.35    0.35 ^ _28_/Q (sky130_fd_sc_hd__dfrtp_1)
                                         net4 (net)
                  0.06    0.00    0.35 ^ output4/A (sky130_fd_sc_hd__buf_2)
     1    0.03    0.17    0.20    0.55 ^ output4/X (sky130_fd_sc_hd__buf_2)
                                         data[0] (net)
                  0.17    0.00    0.55 ^ data[0] (out)
                                  0.55   data arrival time

                  0.15    0.00    0.00   clock sclk (rise edge)
                          0.00    0.00   clock network delay (ideal)
                          0.25    0.25   clock uncertainty
                          0.00    0.25   clock reconvergence pessimism
                         -2.00   -1.75   output external delay
                                 -1.75   data required time
-----------------------------------------------------------------------------
                                 -1.75   data required time
                                 -0.55   data arrival time
-----------------------------------------------------------------------------
                                  2.30   slack (MET)


Startpoint: _30_ (rising edge-triggered flip-flop clocked by sclk)
Endpoint: data[2] (output port clocked by sclk)
Path Group: sclk
Path Type: min

Fanout     Cap    Slew   Delay    Time   Description
-----------------------------------------------------------------------------
                  0.15    0.00    0.00   clock sclk (rise edge)
                          0.00    0.00   clock network delay (ideal)
                  0.15    0.00    0.00 ^ _30_/CLK (sky130_fd_sc_hd__dfrtp_1)
     3    0.01    0.08    0.36    0.36 ^ _30_/Q (sky130_fd_sc_hd__dfrtp_1)
                                         net6 (net)
                  0.08    0.00    0.36 ^ output6/A (sky130_fd_sc_hd__buf_2)
     1    0.03    0.17    0.20    0.56 ^ output6/X (sky130_fd_sc_hd__buf_2)
                                         data[2] (net)
                  0.17    0.00    0.56 ^ data[2] (out)
                                  0.56   data arrival time

                  0.15    0.00    0.00   clock sclk (rise edge)
                          0.00    0.00   clock network delay (ideal)
                          0.25    0.25   clock uncertainty
                          0.00    0.25   clock reconvergence pessimism
                         -2.00   -1.75   output external delay
                                 -1.75   data required time
-----------------------------------------------------------------------------
                                 -1.75   data required time
                                 -0.56   data arrival time
-----------------------------------------------------------------------------
                                  2.31   slack (MET)


Startpoint: _33_ (rising edge-triggered flip-flop clocked by sclk)
Endpoint: data[5] (output port clocked by sclk)
Path Group: sclk
Path Type: min

Fanout     Cap    Slew   Delay    Time   Description
-----------------------------------------------------------------------------
                  0.15    0.00    0.00   clock sclk (rise edge)
                          0.00    0.00   clock network delay (ideal)
                  0.15    0.00    0.00 ^ _33_/CLK (sky130_fd_sc_hd__dfrtp_1)
     3    0.01    0.08    0.36    0.36 ^ _33_/Q (sky130_fd_sc_hd__dfrtp_1)
                                         net9 (net)
                  0.08    0.00    0.36 ^ output9/A (sky130_fd_sc_hd__buf_2)
     1    0.03    0.17    0.20    0.56 ^ output9/X (sky130_fd_sc_hd__buf_2)
                                         data[5] (net)
                  0.17    0.00    0.56 ^ data[5] (out)
                                  0.56   data arrival time

                  0.15    0.00    0.00   clock sclk (rise edge)
                          0.00    0.00   clock network delay (ideal)
                          0.25    0.25   clock uncertainty
                          0.00    0.25   clock reconvergence pessimism
                         -2.00   -1.75   output external delay
                                 -1.75   data required time
-----------------------------------------------------------------------------
                                 -1.75   data required time
                                 -0.56   data arrival time
-----------------------------------------------------------------------------
                                  2.31   slack (MET)


Startpoint: _31_ (rising edge-triggered flip-flop clocked by sclk)
Endpoint: data[3] (output port clocked by sclk)
Path Group: sclk
Path Type: min

Fanout     Cap    Slew   Delay    Time   Description
-----------------------------------------------------------------------------
                  0.15    0.00    0.00   clock sclk (rise edge)
                          0.00    0.00   clock network delay (ideal)
                  0.15    0.00    0.00 ^ _31_/CLK (sky130_fd_sc_hd__dfrtp_1)
     3    0.01    0.08    0.36    0.36 ^ _31_/Q (sky130_fd_sc_hd__dfrtp_1)
                                         net7 (net)
                  0.08    0.00    0.36 ^ output7/A (sky130_fd_sc_hd__buf_2)
     1    0.03    0.17    0.20    0.56 ^ output7/X (sky130_fd_sc_hd__buf_2)
                                         data[3] (net)
                  0.17    0.00    0.56 ^ data[3] (out)
                                  0.56   data arrival time

                  0.15    0.00    0.00   clock sclk (rise edge)
                          0.00    0.00   clock network delay (ideal)
                          0.25    0.25   clock uncertainty
                          0.00    0.25   clock reconvergence pessimism
                         -2.00   -1.75   output external delay
                                 -1.75   data required time
-----------------------------------------------------------------------------
                                 -1.75   data required time
                                 -0.56   data arrival time
-----------------------------------------------------------------------------
                                  2.31   slack (MET)


Startpoint: _29_ (rising edge-triggered flip-flop clocked by sclk)
Endpoint: data[1] (output port clocked by sclk)
Path Group: sclk
Path Type: min

Fanout     Cap    Slew   Delay    Time   Description
-----------------------------------------------------------------------------
                  0.15    0.00    0.00   clock sclk (rise edge)
                          0.00    0.00   clock network delay (ideal)
                  0.15    0.00    0.00 ^ _29_/CLK (sky130_fd_sc_hd__dfrtp_1)
     3    0.01    0.08    0.36    0.36 ^ _29_/Q (sky130_fd_sc_hd__dfrtp_1)
                                         net5 (net)
                  0.08    0.00    0.36 ^ output5/A (sky130_fd_sc_hd__buf_2)
     1    0.03    0.17    0.20    0.56 ^ output5/X (sky130_fd_sc_hd__buf_2)
                                         data[1] (net)
                  0.17    0.00    0.56 ^ data[1] (out)
                                  0.56   data arrival time

                  0.15    0.00    0.00   clock sclk (rise edge)
                          0.00    0.00   clock network delay (ideal)
                          0.25    0.25   clock uncertainty
                          0.00    0.25   clock reconvergence pessimism
                         -2.00   -1.75   output external delay
                                 -1.75   data required time
-----------------------------------------------------------------------------
                                 -1.75   data required time
                                 -0.56   data arrival time
-----------------------------------------------------------------------------
                                  2.31   slack (MET)


Startpoint: _32_ (rising edge-triggered flip-flop clocked by sclk)
Endpoint: data[4] (output port clocked by sclk)
Path Group: sclk
Path Type: min

Fanout     Cap    Slew   Delay    Time   Description
-----------------------------------------------------------------------------
                  0.15    0.00    0.00   clock sclk (rise edge)
                          0.00    0.00   clock network delay (ideal)
                  0.15    0.00    0.00 ^ _32_/CLK (sky130_fd_sc_hd__dfrtp_1)
     3    0.01    0.08    0.37    0.37 ^ _32_/Q (sky130_fd_sc_hd__dfrtp_1)
                                         net8 (net)
                  0.08    0.00    0.37 ^ output8/A (sky130_fd_sc_hd__buf_2)
     1    0.03    0.17    0.20    0.57 ^ output8/X (sky130_fd_sc_hd__buf_2)
                                         data[4] (net)
                  0.17    0.00    0.57 ^ data[4] (out)
                                  0.57   data arrival time

                  0.15    0.00    0.00   clock sclk (rise edge)
                          0.00    0.00   clock network delay (ideal)
                          0.25    0.25   clock uncertainty
                          0.00    0.25   clock reconvergence pessimism
                         -2.00   -1.75   output external delay
                                 -1.75   data required time
-----------------------------------------------------------------------------
                                 -1.75   data required time
                                 -0.57   data arrival time
-----------------------------------------------------------------------------
                                  2.32   slack (MET)


Startpoint: _34_ (rising edge-triggered flip-flop clocked by sclk)
Endpoint: data[6] (output port clocked by sclk)
Path Group: sclk
Path Type: min

Fanout     Cap    Slew   Delay    Time   Description
-----------------------------------------------------------------------------
                  0.15    0.00    0.00   clock sclk (rise edge)
                          0.00    0.00   clock network delay (ideal)
                  0.15    0.00    0.00 ^ _34_/CLK (sky130_fd_sc_hd__dfrtp_1)
     3    0.01    0.09    0.37    0.37 ^ _34_/Q (sky130_fd_sc_hd__dfrtp_1)
                                         net10 (net)
                  0.09    0.00    0.37 ^ output10/A (sky130_fd_sc_hd__buf_2)
     1    0.03    0.17    0.20    0.57 ^ output10/X (sky130_fd_sc_hd__buf_2)
                                         data[6] (net)
                  0.17    0.00    0.57 ^ data[6] (out)
                                  0.57   data arrival time

                  0.15    0.00    0.00   clock sclk (rise edge)
                          0.00    0.00   clock network delay (ideal)
                          0.25    0.25   clock uncertainty
                          0.00    0.25   clock reconvergence pessimism
                         -2.00   -1.75   output external delay
                                 -1.75   data required time
-----------------------------------------------------------------------------
                                 -1.75   data required time
                                 -0.57   data arrival time
-----------------------------------------------------------------------------
                                  2.32   slack (MET)



worst slack corner Typical: 0.3128
min_report_end
max_report

===========================================================================
report_checks -path_delay max (Setup)
============================================================================
======================= Typical Corner ===================================

Startpoint: ss (input port clocked by sclk)
Endpoint: _31_ (rising edge-triggered flip-flop clocked by sclk)
Path Group: sclk
Path Type: max

Fanout     Cap    Slew   Delay    Time   Description
-----------------------------------------------------------------------------
                  0.15    0.00    0.00   clock sclk (rise edge)
                          0.00    0.00   clock network delay (ideal)
                          2.00    2.00 ^ input external delay
     1    0.00    0.02    0.01    2.01 ^ ss (in)
                                         ss (net)
                  0.02    0.00    2.01 ^ input3/A (sky130_fd_sc_hd__buf_2)
     7    0.04    0.17    0.20    2.21 ^ input3/X (sky130_fd_sc_hd__buf_2)
                                         net3 (net)
                  0.17    0.00    2.21 ^ _20_/S (sky130_fd_sc_hd__mux2_1)
     1    0.00    0.06    0.36    2.57 v _20_/X (sky130_fd_sc_hd__mux2_1)
                                         _10_ (net)
                  0.06    0.00    2.57 v _21_/A (sky130_fd_sc_hd__clkbuf_1)
     1    0.00    0.03    0.10    2.66 v _21_/X (sky130_fd_sc_hd__clkbuf_1)
                                         _01_ (net)
                  0.03    0.00    2.66 v _31_/D (sky130_fd_sc_hd__dfrtp_1)
                                  2.66   data arrival time

                  0.15   10.00   10.00   clock sclk (rise edge)
                          0.00   10.00   clock network delay (ideal)
                         -0.25    9.75   clock uncertainty
                          0.00    9.75   clock reconvergence pessimism
                                  9.75 ^ _31_/CLK (sky130_fd_sc_hd__dfrtp_1)
                         -0.08    9.67   library setup time
                                  9.67   data required time
-----------------------------------------------------------------------------
                                  9.67   data required time
                                 -2.66   data arrival time
-----------------------------------------------------------------------------
                                  7.00   slack (MET)


Startpoint: ss (input port clocked by sclk)
Endpoint: _30_ (rising edge-triggered flip-flop clocked by sclk)
Path Group: sclk
Path Type: max

Fanout     Cap    Slew   Delay    Time   Description
-----------------------------------------------------------------------------
                  0.15    0.00    0.00   clock sclk (rise edge)
                          0.00    0.00   clock network delay (ideal)
                          2.00    2.00 ^ input external delay
     1    0.00    0.02    0.01    2.01 ^ ss (in)
                                         ss (net)
                  0.02    0.00    2.01 ^ input3/A (sky130_fd_sc_hd__buf_2)
     7    0.04    0.17    0.20    2.21 ^ input3/X (sky130_fd_sc_hd__buf_2)
                                         net3 (net)
                  0.17    0.00    2.21 ^ _18_/S (sky130_fd_sc_hd__mux2_1)
     1    0.00    0.05    0.35    2.56 v _18_/X (sky130_fd_sc_hd__mux2_1)
                                         _09_ (net)
                  0.05    0.00    2.56 v _19_/A (sky130_fd_sc_hd__clkbuf_1)
     1    0.00    0.03    0.10    2.66 v _19_/X (sky130_fd_sc_hd__clkbuf_1)
                                         _00_ (net)
                  0.03    0.00    2.66 v _30_/D (sky130_fd_sc_hd__dfrtp_1)
                                  2.66   data arrival time

                  0.15   10.00   10.00   clock sclk (rise edge)
                          0.00   10.00   clock network delay (ideal)
                         -0.25    9.75   clock uncertainty
                          0.00    9.75   clock reconvergence pessimism
                                  9.75 ^ _30_/CLK (sky130_fd_sc_hd__dfrtp_1)
                         -0.08    9.67   library setup time
                                  9.67   data required time
-----------------------------------------------------------------------------
                                  9.67   data required time
                                 -2.66   data arrival time
-----------------------------------------------------------------------------
                                  7.01   slack (MET)


Startpoint: ss (input port clocked by sclk)
Endpoint: _33_ (rising edge-triggered flip-flop clocked by sclk)
Path Group: sclk
Path Type: max

Fanout     Cap    Slew   Delay    Time   Description
-----------------------------------------------------------------------------
                  0.15    0.00    0.00   clock sclk (rise edge)
                          0.00    0.00   clock network delay (ideal)
                          2.00    2.00 ^ input external delay
     1    0.00    0.02    0.01    2.01 ^ ss (in)
                                         ss (net)
                  0.02    0.00    2.01 ^ input3/A (sky130_fd_sc_hd__buf_2)
     7    0.04    0.17    0.20    2.21 ^ input3/X (sky130_fd_sc_hd__buf_2)
                                         net3 (net)
                  0.17    0.00    2.21 ^ _24_/S (sky130_fd_sc_hd__mux2_1)
     1    0.00    0.05    0.35    2.57 v _24_/X (sky130_fd_sc_hd__mux2_1)
                                         _12_ (net)
                  0.05    0.00    2.57 v _25_/A (sky130_fd_sc_hd__clkbuf_1)
     1    0.00    0.02    0.09    2.66 v _25_/X (sky130_fd_sc_hd__clkbuf_1)
                                         _03_ (net)
                  0.02    0.00    2.66 v _33_/D (sky130_fd_sc_hd__dfrtp_1)
                                  2.66   data arrival time

                  0.15   10.00   10.00   clock sclk (rise edge)
                          0.00   10.00   clock network delay (ideal)
                         -0.25    9.75   clock uncertainty
                          0.00    9.75   clock reconvergence pessimism
                                  9.75 ^ _33_/CLK (sky130_fd_sc_hd__dfrtp_1)
                         -0.08    9.67   library setup time
                                  9.67   data required time
-----------------------------------------------------------------------------
                                  9.67   data required time
                                 -2.66   data arrival time
-----------------------------------------------------------------------------
                                  7.01   slack (MET)


Startpoint: ss (input port clocked by sclk)
Endpoint: _28_ (rising edge-triggered flip-flop clocked by sclk)
Path Group: sclk
Path Type: max

Fanout     Cap    Slew   Delay    Time   Description
-----------------------------------------------------------------------------
                  0.15    0.00    0.00   clock sclk (rise edge)
                          0.00    0.00   clock network delay (ideal)
                          2.00    2.00 ^ input external delay
     1    0.00    0.02    0.01    2.01 ^ ss (in)
                                         ss (net)
                  0.02    0.00    2.01 ^ input3/A (sky130_fd_sc_hd__buf_2)
     7    0.04    0.17    0.20    2.21 ^ input3/X (sky130_fd_sc_hd__buf_2)
                                         net3 (net)
                  0.17    0.00    2.21 ^ _14_/S (sky130_fd_sc_hd__mux2_1)
     1    0.00    0.05    0.35    2.56 v _14_/X (sky130_fd_sc_hd__mux2_1)
                                         _07_ (net)
                  0.05    0.00    2.56 v _15_/A (sky130_fd_sc_hd__clkbuf_1)
     1    0.00    0.03    0.10    2.66 v _15_/X (sky130_fd_sc_hd__clkbuf_1)
                                         _05_ (net)
                  0.03    0.00    2.66 v _28_/D (sky130_fd_sc_hd__dfrtp_1)
                                  2.66   data arrival time

                  0.15   10.00   10.00   clock sclk (rise edge)
                          0.00   10.00   clock network delay (ideal)
                         -0.25    9.75   clock uncertainty
                          0.00    9.75   clock reconvergence pessimism
                                  9.75 ^ _28_/CLK (sky130_fd_sc_hd__dfrtp_1)
                         -0.08    9.67   library setup time
                                  9.67   data required time
-----------------------------------------------------------------------------
                                  9.67   data required time
                                 -2.66   data arrival time
-----------------------------------------------------------------------------
                                  7.01   slack (MET)


Startpoint: ss (input port clocked by sclk)
Endpoint: _32_ (rising edge-triggered flip-flop clocked by sclk)
Path Group: sclk
Path Type: max

Fanout     Cap    Slew   Delay    Time   Description
-----------------------------------------------------------------------------
                  0.15    0.00    0.00   clock sclk (rise edge)
                          0.00    0.00   clock network delay (ideal)
                          2.00    2.00 ^ input external delay
     1    0.00    0.02    0.01    2.01 ^ ss (in)
                                         ss (net)
                  0.02    0.00    2.01 ^ input3/A (sky130_fd_sc_hd__buf_2)
     7    0.04    0.17    0.20    2.21 ^ input3/X (sky130_fd_sc_hd__buf_2)
                                         net3 (net)
                  0.17    0.00    2.21 ^ _22_/S (sky130_fd_sc_hd__mux2_1)
     1    0.00    0.05    0.35    2.57 v _22_/X (sky130_fd_sc_hd__mux2_1)
                                         _11_ (net)
                  0.05    0.00    2.57 v _23_/A (sky130_fd_sc_hd__clkbuf_1)
     1    0.00    0.02    0.09    2.66 v _23_/X (sky130_fd_sc_hd__clkbuf_1)
                                         _02_ (net)
                  0.02    0.00    2.66 v _32_/D (sky130_fd_sc_hd__dfrtp_1)
                                  2.66   data arrival time

                  0.15   10.00   10.00   clock sclk (rise edge)
                          0.00   10.00   clock network delay (ideal)
                         -0.25    9.75   clock uncertainty
                          0.00    9.75   clock reconvergence pessimism
                                  9.75 ^ _32_/CLK (sky130_fd_sc_hd__dfrtp_1)
                         -0.08    9.67   library setup time
                                  9.67   data required time
-----------------------------------------------------------------------------
                                  9.67   data required time
                                 -2.66   data arrival time
-----------------------------------------------------------------------------
                                  7.01   slack (MET)


Startpoint: ss (input port clocked by sclk)
Endpoint: _34_ (rising edge-triggered flip-flop clocked by sclk)
Path Group: sclk
Path Type: max

Fanout     Cap    Slew   Delay    Time   Description
-----------------------------------------------------------------------------
                  0.15    0.00    0.00   clock sclk (rise edge)
                          0.00    0.00   clock network delay (ideal)
                          2.00    2.00 ^ input external delay
     1    0.00    0.02    0.01    2.01 ^ ss (in)
                                         ss (net)
                  0.02    0.00    2.01 ^ input3/A (sky130_fd_sc_hd__buf_2)
     7    0.04    0.17    0.20    2.21 ^ input3/X (sky130_fd_sc_hd__buf_2)
                                         net3 (net)
                  0.17    0.00    2.21 ^ _26_/S (sky130_fd_sc_hd__mux2_1)
     1    0.00    0.05    0.35    2.56 v _26_/X (sky130_fd_sc_hd__mux2_1)
                                         _13_ (net)
                  0.05    0.00    2.56 v _27_/A (sky130_fd_sc_hd__clkbuf_1)
     1    0.00    0.02    0.09    2.66 v _27_/X (sky130_fd_sc_hd__clkbuf_1)
                                         _04_ (net)
                  0.02    0.00    2.66 v _34_/D (sky130_fd_sc_hd__dfrtp_1)
                                  2.66   data arrival time

                  0.15   10.00   10.00   clock sclk (rise edge)
                          0.00   10.00   clock network delay (ideal)
                         -0.25    9.75   clock uncertainty
                          0.00    9.75   clock reconvergence pessimism
                                  9.75 ^ _34_/CLK (sky130_fd_sc_hd__dfrtp_1)
                         -0.08    9.67   library setup time
                                  9.67   data required time
-----------------------------------------------------------------------------
                                  9.67   data required time
                                 -2.66   data arrival time
-----------------------------------------------------------------------------
                                  7.01   slack (MET)


Startpoint: ss (input port clocked by sclk)
Endpoint: _29_ (rising edge-triggered flip-flop clocked by sclk)
Path Group: sclk
Path Type: max

Fanout     Cap    Slew   Delay    Time   Description
-----------------------------------------------------------------------------
                  0.15    0.00    0.00   clock sclk (rise edge)
                          0.00    0.00   clock network delay (ideal)
                          2.00    2.00 ^ input external delay
     1    0.00    0.02    0.01    2.01 ^ ss (in)
                                         ss (net)
                  0.02    0.00    2.01 ^ input3/A (sky130_fd_sc_hd__buf_2)
     7    0.04    0.17    0.20    2.21 ^ input3/X (sky130_fd_sc_hd__buf_2)
                                         net3 (net)
                  0.17    0.00    2.21 ^ _16_/S (sky130_fd_sc_hd__mux2_1)
     1    0.00    0.05    0.35    2.56 v _16_/X (sky130_fd_sc_hd__mux2_1)
                                         _08_ (net)
                  0.05    0.00    2.56 v _17_/A (sky130_fd_sc_hd__clkbuf_1)
     1    0.00    0.02    0.09    2.65 v _17_/X (sky130_fd_sc_hd__clkbuf_1)
                                         _06_ (net)
                  0.02    0.00    2.65 v _29_/D (sky130_fd_sc_hd__dfrtp_1)
                                  2.65   data arrival time

                  0.15   10.00   10.00   clock sclk (rise edge)
                          0.00   10.00   clock network delay (ideal)
                         -0.25    9.75   clock uncertainty
                          0.00    9.75   clock reconvergence pessimism
                                  9.75 ^ _29_/CLK (sky130_fd_sc_hd__dfrtp_1)
                         -0.08    9.67   library setup time
                                  9.67   data required time
-----------------------------------------------------------------------------
                                  9.67   data required time
                                 -2.65   data arrival time
-----------------------------------------------------------------------------
                                  7.02   slack (MET)


Startpoint: _34_ (rising edge-triggered flip-flop clocked by sclk)
Endpoint: data[6] (output port clocked by sclk)
Path Group: sclk
Path Type: max

Fanout     Cap    Slew   Delay    Time   Description
-----------------------------------------------------------------------------
                  0.15    0.00    0.00   clock sclk (rise edge)
                          0.00    0.00   clock network delay (ideal)
                  0.15    0.00    0.00 ^ _34_/CLK (sky130_fd_sc_hd__dfrtp_1)
     3    0.01    0.06    0.44    0.44 v _34_/Q (sky130_fd_sc_hd__dfrtp_1)
                                         net10 (net)
                  0.06    0.00    0.44 v output10/A (sky130_fd_sc_hd__buf_2)
     1    0.03    0.09    0.20    0.64 v output10/X (sky130_fd_sc_hd__buf_2)
                                         data[6] (net)
                  0.09    0.00    0.64 v data[6] (out)
                                  0.64   data arrival time

                  0.15   10.00   10.00   clock sclk (rise edge)
                          0.00   10.00   clock network delay (ideal)
                         -0.25    9.75   clock uncertainty
                          0.00    9.75   clock reconvergence pessimism
                         -2.00    7.75   output external delay
                                  7.75   data required time
-----------------------------------------------------------------------------
                                  7.75   data required time
                                 -0.64   data arrival time
-----------------------------------------------------------------------------
                                  7.11   slack (MET)


Startpoint: _32_ (rising edge-triggered flip-flop clocked by sclk)
Endpoint: data[4] (output port clocked by sclk)
Path Group: sclk
Path Type: max

Fanout     Cap    Slew   Delay    Time   Description
-----------------------------------------------------------------------------
                  0.15    0.00    0.00   clock sclk (rise edge)
                          0.00    0.00   clock network delay (ideal)
                  0.15    0.00    0.00 ^ _32_/CLK (sky130_fd_sc_hd__dfrtp_1)
     3    0.01    0.06    0.44    0.44 v _32_/Q (sky130_fd_sc_hd__dfrtp_1)
                                         net8 (net)
                  0.06    0.00    0.44 v output8/A (sky130_fd_sc_hd__buf_2)
     1    0.03    0.09    0.20    0.63 v output8/X (sky130_fd_sc_hd__buf_2)
                                         data[4] (net)
                  0.09    0.00    0.63 v data[4] (out)
                                  0.63   data arrival time

                  0.15   10.00   10.00   clock sclk (rise edge)
                          0.00   10.00   clock network delay (ideal)
                         -0.25    9.75   clock uncertainty
                          0.00    9.75   clock reconvergence pessimism
                         -2.00    7.75   output external delay
                                  7.75   data required time
-----------------------------------------------------------------------------
                                  7.75   data required time
                                 -0.63   data arrival time
-----------------------------------------------------------------------------
                                  7.12   slack (MET)


Startpoint: _29_ (rising edge-triggered flip-flop clocked by sclk)
Endpoint: data[1] (output port clocked by sclk)
Path Group: sclk
Path Type: max

Fanout     Cap    Slew   Delay    Time   Description
-----------------------------------------------------------------------------
                  0.15    0.00    0.00   clock sclk (rise edge)
                          0.00    0.00   clock network delay (ideal)
                  0.15    0.00    0.00 ^ _29_/CLK (sky130_fd_sc_hd__dfrtp_1)
     3    0.01    0.06    0.43    0.43 v _29_/Q (sky130_fd_sc_hd__dfrtp_1)
                                         net5 (net)
                  0.06    0.00    0.43 v output5/A (sky130_fd_sc_hd__buf_2)
     1    0.03    0.09    0.20    0.63 v output5/X (sky130_fd_sc_hd__buf_2)
                                         data[1] (net)
                  0.09    0.00    0.63 v data[1] (out)
                                  0.63   data arrival time

                  0.15   10.00   10.00   clock sclk (rise edge)
                          0.00   10.00   clock network delay (ideal)
                         -0.25    9.75   clock uncertainty
                          0.00    9.75   clock reconvergence pessimism
                         -2.00    7.75   output external delay
                                  7.75   data required time
-----------------------------------------------------------------------------
                                  7.75   data required time
                                 -0.63   data arrival time
-----------------------------------------------------------------------------
                                  7.12   slack (MET)


Startpoint: _31_ (rising edge-triggered flip-flop clocked by sclk)
Endpoint: data[3] (output port clocked by sclk)
Path Group: sclk
Path Type: max

Fanout     Cap    Slew   Delay    Time   Description
-----------------------------------------------------------------------------
                  0.15    0.00    0.00   clock sclk (rise edge)
                          0.00    0.00   clock network delay (ideal)
                  0.15    0.00    0.00 ^ _31_/CLK (sky130_fd_sc_hd__dfrtp_1)
     3    0.01    0.06    0.43    0.43 v _31_/Q (sky130_fd_sc_hd__dfrtp_1)
                                         net7 (net)
                  0.06    0.00    0.43 v output7/A (sky130_fd_sc_hd__buf_2)
     1    0.03    0.09    0.20    0.63 v output7/X (sky130_fd_sc_hd__buf_2)
                                         data[3] (net)
                  0.09    0.00    0.63 v data[3] (out)
                                  0.63   data arrival time

                  0.15   10.00   10.00   clock sclk (rise edge)
                          0.00   10.00   clock network delay (ideal)
                         -0.25    9.75   clock uncertainty
                          0.00    9.75   clock reconvergence pessimism
                         -2.00    7.75   output external delay
                                  7.75   data required time
-----------------------------------------------------------------------------
                                  7.75   data required time
                                 -0.63   data arrival time
-----------------------------------------------------------------------------
                                  7.12   slack (MET)


Startpoint: _33_ (rising edge-triggered flip-flop clocked by sclk)
Endpoint: data[5] (output port clocked by sclk)
Path Group: sclk
Path Type: max

Fanout     Cap    Slew   Delay    Time   Description
-----------------------------------------------------------------------------
                  0.15    0.00    0.00   clock sclk (rise edge)
                          0.00    0.00   clock network delay (ideal)
                  0.15    0.00    0.00 ^ _33_/CLK (sky130_fd_sc_hd__dfrtp_1)
     3    0.01    0.06    0.43    0.43 v _33_/Q (sky130_fd_sc_hd__dfrtp_1)
                                         net9 (net)
                  0.06    0.00    0.43 v output9/A (sky130_fd_sc_hd__buf_2)
     1    0.03    0.09    0.19    0.62 v output9/X (sky130_fd_sc_hd__buf_2)
                                         data[5] (net)
                  0.09    0.00    0.63 v data[5] (out)
                                  0.63   data arrival time

                  0.15   10.00   10.00   clock sclk (rise edge)
                          0.00   10.00   clock network delay (ideal)
                         -0.25    9.75   clock uncertainty
                          0.00    9.75   clock reconvergence pessimism
                         -2.00    7.75   output external delay
                                  7.75   data required time
-----------------------------------------------------------------------------
                                  7.75   data required time
                                 -0.63   data arrival time
-----------------------------------------------------------------------------
                                  7.12   slack (MET)


Startpoint: _30_ (rising edge-triggered flip-flop clocked by sclk)
Endpoint: data[2] (output port clocked by sclk)
Path Group: sclk
Path Type: max

Fanout     Cap    Slew   Delay    Time   Description
-----------------------------------------------------------------------------
                  0.15    0.00    0.00   clock sclk (rise edge)
                          0.00    0.00   clock network delay (ideal)
                  0.15    0.00    0.00 ^ _30_/CLK (sky130_fd_sc_hd__dfrtp_1)
     3    0.01    0.06    0.43    0.43 v _30_/Q (sky130_fd_sc_hd__dfrtp_1)
                                         net6 (net)
                  0.06    0.00    0.43 v output6/A (sky130_fd_sc_hd__buf_2)
     1    0.03    0.09    0.19    0.62 v output6/X (sky130_fd_sc_hd__buf_2)
                                         data[2] (net)
                  0.09    0.00    0.62 v data[2] (out)
                                  0.62   data arrival time

                  0.15   10.00   10.00   clock sclk (rise edge)
                          0.00   10.00   clock network delay (ideal)
                         -0.25    9.75   clock uncertainty
                          0.00    9.75   clock reconvergence pessimism
                         -2.00    7.75   output external delay
                                  7.75   data required time
-----------------------------------------------------------------------------
                                  7.75   data required time
                                 -0.62   data arrival time
-----------------------------------------------------------------------------
                                  7.13   slack (MET)


Startpoint: _28_ (rising edge-triggered flip-flop clocked by sclk)
Endpoint: data[0] (output port clocked by sclk)
Path Group: sclk
Path Type: max

Fanout     Cap    Slew   Delay    Time   Description
-----------------------------------------------------------------------------
                  0.15    0.00    0.00   clock sclk (rise edge)
                          0.00    0.00   clock network delay (ideal)
                  0.15    0.00    0.00 ^ _28_/CLK (sky130_fd_sc_hd__dfrtp_1)
     2    0.00    0.05    0.42    0.42 v _28_/Q (sky130_fd_sc_hd__dfrtp_1)
                                         net4 (net)
                  0.05    0.00    0.42 v output4/A (sky130_fd_sc_hd__buf_2)
     1    0.03    0.09    0.19    0.61 v output4/X (sky130_fd_sc_hd__buf_2)
                                         data[0] (net)
                  0.09    0.00    0.61 v data[0] (out)
                                  0.61   data arrival time

                  0.15   10.00   10.00   clock sclk (rise edge)
                          0.00   10.00   clock network delay (ideal)
                         -0.25    9.75   clock uncertainty
                          0.00    9.75   clock reconvergence pessimism
                         -2.00    7.75   output external delay
                                  7.75   data required time
-----------------------------------------------------------------------------
                                  7.75   data required time
                                 -0.61   data arrival time
-----------------------------------------------------------------------------
                                  7.14   slack (MET)


Startpoint: reset (input port clocked by sclk)
Endpoint: _28_ (recovery check against rising-edge clock sclk)
Path Group: asynchronous
Path Type: max

Fanout     Cap    Slew   Delay    Time   Description
-----------------------------------------------------------------------------
                  0.15    0.00    0.00   clock sclk (rise edge)
                          0.00    0.00   clock network delay (ideal)
                          2.00    2.00 ^ input external delay
     1    0.00    0.02    0.01    2.01 ^ reset (in)
                                         reset (net)
                  0.02    0.00    2.01 ^ input1/A (sky130_fd_sc_hd__buf_2)
     7    0.04    0.18    0.20    2.21 ^ input1/X (sky130_fd_sc_hd__buf_2)
                                         net1 (net)
                  0.18    0.00    2.22 ^ _28_/RESET_B (sky130_fd_sc_hd__dfrtp_1)
                                  2.22   data arrival time

                  0.15   10.00   10.00   clock sclk (rise edge)
                          0.00   10.00   clock network delay (ideal)
                         -0.25    9.75   clock uncertainty
                          0.00    9.75   clock reconvergence pessimism
                                  9.75 ^ _28_/CLK (sky130_fd_sc_hd__dfrtp_1)
                          0.23    9.98   library recovery time
                                  9.98   data required time
-----------------------------------------------------------------------------
                                  9.98   data required time
                                 -2.22   data arrival time
-----------------------------------------------------------------------------
                                  7.76   slack (MET)


Startpoint: reset (input port clocked by sclk)
Endpoint: _29_ (recovery check against rising-edge clock sclk)
Path Group: asynchronous
Path Type: max

Fanout     Cap    Slew   Delay    Time   Description
-----------------------------------------------------------------------------
                  0.15    0.00    0.00   clock sclk (rise edge)
                          0.00    0.00   clock network delay (ideal)
                          2.00    2.00 ^ input external delay
     1    0.00    0.02    0.01    2.01 ^ reset (in)
                                         reset (net)
                  0.02    0.00    2.01 ^ input1/A (sky130_fd_sc_hd__buf_2)
     7    0.04    0.18    0.20    2.21 ^ input1/X (sky130_fd_sc_hd__buf_2)
                                         net1 (net)
                  0.18    0.00    2.22 ^ _29_/RESET_B (sky130_fd_sc_hd__dfrtp_1)
                                  2.22   data arrival time

                  0.15   10.00   10.00   clock sclk (rise edge)
                          0.00   10.00   clock network delay (ideal)
                         -0.25    9.75   clock uncertainty
                          0.00    9.75   clock reconvergence pessimism
                                  9.75 ^ _29_/CLK (sky130_fd_sc_hd__dfrtp_1)
                          0.23    9.98   library recovery time
                                  9.98   data required time
-----------------------------------------------------------------------------
                                  9.98   data required time
                                 -2.22   data arrival time
-----------------------------------------------------------------------------
                                  7.76   slack (MET)


Startpoint: reset (input port clocked by sclk)
Endpoint: _30_ (recovery check against rising-edge clock sclk)
Path Group: asynchronous
Path Type: max

Fanout     Cap    Slew   Delay    Time   Description
-----------------------------------------------------------------------------
                  0.15    0.00    0.00   clock sclk (rise edge)
                          0.00    0.00   clock network delay (ideal)
                          2.00    2.00 ^ input external delay
     1    0.00    0.02    0.01    2.01 ^ reset (in)
                                         reset (net)
                  0.02    0.00    2.01 ^ input1/A (sky130_fd_sc_hd__buf_2)
     7    0.04    0.18    0.20    2.21 ^ input1/X (sky130_fd_sc_hd__buf_2)
                                         net1 (net)
                  0.18    0.00    2.22 ^ _30_/RESET_B (sky130_fd_sc_hd__dfrtp_1)
                                  2.22   data arrival time

                  0.15   10.00   10.00   clock sclk (rise edge)
                          0.00   10.00   clock network delay (ideal)
                         -0.25    9.75   clock uncertainty
                          0.00    9.75   clock reconvergence pessimism
                                  9.75 ^ _30_/CLK (sky130_fd_sc_hd__dfrtp_1)
                          0.23    9.98   library recovery time
                                  9.98   data required time
-----------------------------------------------------------------------------
                                  9.98   data required time
                                 -2.22   data arrival time
-----------------------------------------------------------------------------
                                  7.76   slack (MET)


Startpoint: reset (input port clocked by sclk)
Endpoint: _31_ (recovery check against rising-edge clock sclk)
Path Group: asynchronous
Path Type: max

Fanout     Cap    Slew   Delay    Time   Description
-----------------------------------------------------------------------------
                  0.15    0.00    0.00   clock sclk (rise edge)
                          0.00    0.00   clock network delay (ideal)
                          2.00    2.00 ^ input external delay
     1    0.00    0.02    0.01    2.01 ^ reset (in)
                                         reset (net)
                  0.02    0.00    2.01 ^ input1/A (sky130_fd_sc_hd__buf_2)
     7    0.04    0.18    0.20    2.21 ^ input1/X (sky130_fd_sc_hd__buf_2)
                                         net1 (net)
                  0.18    0.00    2.22 ^ _31_/RESET_B (sky130_fd_sc_hd__dfrtp_1)
                                  2.22   data arrival time

                  0.15   10.00   10.00   clock sclk (rise edge)
                          0.00   10.00   clock network delay (ideal)
                         -0.25    9.75   clock uncertainty
                          0.00    9.75   clock reconvergence pessimism
                                  9.75 ^ _31_/CLK (sky130_fd_sc_hd__dfrtp_1)
                          0.23    9.98   library recovery time
                                  9.98   data required time
-----------------------------------------------------------------------------
                                  9.98   data required time
                                 -2.22   data arrival time
-----------------------------------------------------------------------------
                                  7.76   slack (MET)


Startpoint: reset (input port clocked by sclk)
Endpoint: _32_ (recovery check against rising-edge clock sclk)
Path Group: asynchronous
Path Type: max

Fanout     Cap    Slew   Delay    Time   Description
-----------------------------------------------------------------------------
                  0.15    0.00    0.00   clock sclk (rise edge)
                          0.00    0.00   clock network delay (ideal)
                          2.00    2.00 ^ input external delay
     1    0.00    0.02    0.01    2.01 ^ reset (in)
                                         reset (net)
                  0.02    0.00    2.01 ^ input1/A (sky130_fd_sc_hd__buf_2)
     7    0.04    0.18    0.20    2.21 ^ input1/X (sky130_fd_sc_hd__buf_2)
                                         net1 (net)
                  0.18    0.00    2.22 ^ _32_/RESET_B (sky130_fd_sc_hd__dfrtp_1)
                                  2.22   data arrival time

                  0.15   10.00   10.00   clock sclk (rise edge)
                          0.00   10.00   clock network delay (ideal)
                         -0.25    9.75   clock uncertainty
                          0.00    9.75   clock reconvergence pessimism
                                  9.75 ^ _32_/CLK (sky130_fd_sc_hd__dfrtp_1)
                          0.23    9.98   library recovery time
                                  9.98   data required time
-----------------------------------------------------------------------------
                                  9.98   data required time
                                 -2.22   data arrival time
-----------------------------------------------------------------------------
                                  7.76   slack (MET)


Startpoint: reset (input port clocked by sclk)
Endpoint: _33_ (recovery check against rising-edge clock sclk)
Path Group: asynchronous
Path Type: max

Fanout     Cap    Slew   Delay    Time   Description
-----------------------------------------------------------------------------
                  0.15    0.00    0.00   clock sclk (rise edge)
                          0.00    0.00   clock network delay (ideal)
                          2.00    2.00 ^ input external delay
     1    0.00    0.02    0.01    2.01 ^ reset (in)
                                         reset (net)
                  0.02    0.00    2.01 ^ input1/A (sky130_fd_sc_hd__buf_2)
     7    0.04    0.18    0.20    2.21 ^ input1/X (sky130_fd_sc_hd__buf_2)
                                         net1 (net)
                  0.18    0.00    2.22 ^ _33_/RESET_B (sky130_fd_sc_hd__dfrtp_1)
                                  2.22   data arrival time

                  0.15   10.00   10.00   clock sclk (rise edge)
                          0.00   10.00   clock network delay (ideal)
                         -0.25    9.75   clock uncertainty
                          0.00    9.75   clock reconvergence pessimism
                                  9.75 ^ _33_/CLK (sky130_fd_sc_hd__dfrtp_1)
                          0.23    9.98   library recovery time
                                  9.98   data required time
-----------------------------------------------------------------------------
                                  9.98   data required time
                                 -2.22   data arrival time
-----------------------------------------------------------------------------
                                  7.76   slack (MET)


Startpoint: reset (input port clocked by sclk)
Endpoint: _34_ (recovery check against rising-edge clock sclk)
Path Group: asynchronous
Path Type: max

Fanout     Cap    Slew   Delay    Time   Description
-----------------------------------------------------------------------------
                  0.15    0.00    0.00   clock sclk (rise edge)
                          0.00    0.00   clock network delay (ideal)
                          2.00    2.00 ^ input external delay
     1    0.00    0.02    0.01    2.01 ^ reset (in)
                                         reset (net)
                  0.02    0.00    2.01 ^ input1/A (sky130_fd_sc_hd__buf_2)
     7    0.04    0.18    0.20    2.21 ^ input1/X (sky130_fd_sc_hd__buf_2)
                                         net1 (net)
                  0.18    0.00    2.21 ^ _34_/RESET_B (sky130_fd_sc_hd__dfrtp_1)
                                  2.21   data arrival time

                  0.15   10.00   10.00   clock sclk (rise edge)
                          0.00   10.00   clock network delay (ideal)
                         -0.25    9.75   clock uncertainty
                          0.00    9.75   clock reconvergence pessimism
                                  9.75 ^ _34_/CLK (sky130_fd_sc_hd__dfrtp_1)
                          0.23    9.98   library recovery time
                                  9.98   data required time
-----------------------------------------------------------------------------
                                  9.98   data required time
                                 -2.21   data arrival time
-----------------------------------------------------------------------------
                                  7.76   slack (MET)



worst slack corner Typical: 7.0044
max_report_end
checks_report

===========================================================================
report_checks -unconstrained
===========================================================================
======================= Typical Corner ===================================

Startpoint: reset (input port clocked by sclk)
Endpoint: _28_ (recovery check against rising-edge clock sclk)
Path Group: asynchronous
Path Type: max

Fanout     Cap    Slew   Delay    Time   Description
-----------------------------------------------------------------------------
                  0.15    0.00    0.00   clock sclk (rise edge)
                          0.00    0.00   clock network delay (ideal)
                          2.00    2.00 ^ input external delay
     1    0.00    0.02    0.01    2.01 ^ reset (in)
                                         reset (net)
                  0.02    0.00    2.01 ^ input1/A (sky130_fd_sc_hd__buf_2)
     7    0.04    0.18    0.20    2.21 ^ input1/X (sky130_fd_sc_hd__buf_2)
                                         net1 (net)
                  0.18    0.00    2.22 ^ _28_/RESET_B (sky130_fd_sc_hd__dfrtp_1)
                                  2.22   data arrival time

                  0.15   10.00   10.00   clock sclk (rise edge)
                          0.00   10.00   clock network delay (ideal)
                         -0.25    9.75   clock uncertainty
                          0.00    9.75   clock reconvergence pessimism
                                  9.75 ^ _28_/CLK (sky130_fd_sc_hd__dfrtp_1)
                          0.23    9.98   library recovery time
                                  9.98   data required time
-----------------------------------------------------------------------------
                                  9.98   data required time
                                 -2.22   data arrival time
-----------------------------------------------------------------------------
                                  7.76   slack (MET)


Startpoint: ss (input port clocked by sclk)
Endpoint: _31_ (rising edge-triggered flip-flop clocked by sclk)
Path Group: sclk
Path Type: max

Fanout     Cap    Slew   Delay    Time   Description
-----------------------------------------------------------------------------
                  0.15    0.00    0.00   clock sclk (rise edge)
                          0.00    0.00   clock network delay (ideal)
                          2.00    2.00 ^ input external delay
     1    0.00    0.02    0.01    2.01 ^ ss (in)
                                         ss (net)
                  0.02    0.00    2.01 ^ input3/A (sky130_fd_sc_hd__buf_2)
     7    0.04    0.17    0.20    2.21 ^ input3/X (sky130_fd_sc_hd__buf_2)
                                         net3 (net)
                  0.17    0.00    2.21 ^ _20_/S (sky130_fd_sc_hd__mux2_1)
     1    0.00    0.06    0.36    2.57 v _20_/X (sky130_fd_sc_hd__mux2_1)
                                         _10_ (net)
                  0.06    0.00    2.57 v _21_/A (sky130_fd_sc_hd__clkbuf_1)
     1    0.00    0.03    0.10    2.66 v _21_/X (sky130_fd_sc_hd__clkbuf_1)
                                         _01_ (net)
                  0.03    0.00    2.66 v _31_/D (sky130_fd_sc_hd__dfrtp_1)
                                  2.66   data arrival time

                  0.15   10.00   10.00   clock sclk (rise edge)
                          0.00   10.00   clock network delay (ideal)
                         -0.25    9.75   clock uncertainty
                          0.00    9.75   clock reconvergence pessimism
                                  9.75 ^ _31_/CLK (sky130_fd_sc_hd__dfrtp_1)
                         -0.08    9.67   library setup time
                                  9.67   data required time
-----------------------------------------------------------------------------
                                  9.67   data required time
                                 -2.66   data arrival time
-----------------------------------------------------------------------------
                                  7.00   slack (MET)




===========================================================================
report_checks --slack_max -0.01
============================================================================
======================= Typical Corner ===================================

No paths found.


===========================================================================
 report_check_types -max_slew -max_cap -max_fanout -violators
============================================================================
======================= Typical Corner ===================================


max slew violations count Typical: 0
max fanout violations count Typical: 0
max cap violations count Typical: 0

===========================================================================
report_parasitic_annotation -report_unannotated
============================================================================
Found 40 unannotated drivers.
 reset
 sclk
 sdi
 ss
 _14_/X
 _15_/X
 _16_/X
 _17_/X
 _18_/X
 _19_/X
 _20_/X
 _21_/X
 _22_/X
 _23_/X
 _24_/X
 _25_/X
 _26_/X
 _27_/X
 _28_/Q
 _29_/Q
 _30_/Q
 _31_/Q
 _32_/Q
 _33_/Q
 _34_/Q
 clkbuf_0_sclk/X
 clkbuf_1_0__f_sclk/X
 clkbuf_1_1__f_sclk/X
 input1/X
 input2/X
 input3/X
 output10/X
 output4/X
 output5/X
 output6/X
 output7/X
 output8/X
 output9/X
 sr_11/HI
 sr_11/LO
Found 0 partially unannotated drivers.

===========================================================================
max slew violation count 0
max fanout violation count 0
max cap violation count 0
============================================================================

===========================================================================
check_setup -verbose -unconstrained_endpoints -multiple_clock -no_clock -no_input_delay -loops -generated_clocks
===========================================================================
Warning: There is 1 unconstrained endpoint.
  data[7]
checks_report_end
power_report

===========================================================================
 report_power
============================================================================
======================= Typical Corner ===================================

Group                  Internal  Switching    Leakage      Total
                          Power      Power      Power      Power (Watts)
----------------------------------------------------------------
Sequential             3.12e-05   1.90e-06   8.16e-11   3.31e-05  29.8%
Combinational          5.63e-05   2.17e-05   2.95e-10   7.80e-05  70.2%
Macro                  0.00e+00   0.00e+00   0.00e+00   0.00e+00   0.0%
Pad                    0.00e+00   0.00e+00   0.00e+00   0.00e+00   0.0%
----------------------------------------------------------------
Total                  8.75e-05   2.36e-05   3.76e-10   1.11e-04 100.0%
                          78.7%      21.3%       0.0%

power_report_end
skew_report

===========================================================================
report_clock_skew
============================================================================
Clock sclk
Latency      CRPR       Skew
_28_/CLK ^
   0.27
_28_/CLK ^
   0.25      0.00       0.03

skew_report_end
summary_report

===========================================================================
report_tns
============================================================================
tns 0.00

===========================================================================
report_wns
============================================================================
wns 0.00

===========================================================================
report_worst_slack -max (Setup)
============================================================================
worst slack 7.00

===========================================================================
report_worst_slack -min (Hold)
============================================================================
worst slack 0.31
summary_report_end
area_report

===========================================================================
report_design_area
============================================================================
Design area 502 u^2 9% utilization.
area_report_end
[WARNING] Did not save OpenROAD database!
Writing SDF to '/shift/openlane/sr/runs/RUN_2023.10.27_18.18.11/results/signoff/sr.sdf'…
Writing timing model to '/shift/openlane/sr/runs/RUN_2023.10.27_18.18.11/results/signoff/sr.lib'…
