
===========================================================================
 report_power
============================================================================
======================= Fastest Corner ===================================

Group                  Internal  Switching    Leakage      Total
                          Power      Power      Power      Power (Watts)
----------------------------------------------------------------
Sequential             3.65e-05   2.90e-06   3.31e-08   3.95e-05  27.7%
Combinational          7.21e-05   3.11e-05   9.16e-10   1.03e-04  72.3%
Macro                  0.00e+00   0.00e+00   0.00e+00   0.00e+00   0.0%
Pad                    0.00e+00   0.00e+00   0.00e+00   0.00e+00   0.0%
----------------------------------------------------------------
Total                  1.09e-04   3.40e-05   3.40e-08   1.43e-04 100.0%
                          76.2%      23.8%       0.0%

======================= Slowest Corner ===================================

Group                  Internal  Switching    Leakage      Total
                          Power      Power      Power      Power (Watts)
----------------------------------------------------------------
Sequential             2.39e-05   1.87e-06   1.32e-07   2.59e-05  26.6%
Combinational          5.09e-05   2.04e-05   2.28e-07   7.15e-05  73.4%
Macro                  0.00e+00   0.00e+00   0.00e+00   0.00e+00   0.0%
Pad                    0.00e+00   0.00e+00   0.00e+00   0.00e+00   0.0%
----------------------------------------------------------------
Total                  7.47e-05   2.23e-05   3.60e-07   9.73e-05 100.0%
                          76.8%      22.9%       0.4%

======================= Typical Corner ===================================

Group                  Internal  Switching    Leakage      Total
                          Power      Power      Power      Power (Watts)
----------------------------------------------------------------
Sequential             3.11e-05   2.41e-06   3.30e-08   3.36e-05  27.5%
Combinational          6.23e-05   2.62e-05   5.56e-10   8.85e-05  72.5%
Macro                  0.00e+00   0.00e+00   0.00e+00   0.00e+00   0.0%
Pad                    0.00e+00   0.00e+00   0.00e+00   0.00e+00   0.0%
----------------------------------------------------------------
Total                  9.35e-05   2.86e-05   3.36e-08   1.22e-04 100.0%
                          76.6%      23.4%       0.0%

