
===========================================================================
 report_power
============================================================================
======================= Fastest Corner ===================================

Group                  Internal  Switching    Leakage      Total
                          Power      Power      Power      Power (Watts)
----------------------------------------------------------------
Sequential             3.66e-05   2.71e-06   3.31e-08   3.93e-05  27.8%
Combinational          7.21e-05   3.01e-05   9.16e-10   1.02e-04  72.2%
Macro                  0.00e+00   0.00e+00   0.00e+00   0.00e+00   0.0%
Pad                    0.00e+00   0.00e+00   0.00e+00   0.00e+00   0.0%
----------------------------------------------------------------
Total                  1.09e-04   3.28e-05   3.40e-08   1.41e-04 100.0%
                          76.8%      23.2%       0.0%

======================= Slowest Corner ===================================

Group                  Internal  Switching    Leakage      Total
                          Power      Power      Power      Power (Watts)
----------------------------------------------------------------
Sequential             2.39e-05   1.75e-06   1.32e-07   2.58e-05  26.7%
Combinational          5.08e-05   1.97e-05   2.28e-07   7.07e-05  73.3%
Macro                  0.00e+00   0.00e+00   0.00e+00   0.00e+00   0.0%
Pad                    0.00e+00   0.00e+00   0.00e+00   0.00e+00   0.0%
----------------------------------------------------------------
Total                  7.47e-05   2.15e-05   3.60e-07   9.65e-05 100.0%
                          77.4%      22.2%       0.4%

======================= Typical Corner ===================================

Group                  Internal  Switching    Leakage      Total
                          Power      Power      Power      Power (Watts)
----------------------------------------------------------------
Sequential             3.12e-05   2.25e-06   3.30e-08   3.35e-05  27.6%
Combinational          6.23e-05   2.53e-05   5.56e-10   8.76e-05  72.4%
Macro                  0.00e+00   0.00e+00   0.00e+00   0.00e+00   0.0%
Pad                    0.00e+00   0.00e+00   0.00e+00   0.00e+00   0.0%
----------------------------------------------------------------
Total                  9.35e-05   2.76e-05   3.36e-08   1.21e-04 100.0%
                          77.2%      22.8%       0.0%

