OpenROAD bdc8e944cd08ba8edebeca19fa531bd026690330 
This program is licensed under the BSD-3 license. See the LICENSE file for details.
Components of this program may be licensed under more restrictive licenses which must be honored.
[INFO]: Reading ODB at '/shift/openlane/sr/runs/RUN_2023.10.27_18.18.11/results/floorplan/sr.odb'…
define_corners Typical
read_liberty -corner Typical /home/jr_dig/unic-cass/pdks/sky130A/libs.ref/sky130_fd_sc_hd/lib/sky130_fd_sc_hd__tt_025C_1v80.lib
Using 1e-12 for capacitance...
Using 1e+03 for resistance...
Using 1e-09 for time...
Using 1e+00 for voltage...
Using 1e-03 for current...
Using 1e-09 for power...
Using 1e-06 for distance...
Reading design constraints file at '/openlane/scripts/base.sdc'…
[INFO]: Setting output delay to: 2.0
[INFO]: Setting input delay to: 2.0
[INFO]: Setting load to: 0.033442
[INFO]: Setting clock uncertainty to: 0.25
[INFO]: Setting clock transition to: 0.15
[INFO]: Setting timing derate to: 5.0 %
[INFO]: Setting RC values...
[INFO]: Setting signal min routing layer to: met1 and clock min routing layer to met1. 
[INFO]: Setting signal max routing layer to: met5 and clock max routing layer to met5. 
[INFO GPL-0002] DBU: 1000
[INFO GPL-0003] SiteSize: 460 2720
[INFO GPL-0004] CoreAreaLxLy: 5520 10880
[INFO GPL-0005] CoreAreaUxUy: 81880 87040
[INFO GPL-0006] NumInstances: 153
[INFO GPL-0007] NumPlaceInstances: 22
[INFO GPL-0008] NumFixedInstances: 131
[INFO GPL-0009] NumDummyInstances: 0
[INFO GPL-0010] NumNets: 26
[INFO GPL-0011] NumPins: 83
[INFO GPL-0012] DieAreaLxLy: 0 0
[INFO GPL-0013] DieAreaUxUy: 87560 98280
[INFO GPL-0014] CoreAreaLxLy: 5520 10880
[INFO GPL-0015] CoreAreaUxUy: 81880 87040
[INFO GPL-0016] CoreArea: 5815577600
[INFO GPL-0017] NonPlaceInstsArea: 304041600
[INFO GPL-0018] PlaceInstsArea: 292780800
[INFO GPL-0019] Util(%): 5.31
[INFO GPL-0020] StdInstsArea: 292780800
[INFO GPL-0021] MacroInstsArea: 0
[InitialPlace]  Iter: 1 CG residual: 0.00000005 HPWL: 1088730
[InitialPlace]  Iter: 2 CG residual: 0.00000001 HPWL: 925368
[InitialPlace]  Iter: 3 CG residual: 0.00000004 HPWL: 887428
[InitialPlace]  Iter: 4 CG residual: 0.00000007 HPWL: 861667
[InitialPlace]  Iter: 5 CG residual: 0.00000007 HPWL: 843028
[INFO GPL-0031] FillerInit: NumGCells: 219
[INFO GPL-0032] FillerInit: NumGNets: 26
[INFO GPL-0033] FillerInit: NumGPins: 83
[INFO GPL-0023] TargetDensity: 0.50
[INFO GPL-0024] AveragePlaceInstArea: 13308218
[INFO GPL-0025] IdealBinArea: 26616436
[INFO GPL-0026] IdealBinCnt: 218
[INFO GPL-0027] TotalBinArea: 5815577600
[INFO GPL-0028] BinCnt: 8 8
[INFO GPL-0029] BinSize: 9545 9520
[INFO GPL-0030] NumBins: 64
[NesterovSolve] Iter: 1 overflow: 0.226351 HPWL: 682398
[INFO GPL-0100] worst slack 7.12e-09
[INFO GPL-0103] Weighted 1 nets.
[NesterovSolve] Snapshot saved at iter = 0
[INFO GPL-0100] worst slack 7.12e-09
[INFO GPL-0103] Weighted 2 nets.
[INFO GPL-0075] Routability numCall: 1 inflationIterCnt: 1 bloatIterCnt: 0
[INFO GPL-0036] TileLxLy: 0 0
[INFO GPL-0037] TileSize: 6900 6900
[INFO GPL-0038] TileCnt: 12 14
[INFO GPL-0039] numRoutingLayers: 6
[INFO GPL-0040] NumTiles: 168
[INFO GPL-0063] TotalRouteOverflowH2: 0.0
[INFO GPL-0064] TotalRouteOverflowV2: 0.0
[INFO GPL-0065] OverflowTileCnt2: 0
[INFO GPL-0066] 0.5%RC: 0.8166666626930237
[INFO GPL-0067] 1.0%RC: 0.7499999880790711
[INFO GPL-0068] 2.0%RC: 0.6750000059604645
[INFO GPL-0069] 5.0%RC: 0.6666666865348816
[INFO GPL-0070] 0.5rcK: 1.0
[INFO GPL-0071] 1.0rcK: 1.0
[INFO GPL-0072] 2.0rcK: 0.0
[INFO GPL-0073] 5.0rcK: 0.0
[INFO GPL-0074] FinalRC: 0.7833333
[NesterovSolve] Iter: 10 overflow: 0.171125 HPWL: 685000
[NesterovSolve] Iter: 20 overflow: 0.146554 HPWL: 685463
[NesterovSolve] Iter: 30 overflow: 0.153033 HPWL: 686157
[NesterovSolve] Iter: 40 overflow: 0.153265 HPWL: 686036
[NesterovSolve] Iter: 50 overflow: 0.150786 HPWL: 685667
[NesterovSolve] Iter: 60 overflow: 0.151447 HPWL: 685669
[NesterovSolve] Iter: 70 overflow: 0.152234 HPWL: 685834
[NesterovSolve] Iter: 80 overflow: 0.151619 HPWL: 685852
[NesterovSolve] Iter: 90 overflow: 0.151418 HPWL: 685790
[NesterovSolve] Iter: 100 overflow: 0.151593 HPWL: 685758
[NesterovSolve] Iter: 110 overflow: 0.15133 HPWL: 685778
[NesterovSolve] Iter: 120 overflow: 0.151031 HPWL: 685808
[NesterovSolve] Iter: 130 overflow: 0.150835 HPWL: 685816
[NesterovSolve] Iter: 140 overflow: 0.15039 HPWL: 685800
[NesterovSolve] Iter: 150 overflow: 0.149788 HPWL: 685805
[NesterovSolve] Iter: 160 overflow: 0.149185 HPWL: 685832
[NesterovSolve] Iter: 170 overflow: 0.148481 HPWL: 685851
[NesterovSolve] Iter: 180 overflow: 0.147729 HPWL: 685833
[NesterovSolve] Iter: 190 overflow: 0.14728 HPWL: 685780
[NesterovSolve] Iter: 200 overflow: 0.146686 HPWL: 685714
[NesterovSolve] Iter: 210 overflow: 0.14573 HPWL: 685713
[INFO GPL-0100] worst slack 7.12e-09
[INFO GPL-0103] Weighted 2 nets.
[NesterovSolve] Iter: 220 overflow: 0.141807 HPWL: 685607
[NesterovSolve] Iter: 230 overflow: 0.0999328 HPWL: 681152
[NesterovSolve] Finished with Overflow: 0.099933
Setting global connections for newly added cells…
Writing OpenROAD database to '/shift/openlane/sr/runs/RUN_2023.10.27_18.18.11/tmp/placement/7-global.odb'…
Writing netlist to '/shift/openlane/sr/runs/RUN_2023.10.27_18.18.11/tmp/placement/7-global.nl.v'…
Writing powered netlist to '/shift/openlane/sr/runs/RUN_2023.10.27_18.18.11/tmp/placement/7-global.pnl.v'…
Writing layout to '/shift/openlane/sr/runs/RUN_2023.10.27_18.18.11/tmp/placement/7-global.def'…
