OpenROAD bdc8e944cd08ba8edebeca19fa531bd026690330 
This program is licensed under the BSD-3 license. See the LICENSE file for details.
Components of this program may be licensed under more restrictive licenses which must be honored.
[INFO]: Reading ODB at '/shift/openlane/sr/runs/RUN_2023.10.27_18.18.11/tmp/placement/7-global.odb'…
define_corners Typical
read_liberty -corner Typical /home/jr_dig/unic-cass/pdks/sky130A/libs.ref/sky130_fd_sc_hd/lib/sky130_fd_sc_hd__tt_025C_1v80.lib
Using 1e-12 for capacitance...
Using 1e+03 for resistance...
Using 1e-09 for time...
Using 1e+00 for voltage...
Using 1e-03 for current...
Using 1e-09 for power...
Using 1e-06 for distance...
Reading design constraints file at '/openlane/scripts/base.sdc'…
[INFO]: Setting output delay to: 2.0
[INFO]: Setting input delay to: 2.0
[INFO]: Setting load to: 0.033442
[INFO]: Setting clock uncertainty to: 0.25
[INFO]: Setting clock transition to: 0.15
[INFO]: Setting timing derate to: 5.0 %
[INFO]: Setting RC values...
min_report

===========================================================================
report_checks -path_delay min (Hold)
============================================================================
======================= Typical Corner ===================================

Startpoint: _28_ (rising edge-triggered flip-flop clocked by sclk)
Endpoint: _28_ (rising edge-triggered flip-flop clocked by sclk)
Path Group: sclk
Path Type: min

Fanout     Cap    Slew   Delay    Time   Description
-----------------------------------------------------------------------------
                  0.15    0.00    0.00   clock sclk (rise edge)
                          0.00    0.00   clock network delay (ideal)
                  0.15    0.00    0.00 ^ _28_/CLK (sky130_fd_sc_hd__dfrtp_2)
     2    0.04    0.19    0.48    0.48 ^ _28_/Q (sky130_fd_sc_hd__dfrtp_2)
                                         data[0] (net)
                  0.19    0.00    0.48 ^ _14_/A1 (sky130_fd_sc_hd__mux2_2)
     1    0.00    0.03    0.17    0.64 ^ _14_/X (sky130_fd_sc_hd__mux2_2)
                                         _07_ (net)
                  0.03    0.00    0.64 ^ _15_/A (sky130_fd_sc_hd__buf_1)
     1    0.00    0.04    0.07    0.71 ^ _15_/X (sky130_fd_sc_hd__buf_1)
                                         _05_ (net)
                  0.04    0.00    0.71 ^ _28_/D (sky130_fd_sc_hd__dfrtp_2)
                                  0.71   data arrival time

                  0.15    0.00    0.00   clock sclk (rise edge)
                          0.00    0.00   clock network delay (ideal)
                          0.25    0.25   clock uncertainty
                          0.00    0.25   clock reconvergence pessimism
                                  0.25 ^ _28_/CLK (sky130_fd_sc_hd__dfrtp_2)
                         -0.02    0.23   library hold time
                                  0.23   data required time
-----------------------------------------------------------------------------
                                  0.23   data required time
                                 -0.71   data arrival time
-----------------------------------------------------------------------------
                                  0.48   slack (MET)


Startpoint: _30_ (rising edge-triggered flip-flop clocked by sclk)
Endpoint: _29_ (rising edge-triggered flip-flop clocked by sclk)
Path Group: sclk
Path Type: min

Fanout     Cap    Slew   Delay    Time   Description
-----------------------------------------------------------------------------
                  0.15    0.00    0.00   clock sclk (rise edge)
                          0.00    0.00   clock network delay (ideal)
                  0.15    0.00    0.00 ^ _30_/CLK (sky130_fd_sc_hd__dfrtp_2)
     3    0.04    0.19    0.48    0.48 ^ _30_/Q (sky130_fd_sc_hd__dfrtp_2)
                                         data[2] (net)
                  0.19    0.00    0.48 ^ _16_/A0 (sky130_fd_sc_hd__mux2_2)
     1    0.00    0.03    0.17    0.65 ^ _16_/X (sky130_fd_sc_hd__mux2_2)
                                         _08_ (net)
                  0.03    0.00    0.65 ^ _17_/A (sky130_fd_sc_hd__buf_1)
     1    0.00    0.04    0.07    0.71 ^ _17_/X (sky130_fd_sc_hd__buf_1)
                                         _06_ (net)
                  0.04    0.00    0.71 ^ _29_/D (sky130_fd_sc_hd__dfrtp_2)
                                  0.71   data arrival time

                  0.15    0.00    0.00   clock sclk (rise edge)
                          0.00    0.00   clock network delay (ideal)
                          0.25    0.25   clock uncertainty
                          0.00    0.25   clock reconvergence pessimism
                                  0.25 ^ _29_/CLK (sky130_fd_sc_hd__dfrtp_2)
                         -0.02    0.23   library hold time
                                  0.23   data required time
-----------------------------------------------------------------------------
                                  0.23   data required time
                                 -0.71   data arrival time
-----------------------------------------------------------------------------
                                  0.48   slack (MET)


Startpoint: _32_ (rising edge-triggered flip-flop clocked by sclk)
Endpoint: _31_ (rising edge-triggered flip-flop clocked by sclk)
Path Group: sclk
Path Type: min

Fanout     Cap    Slew   Delay    Time   Description
-----------------------------------------------------------------------------
                  0.15    0.00    0.00   clock sclk (rise edge)
                          0.00    0.00   clock network delay (ideal)
                  0.15    0.00    0.00 ^ _32_/CLK (sky130_fd_sc_hd__dfrtp_2)
     3    0.04    0.19    0.48    0.48 ^ _32_/Q (sky130_fd_sc_hd__dfrtp_2)
                                         data[4] (net)
                  0.19    0.00    0.48 ^ _20_/A0 (sky130_fd_sc_hd__mux2_2)
     1    0.00    0.04    0.17    0.65 ^ _20_/X (sky130_fd_sc_hd__mux2_2)
                                         _10_ (net)
                  0.04    0.00    0.65 ^ _21_/A (sky130_fd_sc_hd__buf_1)
     1    0.00    0.04    0.07    0.72 ^ _21_/X (sky130_fd_sc_hd__buf_1)
                                         _01_ (net)
                  0.04    0.00    0.72 ^ _31_/D (sky130_fd_sc_hd__dfrtp_2)
                                  0.72   data arrival time

                  0.15    0.00    0.00   clock sclk (rise edge)
                          0.00    0.00   clock network delay (ideal)
                          0.25    0.25   clock uncertainty
                          0.00    0.25   clock reconvergence pessimism
                                  0.25 ^ _31_/CLK (sky130_fd_sc_hd__dfrtp_2)
                         -0.02    0.23   library hold time
                                  0.23   data required time
-----------------------------------------------------------------------------
                                  0.23   data required time
                                 -0.72   data arrival time
-----------------------------------------------------------------------------
                                  0.49   slack (MET)


Startpoint: _30_ (rising edge-triggered flip-flop clocked by sclk)
Endpoint: _30_ (rising edge-triggered flip-flop clocked by sclk)
Path Group: sclk
Path Type: min

Fanout     Cap    Slew   Delay    Time   Description
-----------------------------------------------------------------------------
                  0.15    0.00    0.00   clock sclk (rise edge)
                          0.00    0.00   clock network delay (ideal)
                  0.15    0.00    0.00 ^ _30_/CLK (sky130_fd_sc_hd__dfrtp_2)
     3    0.04    0.19    0.48    0.48 ^ _30_/Q (sky130_fd_sc_hd__dfrtp_2)
                                         data[2] (net)
                  0.19    0.00    0.48 ^ _18_/A1 (sky130_fd_sc_hd__mux2_2)
     1    0.00    0.04    0.17    0.65 ^ _18_/X (sky130_fd_sc_hd__mux2_2)
                                         _09_ (net)
                  0.04    0.00    0.65 ^ _19_/A (sky130_fd_sc_hd__buf_1)
     1    0.00    0.04    0.07    0.72 ^ _19_/X (sky130_fd_sc_hd__buf_1)
                                         _00_ (net)
                  0.04    0.00    0.72 ^ _30_/D (sky130_fd_sc_hd__dfrtp_2)
                                  0.72   data arrival time

                  0.15    0.00    0.00   clock sclk (rise edge)
                          0.00    0.00   clock network delay (ideal)
                          0.25    0.25   clock uncertainty
                          0.00    0.25   clock reconvergence pessimism
                                  0.25 ^ _30_/CLK (sky130_fd_sc_hd__dfrtp_2)
                         -0.02    0.23   library hold time
                                  0.23   data required time
-----------------------------------------------------------------------------
                                  0.23   data required time
                                 -0.72   data arrival time
-----------------------------------------------------------------------------
                                  0.49   slack (MET)


Startpoint: _33_ (rising edge-triggered flip-flop clocked by sclk)
Endpoint: _33_ (rising edge-triggered flip-flop clocked by sclk)
Path Group: sclk
Path Type: min

Fanout     Cap    Slew   Delay    Time   Description
-----------------------------------------------------------------------------
                  0.15    0.00    0.00   clock sclk (rise edge)
                          0.00    0.00   clock network delay (ideal)
                  0.15    0.00    0.00 ^ _33_/CLK (sky130_fd_sc_hd__dfrtp_2)
     3    0.04    0.19    0.48    0.48 ^ _33_/Q (sky130_fd_sc_hd__dfrtp_2)
                                         data[5] (net)
                  0.19    0.00    0.48 ^ _24_/A1 (sky130_fd_sc_hd__mux2_2)
     1    0.00    0.04    0.17    0.65 ^ _24_/X (sky130_fd_sc_hd__mux2_2)
                                         _12_ (net)
                  0.04    0.00    0.65 ^ _25_/A (sky130_fd_sc_hd__buf_1)
     1    0.00    0.04    0.07    0.72 ^ _25_/X (sky130_fd_sc_hd__buf_1)
                                         _03_ (net)
                  0.04    0.00    0.72 ^ _33_/D (sky130_fd_sc_hd__dfrtp_2)
                                  0.72   data arrival time

                  0.15    0.00    0.00   clock sclk (rise edge)
                          0.00    0.00   clock network delay (ideal)
                          0.25    0.25   clock uncertainty
                          0.00    0.25   clock reconvergence pessimism
                                  0.25 ^ _33_/CLK (sky130_fd_sc_hd__dfrtp_2)
                         -0.02    0.23   library hold time
                                  0.23   data required time
-----------------------------------------------------------------------------
                                  0.23   data required time
                                 -0.72   data arrival time
-----------------------------------------------------------------------------
                                  0.49   slack (MET)


Startpoint: _32_ (rising edge-triggered flip-flop clocked by sclk)
Endpoint: _32_ (rising edge-triggered flip-flop clocked by sclk)
Path Group: sclk
Path Type: min

Fanout     Cap    Slew   Delay    Time   Description
-----------------------------------------------------------------------------
                  0.15    0.00    0.00   clock sclk (rise edge)
                          0.00    0.00   clock network delay (ideal)
                  0.15    0.00    0.00 ^ _32_/CLK (sky130_fd_sc_hd__dfrtp_2)
     3    0.04    0.19    0.48    0.48 ^ _32_/Q (sky130_fd_sc_hd__dfrtp_2)
                                         data[4] (net)
                  0.19    0.00    0.48 ^ _22_/A1 (sky130_fd_sc_hd__mux2_2)
     1    0.00    0.04    0.17    0.65 ^ _22_/X (sky130_fd_sc_hd__mux2_2)
                                         _11_ (net)
                  0.04    0.00    0.65 ^ _23_/A (sky130_fd_sc_hd__buf_1)
     1    0.00    0.04    0.07    0.72 ^ _23_/X (sky130_fd_sc_hd__buf_1)
                                         _02_ (net)
                  0.04    0.00    0.72 ^ _32_/D (sky130_fd_sc_hd__dfrtp_2)
                                  0.72   data arrival time

                  0.15    0.00    0.00   clock sclk (rise edge)
                          0.00    0.00   clock network delay (ideal)
                          0.25    0.25   clock uncertainty
                          0.00    0.25   clock reconvergence pessimism
                                  0.25 ^ _32_/CLK (sky130_fd_sc_hd__dfrtp_2)
                         -0.02    0.23   library hold time
                                  0.23   data required time
-----------------------------------------------------------------------------
                                  0.23   data required time
                                 -0.72   data arrival time
-----------------------------------------------------------------------------
                                  0.49   slack (MET)


Startpoint: _34_ (rising edge-triggered flip-flop clocked by sclk)
Endpoint: _34_ (rising edge-triggered flip-flop clocked by sclk)
Path Group: sclk
Path Type: min

Fanout     Cap    Slew   Delay    Time   Description
-----------------------------------------------------------------------------
                  0.15    0.00    0.00   clock sclk (rise edge)
                          0.00    0.00   clock network delay (ideal)
                  0.15    0.00    0.00 ^ _34_/CLK (sky130_fd_sc_hd__dfrtp_2)
     3    0.04    0.20    0.48    0.48 ^ _34_/Q (sky130_fd_sc_hd__dfrtp_2)
                                         data[6] (net)
                  0.20    0.00    0.48 ^ _26_/A1 (sky130_fd_sc_hd__mux2_2)
     1    0.00    0.04    0.17    0.65 ^ _26_/X (sky130_fd_sc_hd__mux2_2)
                                         _13_ (net)
                  0.04    0.00    0.65 ^ _27_/A (sky130_fd_sc_hd__buf_1)
     1    0.00    0.04    0.07    0.72 ^ _27_/X (sky130_fd_sc_hd__buf_1)
                                         _04_ (net)
                  0.04    0.00    0.72 ^ _34_/D (sky130_fd_sc_hd__dfrtp_2)
                                  0.72   data arrival time

                  0.15    0.00    0.00   clock sclk (rise edge)
                          0.00    0.00   clock network delay (ideal)
                          0.25    0.25   clock uncertainty
                          0.00    0.25   clock reconvergence pessimism
                                  0.25 ^ _34_/CLK (sky130_fd_sc_hd__dfrtp_2)
                         -0.02    0.23   library hold time
                                  0.23   data required time
-----------------------------------------------------------------------------
                                  0.23   data required time
                                 -0.72   data arrival time
-----------------------------------------------------------------------------
                                  0.49   slack (MET)


Startpoint: reset (input port clocked by sclk)
Endpoint: _34_ (removal check against rising-edge clock sclk)
Path Group: asynchronous
Path Type: min

Fanout     Cap    Slew   Delay    Time   Description
-----------------------------------------------------------------------------
                  0.15    0.00    0.00   clock sclk (rise edge)
                          0.00    0.00   clock network delay (ideal)
                          2.00    2.00 ^ input external delay
     7    0.04    0.16    0.11    2.11 ^ reset (in)
                                         reset (net)
                  0.16    0.00    2.11 ^ _34_/RESET_B (sky130_fd_sc_hd__dfrtp_2)
                                  2.11   data arrival time

                  0.15    0.00    0.00   clock sclk (rise edge)
                          0.00    0.00   clock network delay (ideal)
                          0.25    0.25   clock uncertainty
                          0.00    0.25   clock reconvergence pessimism
                                  0.25 ^ _34_/CLK (sky130_fd_sc_hd__dfrtp_2)
                          0.38    0.63   library removal time
                                  0.63   data required time
-----------------------------------------------------------------------------
                                  0.63   data required time
                                 -2.11   data arrival time
-----------------------------------------------------------------------------
                                  1.48   slack (MET)


Startpoint: reset (input port clocked by sclk)
Endpoint: _33_ (removal check against rising-edge clock sclk)
Path Group: asynchronous
Path Type: min

Fanout     Cap    Slew   Delay    Time   Description
-----------------------------------------------------------------------------
                  0.15    0.00    0.00   clock sclk (rise edge)
                          0.00    0.00   clock network delay (ideal)
                          2.00    2.00 ^ input external delay
     7    0.04    0.16    0.11    2.11 ^ reset (in)
                                         reset (net)
                  0.16    0.00    2.11 ^ _33_/RESET_B (sky130_fd_sc_hd__dfrtp_2)
                                  2.11   data arrival time

                  0.15    0.00    0.00   clock sclk (rise edge)
                          0.00    0.00   clock network delay (ideal)
                          0.25    0.25   clock uncertainty
                          0.00    0.25   clock reconvergence pessimism
                                  0.25 ^ _33_/CLK (sky130_fd_sc_hd__dfrtp_2)
                          0.38    0.63   library removal time
                                  0.63   data required time
-----------------------------------------------------------------------------
                                  0.63   data required time
                                 -2.11   data arrival time
-----------------------------------------------------------------------------
                                  1.48   slack (MET)


Startpoint: reset (input port clocked by sclk)
Endpoint: _32_ (removal check against rising-edge clock sclk)
Path Group: asynchronous
Path Type: min

Fanout     Cap    Slew   Delay    Time   Description
-----------------------------------------------------------------------------
                  0.15    0.00    0.00   clock sclk (rise edge)
                          0.00    0.00   clock network delay (ideal)
                          2.00    2.00 ^ input external delay
     7    0.04    0.16    0.11    2.11 ^ reset (in)
                                         reset (net)
                  0.16    0.00    2.11 ^ _32_/RESET_B (sky130_fd_sc_hd__dfrtp_2)
                                  2.11   data arrival time

                  0.15    0.00    0.00   clock sclk (rise edge)
                          0.00    0.00   clock network delay (ideal)
                          0.25    0.25   clock uncertainty
                          0.00    0.25   clock reconvergence pessimism
                                  0.25 ^ _32_/CLK (sky130_fd_sc_hd__dfrtp_2)
                          0.38    0.63   library removal time
                                  0.63   data required time
-----------------------------------------------------------------------------
                                  0.63   data required time
                                 -2.11   data arrival time
-----------------------------------------------------------------------------
                                  1.48   slack (MET)


Startpoint: reset (input port clocked by sclk)
Endpoint: _31_ (removal check against rising-edge clock sclk)
Path Group: asynchronous
Path Type: min

Fanout     Cap    Slew   Delay    Time   Description
-----------------------------------------------------------------------------
                  0.15    0.00    0.00   clock sclk (rise edge)
                          0.00    0.00   clock network delay (ideal)
                          2.00    2.00 ^ input external delay
     7    0.04    0.16    0.11    2.11 ^ reset (in)
                                         reset (net)
                  0.16    0.00    2.11 ^ _31_/RESET_B (sky130_fd_sc_hd__dfrtp_2)
                                  2.11   data arrival time

                  0.15    0.00    0.00   clock sclk (rise edge)
                          0.00    0.00   clock network delay (ideal)
                          0.25    0.25   clock uncertainty
                          0.00    0.25   clock reconvergence pessimism
                                  0.25 ^ _31_/CLK (sky130_fd_sc_hd__dfrtp_2)
                          0.38    0.63   library removal time
                                  0.63   data required time
-----------------------------------------------------------------------------
                                  0.63   data required time
                                 -2.11   data arrival time
-----------------------------------------------------------------------------
                                  1.48   slack (MET)


Startpoint: reset (input port clocked by sclk)
Endpoint: _30_ (removal check against rising-edge clock sclk)
Path Group: asynchronous
Path Type: min

Fanout     Cap    Slew   Delay    Time   Description
-----------------------------------------------------------------------------
                  0.15    0.00    0.00   clock sclk (rise edge)
                          0.00    0.00   clock network delay (ideal)
                          2.00    2.00 ^ input external delay
     7    0.04    0.16    0.11    2.11 ^ reset (in)
                                         reset (net)
                  0.16    0.00    2.11 ^ _30_/RESET_B (sky130_fd_sc_hd__dfrtp_2)
                                  2.11   data arrival time

                  0.15    0.00    0.00   clock sclk (rise edge)
                          0.00    0.00   clock network delay (ideal)
                          0.25    0.25   clock uncertainty
                          0.00    0.25   clock reconvergence pessimism
                                  0.25 ^ _30_/CLK (sky130_fd_sc_hd__dfrtp_2)
                          0.38    0.63   library removal time
                                  0.63   data required time
-----------------------------------------------------------------------------
                                  0.63   data required time
                                 -2.11   data arrival time
-----------------------------------------------------------------------------
                                  1.48   slack (MET)


Startpoint: reset (input port clocked by sclk)
Endpoint: _29_ (removal check against rising-edge clock sclk)
Path Group: asynchronous
Path Type: min

Fanout     Cap    Slew   Delay    Time   Description
-----------------------------------------------------------------------------
                  0.15    0.00    0.00   clock sclk (rise edge)
                          0.00    0.00   clock network delay (ideal)
                          2.00    2.00 ^ input external delay
     7    0.04    0.16    0.11    2.11 ^ reset (in)
                                         reset (net)
                  0.16    0.00    2.11 ^ _29_/RESET_B (sky130_fd_sc_hd__dfrtp_2)
                                  2.11   data arrival time

                  0.15    0.00    0.00   clock sclk (rise edge)
                          0.00    0.00   clock network delay (ideal)
                          0.25    0.25   clock uncertainty
                          0.00    0.25   clock reconvergence pessimism
                                  0.25 ^ _29_/CLK (sky130_fd_sc_hd__dfrtp_2)
                          0.38    0.63   library removal time
                                  0.63   data required time
-----------------------------------------------------------------------------
                                  0.63   data required time
                                 -2.11   data arrival time
-----------------------------------------------------------------------------
                                  1.48   slack (MET)


Startpoint: reset (input port clocked by sclk)
Endpoint: _28_ (removal check against rising-edge clock sclk)
Path Group: asynchronous
Path Type: min

Fanout     Cap    Slew   Delay    Time   Description
-----------------------------------------------------------------------------
                  0.15    0.00    0.00   clock sclk (rise edge)
                          0.00    0.00   clock network delay (ideal)
                          2.00    2.00 ^ input external delay
     7    0.04    0.16    0.11    2.11 ^ reset (in)
                                         reset (net)
                  0.16    0.00    2.11 ^ _28_/RESET_B (sky130_fd_sc_hd__dfrtp_2)
                                  2.11   data arrival time

                  0.15    0.00    0.00   clock sclk (rise edge)
                          0.00    0.00   clock network delay (ideal)
                          0.25    0.25   clock uncertainty
                          0.00    0.25   clock reconvergence pessimism
                                  0.25 ^ _28_/CLK (sky130_fd_sc_hd__dfrtp_2)
                          0.38    0.63   library removal time
                                  0.63   data required time
-----------------------------------------------------------------------------
                                  0.63   data required time
                                 -2.11   data arrival time
-----------------------------------------------------------------------------
                                  1.48   slack (MET)


Startpoint: _28_ (rising edge-triggered flip-flop clocked by sclk)
Endpoint: data[0] (output port clocked by sclk)
Path Group: sclk
Path Type: min

Fanout     Cap    Slew   Delay    Time   Description
-----------------------------------------------------------------------------
                  0.15    0.00    0.00   clock sclk (rise edge)
                          0.00    0.00   clock network delay (ideal)
                  0.15    0.00    0.00 ^ _28_/CLK (sky130_fd_sc_hd__dfrtp_2)
     2    0.04    0.19    0.48    0.48 ^ _28_/Q (sky130_fd_sc_hd__dfrtp_2)
                                         data[0] (net)
                  0.19    0.00    0.48 ^ data[0] (out)
                                  0.48   data arrival time

                  0.15    0.00    0.00   clock sclk (rise edge)
                          0.00    0.00   clock network delay (ideal)
                          0.25    0.25   clock uncertainty
                          0.00    0.25   clock reconvergence pessimism
                         -2.00   -1.75   output external delay
                                 -1.75   data required time
-----------------------------------------------------------------------------
                                 -1.75   data required time
                                 -0.48   data arrival time
-----------------------------------------------------------------------------
                                  2.23   slack (MET)


Startpoint: _32_ (rising edge-triggered flip-flop clocked by sclk)
Endpoint: data[4] (output port clocked by sclk)
Path Group: sclk
Path Type: min

Fanout     Cap    Slew   Delay    Time   Description
-----------------------------------------------------------------------------
                  0.15    0.00    0.00   clock sclk (rise edge)
                          0.00    0.00   clock network delay (ideal)
                  0.15    0.00    0.00 ^ _32_/CLK (sky130_fd_sc_hd__dfrtp_2)
     3    0.04    0.19    0.48    0.48 ^ _32_/Q (sky130_fd_sc_hd__dfrtp_2)
                                         data[4] (net)
                  0.19    0.00    0.48 ^ data[4] (out)
                                  0.48   data arrival time

                  0.15    0.00    0.00   clock sclk (rise edge)
                          0.00    0.00   clock network delay (ideal)
                          0.25    0.25   clock uncertainty
                          0.00    0.25   clock reconvergence pessimism
                         -2.00   -1.75   output external delay
                                 -1.75   data required time
-----------------------------------------------------------------------------
                                 -1.75   data required time
                                 -0.48   data arrival time
-----------------------------------------------------------------------------
                                  2.23   slack (MET)


Startpoint: _30_ (rising edge-triggered flip-flop clocked by sclk)
Endpoint: data[2] (output port clocked by sclk)
Path Group: sclk
Path Type: min

Fanout     Cap    Slew   Delay    Time   Description
-----------------------------------------------------------------------------
                  0.15    0.00    0.00   clock sclk (rise edge)
                          0.00    0.00   clock network delay (ideal)
                  0.15    0.00    0.00 ^ _30_/CLK (sky130_fd_sc_hd__dfrtp_2)
     3    0.04    0.19    0.48    0.48 ^ _30_/Q (sky130_fd_sc_hd__dfrtp_2)
                                         data[2] (net)
                  0.19    0.00    0.48 ^ data[2] (out)
                                  0.48   data arrival time

                  0.15    0.00    0.00   clock sclk (rise edge)
                          0.00    0.00   clock network delay (ideal)
                          0.25    0.25   clock uncertainty
                          0.00    0.25   clock reconvergence pessimism
                         -2.00   -1.75   output external delay
                                 -1.75   data required time
-----------------------------------------------------------------------------
                                 -1.75   data required time
                                 -0.48   data arrival time
-----------------------------------------------------------------------------
                                  2.23   slack (MET)


Startpoint: _31_ (rising edge-triggered flip-flop clocked by sclk)
Endpoint: data[3] (output port clocked by sclk)
Path Group: sclk
Path Type: min

Fanout     Cap    Slew   Delay    Time   Description
-----------------------------------------------------------------------------
                  0.15    0.00    0.00   clock sclk (rise edge)
                          0.00    0.00   clock network delay (ideal)
                  0.15    0.00    0.00 ^ _31_/CLK (sky130_fd_sc_hd__dfrtp_2)
     3    0.04    0.19    0.48    0.48 ^ _31_/Q (sky130_fd_sc_hd__dfrtp_2)
                                         data[3] (net)
                  0.19    0.00    0.48 ^ data[3] (out)
                                  0.48   data arrival time

                  0.15    0.00    0.00   clock sclk (rise edge)
                          0.00    0.00   clock network delay (ideal)
                          0.25    0.25   clock uncertainty
                          0.00    0.25   clock reconvergence pessimism
                         -2.00   -1.75   output external delay
                                 -1.75   data required time
-----------------------------------------------------------------------------
                                 -1.75   data required time
                                 -0.48   data arrival time
-----------------------------------------------------------------------------
                                  2.23   slack (MET)


Startpoint: _33_ (rising edge-triggered flip-flop clocked by sclk)
Endpoint: data[5] (output port clocked by sclk)
Path Group: sclk
Path Type: min

Fanout     Cap    Slew   Delay    Time   Description
-----------------------------------------------------------------------------
                  0.15    0.00    0.00   clock sclk (rise edge)
                          0.00    0.00   clock network delay (ideal)
                  0.15    0.00    0.00 ^ _33_/CLK (sky130_fd_sc_hd__dfrtp_2)
     3    0.04    0.19    0.48    0.48 ^ _33_/Q (sky130_fd_sc_hd__dfrtp_2)
                                         data[5] (net)
                  0.19    0.00    0.48 ^ data[5] (out)
                                  0.48   data arrival time

                  0.15    0.00    0.00   clock sclk (rise edge)
                          0.00    0.00   clock network delay (ideal)
                          0.25    0.25   clock uncertainty
                          0.00    0.25   clock reconvergence pessimism
                         -2.00   -1.75   output external delay
                                 -1.75   data required time
-----------------------------------------------------------------------------
                                 -1.75   data required time
                                 -0.48   data arrival time
-----------------------------------------------------------------------------
                                  2.23   slack (MET)


Startpoint: _29_ (rising edge-triggered flip-flop clocked by sclk)
Endpoint: data[1] (output port clocked by sclk)
Path Group: sclk
Path Type: min

Fanout     Cap    Slew   Delay    Time   Description
-----------------------------------------------------------------------------
                  0.15    0.00    0.00   clock sclk (rise edge)
                          0.00    0.00   clock network delay (ideal)
                  0.15    0.00    0.00 ^ _29_/CLK (sky130_fd_sc_hd__dfrtp_2)
     3    0.04    0.20    0.48    0.48 ^ _29_/Q (sky130_fd_sc_hd__dfrtp_2)
                                         data[1] (net)
                  0.20    0.00    0.48 ^ data[1] (out)
                                  0.48   data arrival time

                  0.15    0.00    0.00   clock sclk (rise edge)
                          0.00    0.00   clock network delay (ideal)
                          0.25    0.25   clock uncertainty
                          0.00    0.25   clock reconvergence pessimism
                         -2.00   -1.75   output external delay
                                 -1.75   data required time
-----------------------------------------------------------------------------
                                 -1.75   data required time
                                 -0.48   data arrival time
-----------------------------------------------------------------------------
                                  2.23   slack (MET)


Startpoint: _34_ (rising edge-triggered flip-flop clocked by sclk)
Endpoint: data[6] (output port clocked by sclk)
Path Group: sclk
Path Type: min

Fanout     Cap    Slew   Delay    Time   Description
-----------------------------------------------------------------------------
                  0.15    0.00    0.00   clock sclk (rise edge)
                          0.00    0.00   clock network delay (ideal)
                  0.15    0.00    0.00 ^ _34_/CLK (sky130_fd_sc_hd__dfrtp_2)
     3    0.04    0.20    0.48    0.48 ^ _34_/Q (sky130_fd_sc_hd__dfrtp_2)
                                         data[6] (net)
                  0.20    0.00    0.48 ^ data[6] (out)
                                  0.48   data arrival time

                  0.15    0.00    0.00   clock sclk (rise edge)
                          0.00    0.00   clock network delay (ideal)
                          0.25    0.25   clock uncertainty
                          0.00    0.25   clock reconvergence pessimism
                         -2.00   -1.75   output external delay
                                 -1.75   data required time
-----------------------------------------------------------------------------
                                 -1.75   data required time
                                 -0.48   data arrival time
-----------------------------------------------------------------------------
                                  2.23   slack (MET)



worst slack corner Typical: 0.4794
min_report_end
max_report

===========================================================================
report_checks -path_delay max (Setup)
============================================================================
======================= Typical Corner ===================================

Startpoint: ss (input port clocked by sclk)
Endpoint: _31_ (rising edge-triggered flip-flop clocked by sclk)
Path Group: sclk
Path Type: max

Fanout     Cap    Slew   Delay    Time   Description
-----------------------------------------------------------------------------
                  0.15    0.00    0.00   clock sclk (rise edge)
                          0.00    0.00   clock network delay (ideal)
                          2.00    2.00 ^ input external delay
     7    0.03    0.15    0.11    2.11 ^ ss (in)
                                         ss (net)
                  0.15    0.00    2.11 ^ _20_/S (sky130_fd_sc_hd__mux2_2)
     1    0.00    0.05    0.36    2.47 v _20_/X (sky130_fd_sc_hd__mux2_2)
                                         _10_ (net)
                  0.05    0.00    2.47 v _21_/A (sky130_fd_sc_hd__buf_1)
     1    0.00    0.02    0.09    2.56 v _21_/X (sky130_fd_sc_hd__buf_1)
                                         _01_ (net)
                  0.02    0.00    2.56 v _31_/D (sky130_fd_sc_hd__dfrtp_2)
                                  2.56   data arrival time

                  0.15   10.00   10.00   clock sclk (rise edge)
                          0.00   10.00   clock network delay (ideal)
                         -0.25    9.75   clock uncertainty
                          0.00    9.75   clock reconvergence pessimism
                                  9.75 ^ _31_/CLK (sky130_fd_sc_hd__dfrtp_2)
                         -0.08    9.67   library setup time
                                  9.67   data required time
-----------------------------------------------------------------------------
                                  9.67   data required time
                                 -2.56   data arrival time
-----------------------------------------------------------------------------
                                  7.10   slack (MET)


Startpoint: ss (input port clocked by sclk)
Endpoint: _32_ (rising edge-triggered flip-flop clocked by sclk)
Path Group: sclk
Path Type: max

Fanout     Cap    Slew   Delay    Time   Description
-----------------------------------------------------------------------------
                  0.15    0.00    0.00   clock sclk (rise edge)
                          0.00    0.00   clock network delay (ideal)
                          2.00    2.00 ^ input external delay
     7    0.03    0.15    0.11    2.11 ^ ss (in)
                                         ss (net)
                  0.15    0.00    2.11 ^ _22_/S (sky130_fd_sc_hd__mux2_2)
     1    0.00    0.05    0.36    2.47 v _22_/X (sky130_fd_sc_hd__mux2_2)
                                         _11_ (net)
                  0.05    0.00    2.47 v _23_/A (sky130_fd_sc_hd__buf_1)
     1    0.00    0.02    0.09    2.56 v _23_/X (sky130_fd_sc_hd__buf_1)
                                         _02_ (net)
                  0.02    0.00    2.56 v _32_/D (sky130_fd_sc_hd__dfrtp_2)
                                  2.56   data arrival time

                  0.15   10.00   10.00   clock sclk (rise edge)
                          0.00   10.00   clock network delay (ideal)
                         -0.25    9.75   clock uncertainty
                          0.00    9.75   clock reconvergence pessimism
                                  9.75 ^ _32_/CLK (sky130_fd_sc_hd__dfrtp_2)
                         -0.08    9.67   library setup time
                                  9.67   data required time
-----------------------------------------------------------------------------
                                  9.67   data required time
                                 -2.56   data arrival time
-----------------------------------------------------------------------------
                                  7.10   slack (MET)


Startpoint: ss (input port clocked by sclk)
Endpoint: _30_ (rising edge-triggered flip-flop clocked by sclk)
Path Group: sclk
Path Type: max

Fanout     Cap    Slew   Delay    Time   Description
-----------------------------------------------------------------------------
                  0.15    0.00    0.00   clock sclk (rise edge)
                          0.00    0.00   clock network delay (ideal)
                          2.00    2.00 ^ input external delay
     7    0.03    0.15    0.11    2.11 ^ ss (in)
                                         ss (net)
                  0.15    0.00    2.11 ^ _18_/S (sky130_fd_sc_hd__mux2_2)
     1    0.00    0.05    0.36    2.47 v _18_/X (sky130_fd_sc_hd__mux2_2)
                                         _09_ (net)
                  0.05    0.00    2.47 v _19_/A (sky130_fd_sc_hd__buf_1)
     1    0.00    0.02    0.09    2.56 v _19_/X (sky130_fd_sc_hd__buf_1)
                                         _00_ (net)
                  0.02    0.00    2.56 v _30_/D (sky130_fd_sc_hd__dfrtp_2)
                                  2.56   data arrival time

                  0.15   10.00   10.00   clock sclk (rise edge)
                          0.00   10.00   clock network delay (ideal)
                         -0.25    9.75   clock uncertainty
                          0.00    9.75   clock reconvergence pessimism
                                  9.75 ^ _30_/CLK (sky130_fd_sc_hd__dfrtp_2)
                         -0.08    9.67   library setup time
                                  9.67   data required time
-----------------------------------------------------------------------------
                                  9.67   data required time
                                 -2.56   data arrival time
-----------------------------------------------------------------------------
                                  7.10   slack (MET)


Startpoint: ss (input port clocked by sclk)
Endpoint: _34_ (rising edge-triggered flip-flop clocked by sclk)
Path Group: sclk
Path Type: max

Fanout     Cap    Slew   Delay    Time   Description
-----------------------------------------------------------------------------
                  0.15    0.00    0.00   clock sclk (rise edge)
                          0.00    0.00   clock network delay (ideal)
                          2.00    2.00 ^ input external delay
     7    0.03    0.15    0.11    2.11 ^ ss (in)
                                         ss (net)
                  0.15    0.00    2.11 ^ _26_/S (sky130_fd_sc_hd__mux2_2)
     1    0.00    0.05    0.36    2.47 v _26_/X (sky130_fd_sc_hd__mux2_2)
                                         _13_ (net)
                  0.05    0.00    2.48 v _27_/A (sky130_fd_sc_hd__buf_1)
     1    0.00    0.02    0.09    2.56 v _27_/X (sky130_fd_sc_hd__buf_1)
                                         _04_ (net)
                  0.02    0.00    2.56 v _34_/D (sky130_fd_sc_hd__dfrtp_2)
                                  2.56   data arrival time

                  0.15   10.00   10.00   clock sclk (rise edge)
                          0.00   10.00   clock network delay (ideal)
                         -0.25    9.75   clock uncertainty
                          0.00    9.75   clock reconvergence pessimism
                                  9.75 ^ _34_/CLK (sky130_fd_sc_hd__dfrtp_2)
                         -0.08    9.67   library setup time
                                  9.67   data required time
-----------------------------------------------------------------------------
                                  9.67   data required time
                                 -2.56   data arrival time
-----------------------------------------------------------------------------
                                  7.11   slack (MET)


Startpoint: ss (input port clocked by sclk)
Endpoint: _33_ (rising edge-triggered flip-flop clocked by sclk)
Path Group: sclk
Path Type: max

Fanout     Cap    Slew   Delay    Time   Description
-----------------------------------------------------------------------------
                  0.15    0.00    0.00   clock sclk (rise edge)
                          0.00    0.00   clock network delay (ideal)
                          2.00    2.00 ^ input external delay
     7    0.03    0.15    0.11    2.11 ^ ss (in)
                                         ss (net)
                  0.15    0.00    2.11 ^ _24_/S (sky130_fd_sc_hd__mux2_2)
     1    0.00    0.05    0.36    2.47 v _24_/X (sky130_fd_sc_hd__mux2_2)
                                         _12_ (net)
                  0.05    0.00    2.47 v _25_/A (sky130_fd_sc_hd__buf_1)
     1    0.00    0.02    0.09    2.56 v _25_/X (sky130_fd_sc_hd__buf_1)
                                         _03_ (net)
                  0.02    0.00    2.56 v _33_/D (sky130_fd_sc_hd__dfrtp_2)
                                  2.56   data arrival time

                  0.15   10.00   10.00   clock sclk (rise edge)
                          0.00   10.00   clock network delay (ideal)
                         -0.25    9.75   clock uncertainty
                          0.00    9.75   clock reconvergence pessimism
                                  9.75 ^ _33_/CLK (sky130_fd_sc_hd__dfrtp_2)
                         -0.08    9.67   library setup time
                                  9.67   data required time
-----------------------------------------------------------------------------
                                  9.67   data required time
                                 -2.56   data arrival time
-----------------------------------------------------------------------------
                                  7.11   slack (MET)


Startpoint: ss (input port clocked by sclk)
Endpoint: _29_ (rising edge-triggered flip-flop clocked by sclk)
Path Group: sclk
Path Type: max

Fanout     Cap    Slew   Delay    Time   Description
-----------------------------------------------------------------------------
                  0.15    0.00    0.00   clock sclk (rise edge)
                          0.00    0.00   clock network delay (ideal)
                          2.00    2.00 ^ input external delay
     7    0.03    0.15    0.11    2.11 ^ ss (in)
                                         ss (net)
                  0.15    0.00    2.11 ^ _16_/S (sky130_fd_sc_hd__mux2_2)
     1    0.00    0.05    0.36    2.47 v _16_/X (sky130_fd_sc_hd__mux2_2)
                                         _08_ (net)
                  0.05    0.00    2.47 v _17_/A (sky130_fd_sc_hd__buf_1)
     1    0.00    0.02    0.09    2.56 v _17_/X (sky130_fd_sc_hd__buf_1)
                                         _06_ (net)
                  0.02    0.00    2.56 v _29_/D (sky130_fd_sc_hd__dfrtp_2)
                                  2.56   data arrival time

                  0.15   10.00   10.00   clock sclk (rise edge)
                          0.00   10.00   clock network delay (ideal)
                         -0.25    9.75   clock uncertainty
                          0.00    9.75   clock reconvergence pessimism
                                  9.75 ^ _29_/CLK (sky130_fd_sc_hd__dfrtp_2)
                         -0.08    9.67   library setup time
                                  9.67   data required time
-----------------------------------------------------------------------------
                                  9.67   data required time
                                 -2.56   data arrival time
-----------------------------------------------------------------------------
                                  7.11   slack (MET)


Startpoint: ss (input port clocked by sclk)
Endpoint: _28_ (rising edge-triggered flip-flop clocked by sclk)
Path Group: sclk
Path Type: max

Fanout     Cap    Slew   Delay    Time   Description
-----------------------------------------------------------------------------
                  0.15    0.00    0.00   clock sclk (rise edge)
                          0.00    0.00   clock network delay (ideal)
                          2.00    2.00 ^ input external delay
     7    0.03    0.15    0.11    2.11 ^ ss (in)
                                         ss (net)
                  0.15    0.00    2.11 ^ _14_/S (sky130_fd_sc_hd__mux2_2)
     1    0.00    0.05    0.36    2.47 v _14_/X (sky130_fd_sc_hd__mux2_2)
                                         _07_ (net)
                  0.05    0.00    2.47 v _15_/A (sky130_fd_sc_hd__buf_1)
     1    0.00    0.02    0.09    2.56 v _15_/X (sky130_fd_sc_hd__buf_1)
                                         _05_ (net)
                  0.02    0.00    2.56 v _28_/D (sky130_fd_sc_hd__dfrtp_2)
                                  2.56   data arrival time

                  0.15   10.00   10.00   clock sclk (rise edge)
                          0.00   10.00   clock network delay (ideal)
                         -0.25    9.75   clock uncertainty
                          0.00    9.75   clock reconvergence pessimism
                                  9.75 ^ _28_/CLK (sky130_fd_sc_hd__dfrtp_2)
                         -0.08    9.67   library setup time
                                  9.67   data required time
-----------------------------------------------------------------------------
                                  9.67   data required time
                                 -2.56   data arrival time
-----------------------------------------------------------------------------
                                  7.11   slack (MET)


Startpoint: _34_ (rising edge-triggered flip-flop clocked by sclk)
Endpoint: data[6] (output port clocked by sclk)
Path Group: sclk
Path Type: max

Fanout     Cap    Slew   Delay    Time   Description
-----------------------------------------------------------------------------
                  0.15    0.00    0.00   clock sclk (rise edge)
                          0.00    0.00   clock network delay (ideal)
                  0.15    0.00    0.00 ^ _34_/CLK (sky130_fd_sc_hd__dfrtp_2)
     3    0.04    0.12    0.54    0.54 v _34_/Q (sky130_fd_sc_hd__dfrtp_2)
                                         data[6] (net)
                  0.12    0.00    0.55 v data[6] (out)
                                  0.55   data arrival time

                  0.15   10.00   10.00   clock sclk (rise edge)
                          0.00   10.00   clock network delay (ideal)
                         -0.25    9.75   clock uncertainty
                          0.00    9.75   clock reconvergence pessimism
                         -2.00    7.75   output external delay
                                  7.75   data required time
-----------------------------------------------------------------------------
                                  7.75   data required time
                                 -0.55   data arrival time
-----------------------------------------------------------------------------
                                  7.20   slack (MET)


Startpoint: _29_ (rising edge-triggered flip-flop clocked by sclk)
Endpoint: data[1] (output port clocked by sclk)
Path Group: sclk
Path Type: max

Fanout     Cap    Slew   Delay    Time   Description
-----------------------------------------------------------------------------
                  0.15    0.00    0.00   clock sclk (rise edge)
                          0.00    0.00   clock network delay (ideal)
                  0.15    0.00    0.00 ^ _29_/CLK (sky130_fd_sc_hd__dfrtp_2)
     3    0.04    0.12    0.54    0.54 v _29_/Q (sky130_fd_sc_hd__dfrtp_2)
                                         data[1] (net)
                  0.12    0.00    0.54 v data[1] (out)
                                  0.54   data arrival time

                  0.15   10.00   10.00   clock sclk (rise edge)
                          0.00   10.00   clock network delay (ideal)
                         -0.25    9.75   clock uncertainty
                          0.00    9.75   clock reconvergence pessimism
                         -2.00    7.75   output external delay
                                  7.75   data required time
-----------------------------------------------------------------------------
                                  7.75   data required time
                                 -0.54   data arrival time
-----------------------------------------------------------------------------
                                  7.21   slack (MET)


Startpoint: _33_ (rising edge-triggered flip-flop clocked by sclk)
Endpoint: data[5] (output port clocked by sclk)
Path Group: sclk
Path Type: max

Fanout     Cap    Slew   Delay    Time   Description
-----------------------------------------------------------------------------
                  0.15    0.00    0.00   clock sclk (rise edge)
                          0.00    0.00   clock network delay (ideal)
                  0.15    0.00    0.00 ^ _33_/CLK (sky130_fd_sc_hd__dfrtp_2)
     3    0.04    0.12    0.54    0.54 v _33_/Q (sky130_fd_sc_hd__dfrtp_2)
                                         data[5] (net)
                  0.12    0.00    0.54 v data[5] (out)
                                  0.54   data arrival time

                  0.15   10.00   10.00   clock sclk (rise edge)
                          0.00   10.00   clock network delay (ideal)
                         -0.25    9.75   clock uncertainty
                          0.00    9.75   clock reconvergence pessimism
                         -2.00    7.75   output external delay
                                  7.75   data required time
-----------------------------------------------------------------------------
                                  7.75   data required time
                                 -0.54   data arrival time
-----------------------------------------------------------------------------
                                  7.21   slack (MET)


Startpoint: _31_ (rising edge-triggered flip-flop clocked by sclk)
Endpoint: data[3] (output port clocked by sclk)
Path Group: sclk
Path Type: max

Fanout     Cap    Slew   Delay    Time   Description
-----------------------------------------------------------------------------
                  0.15    0.00    0.00   clock sclk (rise edge)
                          0.00    0.00   clock network delay (ideal)
                  0.15    0.00    0.00 ^ _31_/CLK (sky130_fd_sc_hd__dfrtp_2)
     3    0.04    0.12    0.54    0.54 v _31_/Q (sky130_fd_sc_hd__dfrtp_2)
                                         data[3] (net)
                  0.12    0.00    0.54 v data[3] (out)
                                  0.54   data arrival time

                  0.15   10.00   10.00   clock sclk (rise edge)
                          0.00   10.00   clock network delay (ideal)
                         -0.25    9.75   clock uncertainty
                          0.00    9.75   clock reconvergence pessimism
                         -2.00    7.75   output external delay
                                  7.75   data required time
-----------------------------------------------------------------------------
                                  7.75   data required time
                                 -0.54   data arrival time
-----------------------------------------------------------------------------
                                  7.21   slack (MET)


Startpoint: _30_ (rising edge-triggered flip-flop clocked by sclk)
Endpoint: data[2] (output port clocked by sclk)
Path Group: sclk
Path Type: max

Fanout     Cap    Slew   Delay    Time   Description
-----------------------------------------------------------------------------
                  0.15    0.00    0.00   clock sclk (rise edge)
                          0.00    0.00   clock network delay (ideal)
                  0.15    0.00    0.00 ^ _30_/CLK (sky130_fd_sc_hd__dfrtp_2)
     3    0.04    0.12    0.54    0.54 v _30_/Q (sky130_fd_sc_hd__dfrtp_2)
                                         data[2] (net)
                  0.12    0.00    0.54 v data[2] (out)
                                  0.54   data arrival time

                  0.15   10.00   10.00   clock sclk (rise edge)
                          0.00   10.00   clock network delay (ideal)
                         -0.25    9.75   clock uncertainty
                          0.00    9.75   clock reconvergence pessimism
                         -2.00    7.75   output external delay
                                  7.75   data required time
-----------------------------------------------------------------------------
                                  7.75   data required time
                                 -0.54   data arrival time
-----------------------------------------------------------------------------
                                  7.21   slack (MET)


Startpoint: _32_ (rising edge-triggered flip-flop clocked by sclk)
Endpoint: data[4] (output port clocked by sclk)
Path Group: sclk
Path Type: max

Fanout     Cap    Slew   Delay    Time   Description
-----------------------------------------------------------------------------
                  0.15    0.00    0.00   clock sclk (rise edge)
                          0.00    0.00   clock network delay (ideal)
                  0.15    0.00    0.00 ^ _32_/CLK (sky130_fd_sc_hd__dfrtp_2)
     3    0.04    0.12    0.54    0.54 v _32_/Q (sky130_fd_sc_hd__dfrtp_2)
                                         data[4] (net)
                  0.12    0.00    0.54 v data[4] (out)
                                  0.54   data arrival time

                  0.15   10.00   10.00   clock sclk (rise edge)
                          0.00   10.00   clock network delay (ideal)
                         -0.25    9.75   clock uncertainty
                          0.00    9.75   clock reconvergence pessimism
                         -2.00    7.75   output external delay
                                  7.75   data required time
-----------------------------------------------------------------------------
                                  7.75   data required time
                                 -0.54   data arrival time
-----------------------------------------------------------------------------
                                  7.21   slack (MET)


Startpoint: _28_ (rising edge-triggered flip-flop clocked by sclk)
Endpoint: data[0] (output port clocked by sclk)
Path Group: sclk
Path Type: max

Fanout     Cap    Slew   Delay    Time   Description
-----------------------------------------------------------------------------
                  0.15    0.00    0.00   clock sclk (rise edge)
                          0.00    0.00   clock network delay (ideal)
                  0.15    0.00    0.00 ^ _28_/CLK (sky130_fd_sc_hd__dfrtp_2)
     2    0.04    0.12    0.54    0.54 v _28_/Q (sky130_fd_sc_hd__dfrtp_2)
                                         data[0] (net)
                  0.12    0.00    0.54 v data[0] (out)
                                  0.54   data arrival time

                  0.15   10.00   10.00   clock sclk (rise edge)
                          0.00   10.00   clock network delay (ideal)
                         -0.25    9.75   clock uncertainty
                          0.00    9.75   clock reconvergence pessimism
                         -2.00    7.75   output external delay
                                  7.75   data required time
-----------------------------------------------------------------------------
                                  7.75   data required time
                                 -0.54   data arrival time
-----------------------------------------------------------------------------
                                  7.21   slack (MET)


Startpoint: reset (input port clocked by sclk)
Endpoint: _28_ (recovery check against rising-edge clock sclk)
Path Group: asynchronous
Path Type: max

Fanout     Cap    Slew   Delay    Time   Description
-----------------------------------------------------------------------------
                  0.15    0.00    0.00   clock sclk (rise edge)
                          0.00    0.00   clock network delay (ideal)
                          2.00    2.00 ^ input external delay
     7    0.04    0.16    0.12    2.12 ^ reset (in)
                                         reset (net)
                  0.16    0.00    2.12 ^ _28_/RESET_B (sky130_fd_sc_hd__dfrtp_2)
                                  2.12   data arrival time

                  0.15   10.00   10.00   clock sclk (rise edge)
                          0.00   10.00   clock network delay (ideal)
                         -0.25    9.75   clock uncertainty
                          0.00    9.75   clock reconvergence pessimism
                                  9.75 ^ _28_/CLK (sky130_fd_sc_hd__dfrtp_2)
                          0.22    9.97   library recovery time
                                  9.97   data required time
-----------------------------------------------------------------------------
                                  9.97   data required time
                                 -2.12   data arrival time
-----------------------------------------------------------------------------
                                  7.85   slack (MET)


Startpoint: reset (input port clocked by sclk)
Endpoint: _29_ (recovery check against rising-edge clock sclk)
Path Group: asynchronous
Path Type: max

Fanout     Cap    Slew   Delay    Time   Description
-----------------------------------------------------------------------------
                  0.15    0.00    0.00   clock sclk (rise edge)
                          0.00    0.00   clock network delay (ideal)
                          2.00    2.00 ^ input external delay
     7    0.04    0.16    0.12    2.12 ^ reset (in)
                                         reset (net)
                  0.16    0.00    2.12 ^ _29_/RESET_B (sky130_fd_sc_hd__dfrtp_2)
                                  2.12   data arrival time

                  0.15   10.00   10.00   clock sclk (rise edge)
                          0.00   10.00   clock network delay (ideal)
                         -0.25    9.75   clock uncertainty
                          0.00    9.75   clock reconvergence pessimism
                                  9.75 ^ _29_/CLK (sky130_fd_sc_hd__dfrtp_2)
                          0.22    9.97   library recovery time
                                  9.97   data required time
-----------------------------------------------------------------------------
                                  9.97   data required time
                                 -2.12   data arrival time
-----------------------------------------------------------------------------
                                  7.85   slack (MET)


Startpoint: reset (input port clocked by sclk)
Endpoint: _30_ (recovery check against rising-edge clock sclk)
Path Group: asynchronous
Path Type: max

Fanout     Cap    Slew   Delay    Time   Description
-----------------------------------------------------------------------------
                  0.15    0.00    0.00   clock sclk (rise edge)
                          0.00    0.00   clock network delay (ideal)
                          2.00    2.00 ^ input external delay
     7    0.04    0.16    0.12    2.12 ^ reset (in)
                                         reset (net)
                  0.16    0.00    2.12 ^ _30_/RESET_B (sky130_fd_sc_hd__dfrtp_2)
                                  2.12   data arrival time

                  0.15   10.00   10.00   clock sclk (rise edge)
                          0.00   10.00   clock network delay (ideal)
                         -0.25    9.75   clock uncertainty
                          0.00    9.75   clock reconvergence pessimism
                                  9.75 ^ _30_/CLK (sky130_fd_sc_hd__dfrtp_2)
                          0.22    9.97   library recovery time
                                  9.97   data required time
-----------------------------------------------------------------------------
                                  9.97   data required time
                                 -2.12   data arrival time
-----------------------------------------------------------------------------
                                  7.85   slack (MET)


Startpoint: reset (input port clocked by sclk)
Endpoint: _31_ (recovery check against rising-edge clock sclk)
Path Group: asynchronous
Path Type: max

Fanout     Cap    Slew   Delay    Time   Description
-----------------------------------------------------------------------------
                  0.15    0.00    0.00   clock sclk (rise edge)
                          0.00    0.00   clock network delay (ideal)
                          2.00    2.00 ^ input external delay
     7    0.04    0.16    0.12    2.12 ^ reset (in)
                                         reset (net)
                  0.16    0.00    2.12 ^ _31_/RESET_B (sky130_fd_sc_hd__dfrtp_2)
                                  2.12   data arrival time

                  0.15   10.00   10.00   clock sclk (rise edge)
                          0.00   10.00   clock network delay (ideal)
                         -0.25    9.75   clock uncertainty
                          0.00    9.75   clock reconvergence pessimism
                                  9.75 ^ _31_/CLK (sky130_fd_sc_hd__dfrtp_2)
                          0.22    9.97   library recovery time
                                  9.97   data required time
-----------------------------------------------------------------------------
                                  9.97   data required time
                                 -2.12   data arrival time
-----------------------------------------------------------------------------
                                  7.85   slack (MET)


Startpoint: reset (input port clocked by sclk)
Endpoint: _32_ (recovery check against rising-edge clock sclk)
Path Group: asynchronous
Path Type: max

Fanout     Cap    Slew   Delay    Time   Description
-----------------------------------------------------------------------------
                  0.15    0.00    0.00   clock sclk (rise edge)
                          0.00    0.00   clock network delay (ideal)
                          2.00    2.00 ^ input external delay
     7    0.04    0.16    0.12    2.12 ^ reset (in)
                                         reset (net)
                  0.16    0.00    2.12 ^ _32_/RESET_B (sky130_fd_sc_hd__dfrtp_2)
                                  2.12   data arrival time

                  0.15   10.00   10.00   clock sclk (rise edge)
                          0.00   10.00   clock network delay (ideal)
                         -0.25    9.75   clock uncertainty
                          0.00    9.75   clock reconvergence pessimism
                                  9.75 ^ _32_/CLK (sky130_fd_sc_hd__dfrtp_2)
                          0.22    9.97   library recovery time
                                  9.97   data required time
-----------------------------------------------------------------------------
                                  9.97   data required time
                                 -2.12   data arrival time
-----------------------------------------------------------------------------
                                  7.85   slack (MET)


Startpoint: reset (input port clocked by sclk)
Endpoint: _33_ (recovery check against rising-edge clock sclk)
Path Group: asynchronous
Path Type: max

Fanout     Cap    Slew   Delay    Time   Description
-----------------------------------------------------------------------------
                  0.15    0.00    0.00   clock sclk (rise edge)
                          0.00    0.00   clock network delay (ideal)
                          2.00    2.00 ^ input external delay
     7    0.04    0.16    0.12    2.12 ^ reset (in)
                                         reset (net)
                  0.16    0.00    2.12 ^ _33_/RESET_B (sky130_fd_sc_hd__dfrtp_2)
                                  2.12   data arrival time

                  0.15   10.00   10.00   clock sclk (rise edge)
                          0.00   10.00   clock network delay (ideal)
                         -0.25    9.75   clock uncertainty
                          0.00    9.75   clock reconvergence pessimism
                                  9.75 ^ _33_/CLK (sky130_fd_sc_hd__dfrtp_2)
                          0.22    9.97   library recovery time
                                  9.97   data required time
-----------------------------------------------------------------------------
                                  9.97   data required time
                                 -2.12   data arrival time
-----------------------------------------------------------------------------
                                  7.85   slack (MET)


Startpoint: reset (input port clocked by sclk)
Endpoint: _34_ (recovery check against rising-edge clock sclk)
Path Group: asynchronous
Path Type: max

Fanout     Cap    Slew   Delay    Time   Description
-----------------------------------------------------------------------------
                  0.15    0.00    0.00   clock sclk (rise edge)
                          0.00    0.00   clock network delay (ideal)
                          2.00    2.00 ^ input external delay
     7    0.04    0.16    0.12    2.12 ^ reset (in)
                                         reset (net)
                  0.16    0.00    2.12 ^ _34_/RESET_B (sky130_fd_sc_hd__dfrtp_2)
                                  2.12   data arrival time

                  0.15   10.00   10.00   clock sclk (rise edge)
                          0.00   10.00   clock network delay (ideal)
                         -0.25    9.75   clock uncertainty
                          0.00    9.75   clock reconvergence pessimism
                                  9.75 ^ _34_/CLK (sky130_fd_sc_hd__dfrtp_2)
                          0.22    9.97   library recovery time
                                  9.97   data required time
-----------------------------------------------------------------------------
                                  9.97   data required time
                                 -2.12   data arrival time
-----------------------------------------------------------------------------
                                  7.85   slack (MET)



worst slack corner Typical: 7.1041
max_report_end
checks_report

===========================================================================
report_checks -unconstrained
===========================================================================
======================= Typical Corner ===================================

Startpoint: reset (input port clocked by sclk)
Endpoint: _28_ (recovery check against rising-edge clock sclk)
Path Group: asynchronous
Path Type: max

Fanout     Cap    Slew   Delay    Time   Description
-----------------------------------------------------------------------------
                  0.15    0.00    0.00   clock sclk (rise edge)
                          0.00    0.00   clock network delay (ideal)
                          2.00    2.00 ^ input external delay
     7    0.04    0.16    0.12    2.12 ^ reset (in)
                                         reset (net)
                  0.16    0.00    2.12 ^ _28_/RESET_B (sky130_fd_sc_hd__dfrtp_2)
                                  2.12   data arrival time

                  0.15   10.00   10.00   clock sclk (rise edge)
                          0.00   10.00   clock network delay (ideal)
                         -0.25    9.75   clock uncertainty
                          0.00    9.75   clock reconvergence pessimism
                                  9.75 ^ _28_/CLK (sky130_fd_sc_hd__dfrtp_2)
                          0.22    9.97   library recovery time
                                  9.97   data required time
-----------------------------------------------------------------------------
                                  9.97   data required time
                                 -2.12   data arrival time
-----------------------------------------------------------------------------
                                  7.85   slack (MET)


Startpoint: ss (input port clocked by sclk)
Endpoint: _31_ (rising edge-triggered flip-flop clocked by sclk)
Path Group: sclk
Path Type: max

Fanout     Cap    Slew   Delay    Time   Description
-----------------------------------------------------------------------------
                  0.15    0.00    0.00   clock sclk (rise edge)
                          0.00    0.00   clock network delay (ideal)
                          2.00    2.00 ^ input external delay
     7    0.03    0.15    0.11    2.11 ^ ss (in)
                                         ss (net)
                  0.15    0.00    2.11 ^ _20_/S (sky130_fd_sc_hd__mux2_2)
     1    0.00    0.05    0.36    2.47 v _20_/X (sky130_fd_sc_hd__mux2_2)
                                         _10_ (net)
                  0.05    0.00    2.47 v _21_/A (sky130_fd_sc_hd__buf_1)
     1    0.00    0.02    0.09    2.56 v _21_/X (sky130_fd_sc_hd__buf_1)
                                         _01_ (net)
                  0.02    0.00    2.56 v _31_/D (sky130_fd_sc_hd__dfrtp_2)
                                  2.56   data arrival time

                  0.15   10.00   10.00   clock sclk (rise edge)
                          0.00   10.00   clock network delay (ideal)
                         -0.25    9.75   clock uncertainty
                          0.00    9.75   clock reconvergence pessimism
                                  9.75 ^ _31_/CLK (sky130_fd_sc_hd__dfrtp_2)
                         -0.08    9.67   library setup time
                                  9.67   data required time
-----------------------------------------------------------------------------
                                  9.67   data required time
                                 -2.56   data arrival time
-----------------------------------------------------------------------------
                                  7.10   slack (MET)




===========================================================================
report_checks --slack_max -0.01
============================================================================
======================= Typical Corner ===================================

No paths found.


===========================================================================
 report_check_types -max_slew -max_cap -max_fanout -violators
============================================================================
======================= Typical Corner ===================================


max slew violations count Typical: 0
max fanout violations count Typical: 0
max cap violations count Typical: 0

===========================================================================
report_parasitic_annotation -report_unannotated
============================================================================
Found 27 unannotated drivers.
 reset
 sclk
 sdi
 ss
 _14_/X
 _15_/X
 _16_/X
 _17_/X
 _18_/X
 _19_/X
 _20_/X
 _21_/X
 _22_/X
 _23_/X
 _24_/X
 _25_/X
 _26_/X
 _27_/X
 _28_/Q
 _29_/Q
 _30_/Q
 _31_/Q
 _32_/Q
 _33_/Q
 _34_/Q
 _35_/HI
 _35_/LO
Found 0 partially unannotated drivers.

===========================================================================
max slew violation count 0
max fanout violation count 0
max cap violation count 0
============================================================================

===========================================================================
check_setup -verbose -unconstrained_endpoints -multiple_clock -no_clock -no_input_delay -loops -generated_clocks
===========================================================================
Warning: There is 1 unconstrained endpoint.
  data[7]
checks_report_end
power_report

===========================================================================
 report_power
============================================================================
======================= Typical Corner ===================================

Group                  Internal  Switching    Leakage      Total
                          Power      Power      Power      Power (Watts)
----------------------------------------------------------------
Sequential             3.05e-05   1.10e-05   7.46e-11   4.15e-05  88.2%
Combinational          4.29e-06   1.25e-06   2.20e-10   5.55e-06  11.8%
Macro                  0.00e+00   0.00e+00   0.00e+00   0.00e+00   0.0%
Pad                    0.00e+00   0.00e+00   0.00e+00   0.00e+00   0.0%
----------------------------------------------------------------
Total                  3.48e-05   1.22e-05   2.95e-10   4.70e-05 100.0%
                          74.0%      26.0%       0.0%

power_report_end
skew_report

===========================================================================
report_clock_skew
============================================================================
Clock sclk
Latency      CRPR       Skew
_28_/CLK ^
   0.05
_28_/CLK ^
   0.04      0.00       0.00

skew_report_end
summary_report

===========================================================================
report_tns
============================================================================
tns 0.00

===========================================================================
report_wns
============================================================================
wns 0.00

===========================================================================
report_worst_slack -max (Setup)
============================================================================
worst slack 7.10

===========================================================================
report_worst_slack -min (Hold)
============================================================================
worst slack 0.48
summary_report_end
area_report

===========================================================================
report_design_area
============================================================================
Design area 387 u^2 7% utilization.
area_report_end
[WARNING] Did not save OpenROAD database!
Writing SDF to '/shift/openlane/sr/runs/RUN_2023.10.27_18.18.11/results/signoff/sr.sdf'…
