Instance name, X location, Y location, Voltage
FILLER_0_26_153, 75.635, 81.6, 2.03979e-06
FILLER_0_24_153, 75.635, 76.16, 1.04174e-07
FILLER_0_22_153, 75.635, 70.72, 6.45653e-08
FILLER_0_20_153, 75.635, 65.28, 2.52485e-08
FILLER_0_18_153, 75.635, 59.84, 2.62458e-11
FILLER_0_16_153, 75.635, 54.4, 2.86232e-11
FILLER_0_14_153, 75.635, 48.96, 2.96295e-11
FILLER_0_12_153, 75.635, 43.52, 2.92683e-11
FILLER_0_10_153, 75.635, 38.08, 2.90201e-11
FILLER_0_8_153, 75.635, 32.64, 2.76502e-11
FILLER_0_6_153, 75.635, 27.2, 1.89768e-07
FILLER_0_4_153, 75.635, 21.76, 6.24499e-06
FILLER_0_2_153, 75.635, 16.32, 1.57734e-05
input2, 56.545, 81.6, 1.04364e-06
_25_, 56.545, 16.32, 4.06404e-05
output8, 56.545, 10.88, 2.56444e-05
output9, 56.545, 10.88, 2.56444e-05
hold5, 56.545, 10.88, 2.56444e-05
FILLER_0_0_113, 56.545, 10.88, 2.56444e-05
FILLER_0_1_107, 56.545, 10.88, 2.56444e-05
FILLER_0_5_69, 37.455, 27.2, 1.83815e-06
_19_, 37.455, 21.76, 4.65658e-05
_20_, 37.455, 21.76, 4.65658e-05
clkbuf_0_sclk, 37.455, 21.76, 4.65658e-05
FILLER_0_4_65, 37.455, 21.76, 4.65658e-05
_31_, 37.455, 16.32, 6.93583e-05
_32_, 37.455, 16.32, 6.93583e-05
_21_, 37.455, 10.88, 3.47656e-05
output6, 37.455, 10.88, 3.47656e-05
output7, 37.455, 10.88, 3.47656e-05
_14_, 18.365, 16.32, 4.89058e-05
_28_, 18.365, 10.88, 4.65579e-05
_30_, 18.365, 10.88, 4.65579e-05
output5, 18.365, 10.88, 4.65579e-05
hold1, 18.365, 10.88, 4.65579e-05
PHY_EDGE_ROW_27_Left_55, 5.52, 87.04, 1.38688e-07
PHY_EDGE_ROW_27_Right_27, 81.88, 87.04, 1.51898e-07
PHY_EDGE_ROW_25_Left_53, 5.52, 81.6, 3.85653e-06
PHY_EDGE_ROW_26_Left_54, 5.52, 81.6, 3.85653e-06
FILLER_0_27_3, 5.52, 81.6, 3.85653e-06
PHY_EDGE_ROW_25_Right_25, 81.88, 81.6, 2.32255e-06
PHY_EDGE_ROW_26_Right_26, 81.88, 81.6, 2.32255e-06
input3, 9.66, 81.6, 3.85652e-06
FILLER_0_27_19, 15.18, 81.6, 2.59741e-06
FILLER_0_26_77, 40.02, 81.6, 8.16187e-07
FILLER_0_27_81, 45.54, 81.6, 8.9217e-07
FILLER_0_27_97, 51.06, 81.6, 9.68148e-07
FILLER_0_26_133, 65.78, 81.6, 1.52555e-06
FILLER_0_27_137, 65.78, 81.6, 1.52555e-06
input1, 76.82, 81.6, 2.32254e-06
FILLER_0_27_160, 76.82, 81.6, 2.32254e-06
FILLER_0_27_53, 32.66, 81.6, 1.05467e-06
PHY_EDGE_ROW_23_Left_51, 5.52, 76.16, 9.51308e-08
PHY_EDGE_ROW_24_Left_52, 5.52, 76.16, 9.51308e-08
PHY_EDGE_ROW_23_Right_23, 81.88, 76.16, 1.04185e-07
PHY_EDGE_ROW_24_Right_24, 81.88, 76.16, 1.04185e-07
FILLER_0_24_77, 40.02, 76.16, 6.93926e-08
FILLER_0_24_133, 65.78, 76.16, 8.95291e-08
FILLER_0_25_51, 27.14, 76.16, 8.28339e-08
FILLER_0_25_105, 52.9, 76.16, 7.43873e-08
PHY_EDGE_ROW_21_Left_49, 5.52, 70.72, 5.89928e-08
PHY_EDGE_ROW_22_Left_50, 5.52, 70.72, 5.89928e-08
PHY_EDGE_ROW_21_Right_21, 81.88, 70.72, 6.45758e-08
PHY_EDGE_ROW_22_Right_22, 81.88, 70.72, 6.45758e-08
FILLER_0_22_77, 40.02, 70.72, 4.33663e-08
FILLER_0_22_133, 65.78, 70.72, 5.56451e-08
FILLER_0_23_51, 27.14, 70.72, 5.15218e-08
FILLER_0_23_105, 52.9, 70.72, 4.64178e-08
PHY_EDGE_ROW_19_Left_47, 5.52, 65.28, 2.30859e-08
PHY_EDGE_ROW_20_Left_48, 5.52, 65.28, 2.30859e-08
PHY_EDGE_ROW_19_Right_19, 81.88, 65.28, 2.5259e-08
PHY_EDGE_ROW_20_Right_20, 81.88, 65.28, 2.5259e-08
FILLER_0_20_77, 40.02, 65.28, 1.70351e-08
FILLER_0_20_133, 65.78, 65.28, 2.1795e-08
FILLER_0_21_51, 27.14, 65.28, 2.01875e-08
FILLER_0_21_105, 52.9, 65.28, 1.82191e-08
PHY_EDGE_ROW_17_Left_45, 5.52, 59.84, 4.21378e-11
PHY_EDGE_ROW_18_Left_46, 5.52, 59.84, 4.21378e-11
PHY_EDGE_ROW_17_Right_17, 81.88, 59.84, 3.67843e-11
PHY_EDGE_ROW_18_Right_18, 81.88, 59.84, 3.67843e-11
FILLER_0_18_77, 40.02, 59.84, 1.88166e-11
FILLER_0_18_133, 65.78, 59.84, 2.57065e-11
FILLER_0_19_51, 27.14, 59.84, 2.25923e-11
FILLER_0_19_105, 52.9, 59.84, 2.01166e-11
PHY_EDGE_ROW_15_Left_43, 5.52, 54.4, 4.41032e-11
PHY_EDGE_ROW_16_Left_44, 5.52, 54.4, 4.41032e-11
PHY_EDGE_ROW_15_Right_15, 81.88, 54.4, 3.91617e-11
PHY_EDGE_ROW_16_Right_16, 81.88, 54.4, 3.91617e-11
FILLER_0_16_77, 40.02, 54.4, 2.06448e-11
FILLER_0_16_133, 65.78, 54.4, 2.7856e-11
FILLER_0_17_51, 27.14, 54.4, 2.44869e-11
FILLER_0_17_105, 52.9, 54.4, 2.20287e-11
PHY_EDGE_ROW_13_Left_41, 5.52, 48.96, 4.49362e-11
PHY_EDGE_ROW_14_Left_42, 5.52, 48.96, 4.49362e-11
PHY_EDGE_ROW_13_Right_13, 81.88, 48.96, 4.01681e-11
PHY_EDGE_ROW_14_Right_14, 81.88, 48.96, 4.01681e-11
FILLER_0_14_77, 40.02, 48.96, 2.14209e-11
FILLER_0_14_133, 65.78, 48.96, 2.8767e-11
FILLER_0_15_51, 27.14, 48.96, 2.52905e-11
FILLER_0_15_105, 52.9, 48.96, 2.28404e-11
PHY_EDGE_ROW_11_Left_39, 5.52, 43.52, 4.46375e-11
PHY_EDGE_ROW_12_Left_40, 5.52, 43.52, 4.46375e-11
PHY_EDGE_ROW_11_Right_11, 81.88, 43.52, 3.98068e-11
PHY_EDGE_ROW_12_Right_12, 81.88, 43.52, 3.98068e-11
FILLER_0_12_77, 40.02, 43.52, 2.11431e-11
FILLER_0_12_133, 65.78, 43.52, 2.84404e-11
FILLER_0_13_51, 27.14, 43.52, 2.50026e-11
FILLER_0_13_105, 52.9, 43.52, 2.25498e-11
PHY_EDGE_ROW_9_Left_37, 5.52, 38.08, 4.44316e-11
PHY_EDGE_ROW_10_Left_38, 5.52, 38.08, 4.44316e-11
PHY_EDGE_ROW_9_Right_9, 81.88, 38.08, 3.95586e-11
PHY_EDGE_ROW_10_Right_10, 81.88, 38.08, 3.95586e-11
FILLER_0_10_77, 40.02, 38.08, 2.09506e-11
FILLER_0_10_133, 65.78, 38.08, 2.82151e-11
FILLER_0_11_51, 27.14, 38.08, 2.48036e-11
FILLER_0_11_105, 52.9, 38.08, 2.23486e-11
PHY_EDGE_ROW_7_Left_35, 5.52, 32.64, 4.32986e-11
PHY_EDGE_ROW_8_Left_36, 5.52, 32.64, 4.32986e-11
PHY_EDGE_ROW_7_Right_7, 81.88, 32.64, 3.81888e-11
PHY_EDGE_ROW_8_Right_8, 81.88, 32.64, 3.81888e-11
FILLER_0_8_77, 40.02, 32.64, 1.98959e-11
FILLER_0_8_133, 65.78, 32.64, 2.6976e-11
FILLER_0_9_51, 27.14, 32.64, 2.3711e-11
FILLER_0_9_105, 52.9, 32.64, 2.12455e-11
PHY_EDGE_ROW_5_Left_33, 5.52, 27.2, 1.419e-06
PHY_EDGE_ROW_6_Left_34, 5.52, 27.2, 1.419e-06
PHY_EDGE_ROW_5_Right_5, 81.88, 27.2, 1.89778e-07
PHY_EDGE_ROW_6_Right_6, 81.88, 27.2, 1.89778e-07
FILLER_0_6_133, 65.78, 27.2, 3.76699e-07
hold3, 27.14, 27.2, 2.66373e-06
FILLER_0_7_51, 27.14, 27.2, 2.66373e-06
hold4, 38.18, 27.2, 1.91335e-06
FILLER_0_6_77, 38.18, 27.2, 1.91335e-06
FILLER_0_5_105, 52.9, 27.2, 8.22089e-07
FILLER_0_7_105, 52.9, 27.2, 8.22089e-07
PHY_EDGE_ROW_3_Left_31, 5.52, 21.76, 2.74846e-05
PHY_EDGE_ROW_4_Left_32, 5.52, 21.76, 2.74846e-05
PHY_EDGE_ROW_3_Right_3, 81.88, 21.76, 6.245e-06
PHY_EDGE_ROW_4_Right_4, 81.88, 21.76, 6.245e-06
_15_, 21.62, 21.76, 3.4767e-05
_29_, 21.62, 21.76, 3.4767e-05
FILLER_0_5_39, 21.62, 21.76, 3.4767e-05
hold2, 29.537, 21.76, 4.14674e-05
FILLER_0_5_53, 29.537, 21.76, 4.14674e-05
_26_, 46.787, 21.76, 3.19802e-05
_27_, 46.787, 21.76, 3.19802e-05
FILLER_0_4_85, 46.787, 21.76, 3.19802e-05
PHY_EDGE_ROW_1_Left_29, 5.52, 16.32, 4.89058e-05
PHY_EDGE_ROW_2_Left_30, 5.52, 16.32, 4.89058e-05
PHY_EDGE_ROW_1_Right_1, 81.88, 16.32, 1.57734e-05
PHY_EDGE_ROW_2_Right_2, 81.88, 16.32, 1.57734e-05
_16_, 27.91, 16.32, 8.52117e-05
_17_, 27.91, 16.32, 8.52117e-05
clkbuf_1_0__f_sclk, 27.91, 16.32, 8.52117e-05
_23_, 47, 16.32, 8.48336e-05
_34_, 47, 16.32, 8.48336e-05
clkbuf_1_1__f_sclk, 47, 16.32, 8.48336e-05
FILLER_0_2_85, 47, 16.32, 8.48336e-05
PHY_EDGE_ROW_0_Left_28, 5.52, 10.88, 5.42657e-05
output4, 5.52, 10.88, 5.42657e-05
PHY_EDGE_ROW_0_Right_0, 81.88, 10.88, 1.20094e-05
sr_11, 81.88, 10.88, 1.20094e-05
FILLER_0_0_21, 12.42, 10.88, 5.01253e-05
output10, 65.32, 10.88, 2.10124e-05
FILLER_0_0_136, 65.32, 10.88, 2.10124e-05
FILLER_0_1_157, 75.9, 10.88, 1.20094e-05
_18_, 27.91, 10.88, 4.22582e-05
hold6, 27.91, 10.88, 4.22582e-05
_22_, 47, 10.88, 3.68954e-05
_24_, 47, 10.88, 3.68954e-05
_33_, 47, 10.88, 3.68954e-05

