Instance name, X location, Y location, Voltage
input2, 53.245, 84.32, 1.8
FILLER_0_25_105, 53.245, 78.88, 1.8
FILLER_0_23_105, 53.245, 73.44, 1.8
FILLER_0_21_105, 53.245, 68, 1.8
FILLER_0_19_105, 53.245, 62.56, 1.8
FILLER_0_17_105, 53.245, 57.12, 1.8
FILLER_0_15_105, 53.245, 51.68, 1.8
FILLER_0_13_105, 53.245, 46.24, 1.8
FILLER_0_11_105, 53.245, 40.8, 1.8
FILLER_0_9_105, 53.245, 35.36, 1.8
FILLER_0_7_105, 53.245, 29.92, 1.8
FILLER_0_5_105, 53.245, 24.48, 1.79999
_24_, 53.245, 13.6, 1.79995
output8, 53.245, 13.6, 1.79995
hold5, 53.245, 13.6, 1.79995
FILLER_0_0_113, 53.245, 13.6, 1.79995
FILLER_0_1_107, 53.245, 13.6, 1.79995
_19_, 34.155, 24.48, 1.79999
FILLER_0_5_53, 34.155, 24.48, 1.79999
_31_, 34.155, 19.04, 1.79994
clkbuf_0_sclk, 34.155, 19.04, 1.79994
hold2, 34.155, 19.04, 1.79994
_18_, 34.155, 13.6, 1.79991
_21_, 34.155, 13.6, 1.79991
_32_, 34.155, 13.6, 1.79991
output7, 34.155, 13.6, 1.79991
hold6, 34.155, 13.6, 1.79991
FILLER_0_27_19, 15.065, 84.32, 1.8
PHY_EDGE_ROW_26_Left_54, 5.52, 84.32, 1.8
PHY_EDGE_ROW_27_Left_55, 5.52, 84.32, 1.8
FILLER_0_27_3, 5.52, 84.32, 1.8
PHY_EDGE_ROW_26_Right_26, 81.88, 84.32, 1.8
PHY_EDGE_ROW_27_Right_27, 81.88, 84.32, 1.8
FILLER_0_27_160, 81.88, 84.32, 1.8
input3, 9.66, 84.32, 1.8
FILLER_0_27_53, 32.66, 84.32, 1.8
FILLER_0_27_97, 47.38, 84.32, 1.8
input1, 73.14, 84.32, 1.8
FILLER_0_27_81, 40.02, 84.32, 1.8
FILLER_0_27_137, 65.78, 84.32, 1.8
PHY_EDGE_ROW_24_Left_52, 5.52, 78.88, 1.8
PHY_EDGE_ROW_25_Left_53, 5.52, 78.88, 1.8
PHY_EDGE_ROW_24_Right_24, 81.88, 78.88, 1.8
PHY_EDGE_ROW_25_Right_25, 81.88, 78.88, 1.8
FILLER_0_25_51, 27.14, 78.88, 1.8
FILLER_0_26_77, 40.02, 78.88, 1.8
FILLER_0_26_133, 65.78, 78.88, 1.8
FILLER_0_26_153, 76.82, 78.88, 1.8
PHY_EDGE_ROW_22_Left_50, 5.52, 73.44, 1.8
PHY_EDGE_ROW_23_Left_51, 5.52, 73.44, 1.8
PHY_EDGE_ROW_22_Right_22, 81.88, 73.44, 1.8
PHY_EDGE_ROW_23_Right_23, 81.88, 73.44, 1.8
FILLER_0_23_51, 27.14, 73.44, 1.8
FILLER_0_24_77, 40.02, 73.44, 1.8
FILLER_0_24_133, 65.78, 73.44, 1.8
FILLER_0_24_153, 76.82, 73.44, 1.8
PHY_EDGE_ROW_20_Left_48, 5.52, 68, 1.8
PHY_EDGE_ROW_21_Left_49, 5.52, 68, 1.8
PHY_EDGE_ROW_20_Right_20, 81.88, 68, 1.8
PHY_EDGE_ROW_21_Right_21, 81.88, 68, 1.8
FILLER_0_21_51, 27.14, 68, 1.8
FILLER_0_22_77, 40.02, 68, 1.8
FILLER_0_22_133, 65.78, 68, 1.8
FILLER_0_22_153, 76.82, 68, 1.8
PHY_EDGE_ROW_18_Left_46, 5.52, 62.56, 1.8
PHY_EDGE_ROW_19_Left_47, 5.52, 62.56, 1.8
PHY_EDGE_ROW_18_Right_18, 81.88, 62.56, 1.8
PHY_EDGE_ROW_19_Right_19, 81.88, 62.56, 1.8
FILLER_0_19_51, 27.14, 62.56, 1.8
FILLER_0_20_77, 40.02, 62.56, 1.8
FILLER_0_20_133, 65.78, 62.56, 1.8
FILLER_0_20_153, 76.82, 62.56, 1.8
PHY_EDGE_ROW_16_Left_44, 5.52, 57.12, 1.8
PHY_EDGE_ROW_17_Left_45, 5.52, 57.12, 1.8
PHY_EDGE_ROW_16_Right_16, 81.88, 57.12, 1.8
PHY_EDGE_ROW_17_Right_17, 81.88, 57.12, 1.8
FILLER_0_17_51, 27.14, 57.12, 1.8
FILLER_0_18_77, 40.02, 57.12, 1.8
FILLER_0_18_133, 65.78, 57.12, 1.8
FILLER_0_18_153, 76.82, 57.12, 1.8
PHY_EDGE_ROW_14_Left_42, 5.52, 51.68, 1.8
PHY_EDGE_ROW_15_Left_43, 5.52, 51.68, 1.8
PHY_EDGE_ROW_14_Right_14, 81.88, 51.68, 1.8
PHY_EDGE_ROW_15_Right_15, 81.88, 51.68, 1.8
FILLER_0_15_51, 27.14, 51.68, 1.8
FILLER_0_16_77, 40.02, 51.68, 1.8
FILLER_0_16_133, 65.78, 51.68, 1.8
FILLER_0_16_153, 76.82, 51.68, 1.8
PHY_EDGE_ROW_12_Left_40, 5.52, 46.24, 1.8
PHY_EDGE_ROW_13_Left_41, 5.52, 46.24, 1.8
PHY_EDGE_ROW_12_Right_12, 81.88, 46.24, 1.8
PHY_EDGE_ROW_13_Right_13, 81.88, 46.24, 1.8
FILLER_0_13_51, 27.14, 46.24, 1.8
FILLER_0_14_77, 40.02, 46.24, 1.8
FILLER_0_14_133, 65.78, 46.24, 1.8
FILLER_0_14_153, 76.82, 46.24, 1.8
PHY_EDGE_ROW_10_Left_38, 5.52, 40.8, 1.8
PHY_EDGE_ROW_11_Left_39, 5.52, 40.8, 1.8
PHY_EDGE_ROW_10_Right_10, 81.88, 40.8, 1.8
PHY_EDGE_ROW_11_Right_11, 81.88, 40.8, 1.8
FILLER_0_11_51, 27.14, 40.8, 1.8
FILLER_0_12_77, 40.02, 40.8, 1.8
FILLER_0_12_133, 65.78, 40.8, 1.8
FILLER_0_12_153, 76.82, 40.8, 1.8
PHY_EDGE_ROW_8_Left_36, 5.52, 35.36, 1.8
PHY_EDGE_ROW_9_Left_37, 5.52, 35.36, 1.8
PHY_EDGE_ROW_8_Right_8, 81.88, 35.36, 1.8
PHY_EDGE_ROW_9_Right_9, 81.88, 35.36, 1.8
FILLER_0_9_51, 27.14, 35.36, 1.8
FILLER_0_10_77, 40.02, 35.36, 1.8
FILLER_0_10_133, 65.78, 35.36, 1.8
FILLER_0_10_153, 76.82, 35.36, 1.8
PHY_EDGE_ROW_6_Left_34, 5.52, 29.92, 1.8
PHY_EDGE_ROW_7_Left_35, 5.52, 29.92, 1.8
PHY_EDGE_ROW_6_Right_6, 81.88, 29.92, 1.8
PHY_EDGE_ROW_7_Right_7, 81.88, 29.92, 1.8
FILLER_0_7_51, 27.14, 29.92, 1.8
FILLER_0_6_77, 40.02, 29.92, 1.8
FILLER_0_8_77, 40.02, 29.92, 1.8
FILLER_0_8_133, 65.78, 29.92, 1.8
FILLER_0_8_153, 76.82, 29.92, 1.8
PHY_EDGE_ROW_4_Left_32, 5.52, 24.48, 1.79999
PHY_EDGE_ROW_5_Left_33, 5.52, 24.48, 1.79999
PHY_EDGE_ROW_4_Right_4, 81.88, 24.48, 1.8
PHY_EDGE_ROW_5_Right_5, 81.88, 24.48, 1.8
_29_, 21.62, 24.48, 1.79998
hold3, 21.62, 24.48, 1.79998
FILLER_0_5_39, 21.62, 24.48, 1.79998
FILLER_0_6_133, 67.16, 24.48, 1.8
_20_, 34.5, 24.48, 1.79999
hold4, 34.5, 24.48, 1.79999
FILLER_0_4_65, 34.5, 24.48, 1.79999
FILLER_0_5_69, 34.5, 24.48, 1.79999
FILLER_0_4_85, 45.54, 24.48, 1.79999
_26_, 51.06, 24.48, 1.79999
FILLER_0_6_153, 76.82, 24.48, 1.8
PHY_EDGE_ROW_2_Left_30, 5.52, 19.04, 1.79997
PHY_EDGE_ROW_3_Left_31, 5.52, 19.04, 1.79997
PHY_EDGE_ROW_2_Right_2, 81.88, 19.04, 1.79999
PHY_EDGE_ROW_3_Right_3, 81.88, 19.04, 1.79999
_14_, 20.7, 19.04, 1.79996
_15_, 20.7, 19.04, 1.79996
_16_, 20.7, 19.04, 1.79996
_17_, 20.7, 19.04, 1.79996
_25_, 60.26, 19.04, 1.79998
FILLER_0_4_153, 76.82, 19.04, 1.79999
_23_, 43.7, 19.04, 1.79995
_27_, 43.7, 19.04, 1.79995
_34_, 43.7, 19.04, 1.79995
PHY_EDGE_ROW_0_Left_28, 5.52, 13.6, 1.79992
PHY_EDGE_ROW_1_Left_29, 5.52, 13.6, 1.79992
output4, 5.52, 13.6, 1.79992
PHY_EDGE_ROW_0_Right_0, 81.88, 13.6, 1.79998
PHY_EDGE_ROW_1_Right_1, 81.88, 13.6, 1.79998
sr_11, 81.88, 13.6, 1.79998
FILLER_0_1_157, 75.9, 13.6, 1.79998
FILLER_0_2_153, 75.9, 13.6, 1.79998
output5, 15.18, 13.6, 1.79993
hold1, 15.18, 13.6, 1.79993
FILLER_0_0_21, 15.18, 13.6, 1.79993
output9, 63.94, 13.6, 1.79996
output10, 69.46, 13.6, 1.79997
FILLER_0_0_136, 69.46, 13.6, 1.79997
_28_, 24.667, 13.6, 1.79988
_30_, 24.667, 13.6, 1.79988
clkbuf_1_0__f_sclk, 24.667, 13.6, 1.79988
_22_, 43.7, 13.6, 1.7999
_33_, 43.7, 13.6, 1.7999
output6, 43.7, 13.6, 1.7999
clkbuf_1_1__f_sclk, 43.7, 13.6, 1.7999
FILLER_0_2_85, 43.7, 13.6, 1.7999

